{
  "uid" : "426cd93975a322a1",
  "name" : "Test Authentication",
  "fullName" : "tests.test_auth_with_selene#test_login",
  "historyId" : "1a4d25bb59994fd792df79773c4c040e",
  "time" : {
    "start" : 1719331621603,
    "stop" : 1719331622216,
    "duration" : 613
  },
  "description" : "This test attempts to log into the website using a login and a password. Fails if any error happens.\n\nNote that this test does not test 2-Factor Authentication.",
  "descriptionHtml" : "<p>This test attempts to log into the website using a login and a password. Fails if any error happens.</p>\n<p>Note that this test does not test 2-Factor Authentication.</p>\n",
  "status" : "broken",
  "statusMessage" : "selenium.common.exceptions.SessionNotCreatedException: Message: session not created: Chrome failed to start: exited normally.\n  (session not created: DevToolsActivePort file doesn't exist)\n  (The process started from chrome location /usr/bin/google-chrome is no longer running, so ChromeDriver is assuming that Chrome has crashed.)\nStacktrace:\n#0 0x5574f39636aa <unknown>\n#1 0x5574f36460dc <unknown>\n#2 0x5574f367b02a <unknown>\n#3 0x5574f367743b <unknown>\n#4 0x5574f36c1ef9 <unknown>\n#5 0x5574f36b5613 <unknown>\n#6 0x5574f36854f7 <unknown>\n#7 0x5574f3685e4e <unknown>\n#8 0x5574f392987b <unknown>\n#9 0x5574f392d921 <unknown>\n#10 0x5574f391536e <unknown>\n#11 0x5574f392e482 <unknown>\n#12 0x5574f38f9ccf <unknown>\n#13 0x5574f39530a8 <unknown>\n#14 0x5574f3953280 <unknown>\n#15 0x5574f39627dc <unknown>\n#16 0x7f9590494ac3 <unknown>",
  "statusTrace" : "browser_management = None, fake_login = 'Natalie Rivera'\nfake_password = 'Find usually our. Save hospital partner college order her. Hand camera each throughout author few.\\nMeasure phone produce term. Situation bring stay give so partner.'\n\n    @allure.title(\"Test Authentication\")\n    @allure.description(\n        \"This test attempts to log into the website using a login and a password. Fails if any error happens.\\n\\nNote that this test does not test 2-Factor Authentication.\"\n    )\n    @allure.tag(\"NewUI\", \"Essentials\", \"Authentication\")\n    @allure.severity(allure.severity_level.CRITICAL)\n    @allure.label(\"owner\", \"John Doe\")\n    @allure.link(base_url, name=\"Website\")\n    @allure.issue(\"AUTH-123\")\n    @allure.testcase(\"TMS-456\")\n    @speed_test\n    def test_login(browser_management, fake_login, fake_password):\n    \n        with allure.step(\"Открыть главную страницу\"):\n>           auth_with_selene.visit(base_url)\n\ntests/test_auth_with_selene.py:21: \n_ _ _ _ _ _ _ _ _ _ _ _ _ _ _ _ _ _ _ _ _ _ _ _ _ _ _ _ _ _ _ _ _ _ _ _ _ _ _ _ \npages/auth_with_selene.py:6: in visit\n    browser.open(url)\n/opt/hostedtoolcache/Python/3.11.9/x64/lib/python3.11/site-packages/selene/core/_browser.py:93: in open\n    self.config._executor.get_url(relative_or_absolute_url)\n/opt/hostedtoolcache/Python/3.11.9/x64/lib/python3.11/site-packages/selene/core/configuration.py:263: in get_url\n    self.config._driver_get_url_strategy(self.config)(url)\n/opt/hostedtoolcache/Python/3.11.9/x64/lib/python3.11/site-packages/selene/core/configuration.py:178: in get\n    driver = config.driver\n/opt/hostedtoolcache/Python/3.11.9/x64/lib/python3.11/site-packages/selene/core/configuration.py:305: in __get__\n    driver = config.build_driver_strategy(config)\n/opt/hostedtoolcache/Python/3.11.9/x64/lib/python3.11/site-packages/selene/core/configuration.py:129: in _build_local_driver_by_name_or_remote_by_url_and_options\n    return {  # type: ignore\n/opt/hostedtoolcache/Python/3.11.9/x64/lib/python3.11/site-packages/selene/core/configuration.py:66: in build_chrome\n    return Chrome(\n/opt/hostedtoolcache/Python/3.11.9/x64/lib/python3.11/site-packages/selenium/webdriver/chrome/webdriver.py:45: in __init__\n    super().__init__(\n/opt/hostedtoolcache/Python/3.11.9/x64/lib/python3.11/site-packages/selenium/webdriver/chromium/webdriver.py:66: in __init__\n    super().__init__(command_executor=executor, options=options)\n/opt/hostedtoolcache/Python/3.11.9/x64/lib/python3.11/site-packages/selenium/webdriver/remote/webdriver.py:208: in __init__\n    self.start_session(capabilities)\n/opt/hostedtoolcache/Python/3.11.9/x64/lib/python3.11/site-packages/selenium/webdriver/remote/webdriver.py:292: in start_session\n    response = self.execute(Command.NEW_SESSION, caps)[\"value\"]\n/opt/hostedtoolcache/Python/3.11.9/x64/lib/python3.11/site-packages/selenium/webdriver/remote/webdriver.py:347: in execute\n    self.error_handler.check_response(response)\n_ _ _ _ _ _ _ _ _ _ _ _ _ _ _ _ _ _ _ _ _ _ _ _ _ _ _ _ _ _ _ _ _ _ _ _ _ _ _ _ \n\nself = <selenium.webdriver.remote.errorhandler.ErrorHandler object at 0x7f01a06ac250>\nresponse = {'status': 500, 'value': '{\"value\":{\"error\":\"session not created\",\"message\":\"session not created: Chrome failed to sta...\\\\n#14 0x5574f3953280 \\\\u003Cunknown>\\\\n#15 0x5574f39627dc \\\\u003Cunknown>\\\\n#16 0x7f9590494ac3 \\\\u003Cunknown>\\\\n\"}}'}\n\n    def check_response(self, response: Dict[str, Any]) -> None:\n        \"\"\"Checks that a JSON response from the WebDriver does not have an\n        error.\n    \n        :Args:\n         - response - The JSON response from the WebDriver server as a dictionary\n           object.\n    \n        :Raises: If the response contains an error message.\n        \"\"\"\n        status = response.get(\"status\", None)\n        if not status or status == ErrorCode.SUCCESS:\n            return\n        value = None\n        message = response.get(\"message\", \"\")\n        screen: str = response.get(\"screen\", \"\")\n        stacktrace = None\n        if isinstance(status, int):\n            value_json = response.get(\"value\", None)\n            if value_json and isinstance(value_json, str):\n                import json\n    \n                try:\n                    value = json.loads(value_json)\n                    if len(value) == 1:\n                        value = value[\"value\"]\n                    status = value.get(\"error\", None)\n                    if not status:\n                        status = value.get(\"status\", ErrorCode.UNKNOWN_ERROR)\n                        message = value.get(\"value\") or value.get(\"message\")\n                        if not isinstance(message, str):\n                            value = message\n                            message = message.get(\"message\")\n                    else:\n                        message = value.get(\"message\", None)\n                except ValueError:\n                    pass\n    \n        exception_class: Type[WebDriverException]\n        e = ErrorCode()\n        error_codes = [item for item in dir(e) if not item.startswith(\"__\")]\n        for error_code in error_codes:\n            error_info = getattr(ErrorCode, error_code)\n            if isinstance(error_info, list) and status in error_info:\n                exception_class = getattr(ExceptionMapping, error_code, WebDriverException)\n                break\n        else:\n            exception_class = WebDriverException\n    \n        if not value:\n            value = response[\"value\"]\n        if isinstance(value, str):\n            raise exception_class(value)\n        if message == \"\" and \"message\" in value:\n            message = value[\"message\"]\n    \n        screen = None  # type: ignore[assignment]\n        if \"screen\" in value:\n            screen = value[\"screen\"]\n    \n        stacktrace = None\n        st_value = value.get(\"stackTrace\") or value.get(\"stacktrace\")\n        if st_value:\n            if isinstance(st_value, str):\n                stacktrace = st_value.split(\"\\n\")\n            else:\n                stacktrace = []\n                try:\n                    for frame in st_value:\n                        line = frame.get(\"lineNumber\", \"\")\n                        file = frame.get(\"fileName\", \"<anonymous>\")\n                        if line:\n                            file = f\"{file}:{line}\"\n                        meth = frame.get(\"methodName\", \"<anonymous>\")\n                        if \"className\" in frame:\n                            meth = f\"{frame['className']}.{meth}\"\n                        msg = \"    at %s (%s)\"\n                        msg = msg % (meth, file)\n                        stacktrace.append(msg)\n                except TypeError:\n                    pass\n        if exception_class == UnexpectedAlertPresentException:\n            alert_text = None\n            if \"data\" in value:\n                alert_text = value[\"data\"].get(\"text\")\n            elif \"alert\" in value:\n                alert_text = value[\"alert\"].get(\"text\")\n            raise exception_class(message, screen, stacktrace, alert_text)  # type: ignore[call-arg]  # mypy is not smart enough here\n>       raise exception_class(message, screen, stacktrace)\nE       selenium.common.exceptions.SessionNotCreatedException: Message: session not created: Chrome failed to start: exited normally.\nE         (session not created: DevToolsActivePort file doesn't exist)\nE         (The process started from chrome location /usr/bin/google-chrome is no longer running, so ChromeDriver is assuming that Chrome has crashed.)\nE       Stacktrace:\nE       #0 0x5574f39636aa <unknown>\nE       #1 0x5574f36460dc <unknown>\nE       #2 0x5574f367b02a <unknown>\nE       #3 0x5574f367743b <unknown>\nE       #4 0x5574f36c1ef9 <unknown>\nE       #5 0x5574f36b5613 <unknown>\nE       #6 0x5574f36854f7 <unknown>\nE       #7 0x5574f3685e4e <unknown>\nE       #8 0x5574f392987b <unknown>\nE       #9 0x5574f392d921 <unknown>\nE       #10 0x5574f391536e <unknown>\nE       #11 0x5574f392e482 <unknown>\nE       #12 0x5574f38f9ccf <unknown>\nE       #13 0x5574f39530a8 <unknown>\nE       #14 0x5574f3953280 <unknown>\nE       #15 0x5574f39627dc <unknown>\nE       #16 0x7f9590494ac3 <unknown>\n\n/opt/hostedtoolcache/Python/3.11.9/x64/lib/python3.11/site-packages/selenium/webdriver/remote/errorhandler.py:229: SessionNotCreatedException",
  "flaky" : false,
  "newFailed" : false,
  "beforeStages" : [ {
    "name" : "fake_login",
    "time" : {
      "start" : 1719331621571,
      "stop" : 1719331621587,
      "duration" : 16
    },
    "status" : "passed",
    "steps" : [ ],
    "attachments" : [ ],
    "parameters" : [ ],
    "stepsCount" : 0,
    "attachmentsCount" : 0,
    "shouldDisplayMessage" : false,
    "hasContent" : false
  }, {
    "name" : "_session_faker",
    "time" : {
      "start" : 1719331611247,
      "stop" : 1719331611310,
      "duration" : 63
    },
    "status" : "passed",
    "steps" : [ ],
    "attachments" : [ ],
    "parameters" : [ ],
    "stepsCount" : 0,
    "attachmentsCount" : 0,
    "shouldDisplayMessage" : false,
    "hasContent" : false
  }, {
    "name" : "chrome_options",
    "time" : {
      "start" : 1719331621570,
      "stop" : 1719331621571,
      "duration" : 1
    },
    "status" : "passed",
    "steps" : [ ],
    "attachments" : [ ],
    "parameters" : [ ],
    "stepsCount" : 0,
    "attachmentsCount" : 0,
    "shouldDisplayMessage" : false,
    "hasContent" : false
  }, {
    "name" : "fake_password",
    "time" : {
      "start" : 1719331621587,
      "stop" : 1719331621603,
      "duration" : 16
    },
    "status" : "passed",
    "steps" : [ ],
    "attachments" : [ ],
    "parameters" : [ ],
    "stepsCount" : 0,
    "attachmentsCount" : 0,
    "shouldDisplayMessage" : false,
    "hasContent" : false
  }, {
    "name" : "browser_management",
    "time" : {
      "start" : 1719331621571,
      "stop" : 1719331621571,
      "duration" : 0
    },
    "status" : "passed",
    "steps" : [ ],
    "attachments" : [ ],
    "parameters" : [ ],
    "stepsCount" : 0,
    "attachmentsCount" : 0,
    "shouldDisplayMessage" : false,
    "hasContent" : false
  } ],
  "testStage" : {
    "description" : "This test attempts to log into the website using a login and a password. Fails if any error happens.\n\nNote that this test does not test 2-Factor Authentication.",
    "status" : "broken",
    "statusMessage" : "selenium.common.exceptions.SessionNotCreatedException: Message: session not created: Chrome failed to start: exited normally.\n  (session not created: DevToolsActivePort file doesn't exist)\n  (The process started from chrome location /usr/bin/google-chrome is no longer running, so ChromeDriver is assuming that Chrome has crashed.)\nStacktrace:\n#0 0x5574f39636aa <unknown>\n#1 0x5574f36460dc <unknown>\n#2 0x5574f367b02a <unknown>\n#3 0x5574f367743b <unknown>\n#4 0x5574f36c1ef9 <unknown>\n#5 0x5574f36b5613 <unknown>\n#6 0x5574f36854f7 <unknown>\n#7 0x5574f3685e4e <unknown>\n#8 0x5574f392987b <unknown>\n#9 0x5574f392d921 <unknown>\n#10 0x5574f391536e <unknown>\n#11 0x5574f392e482 <unknown>\n#12 0x5574f38f9ccf <unknown>\n#13 0x5574f39530a8 <unknown>\n#14 0x5574f3953280 <unknown>\n#15 0x5574f39627dc <unknown>\n#16 0x7f9590494ac3 <unknown>",
    "statusTrace" : "browser_management = None, fake_login = 'Natalie Rivera'\nfake_password = 'Find usually our. Save hospital partner college order her. Hand camera each throughout author few.\\nMeasure phone produce term. Situation bring stay give so partner.'\n\n    @allure.title(\"Test Authentication\")\n    @allure.description(\n        \"This test attempts to log into the website using a login and a password. Fails if any error happens.\\n\\nNote that this test does not test 2-Factor Authentication.\"\n    )\n    @allure.tag(\"NewUI\", \"Essentials\", \"Authentication\")\n    @allure.severity(allure.severity_level.CRITICAL)\n    @allure.label(\"owner\", \"John Doe\")\n    @allure.link(base_url, name=\"Website\")\n    @allure.issue(\"AUTH-123\")\n    @allure.testcase(\"TMS-456\")\n    @speed_test\n    def test_login(browser_management, fake_login, fake_password):\n    \n        with allure.step(\"Открыть главную страницу\"):\n>           auth_with_selene.visit(base_url)\n\ntests/test_auth_with_selene.py:21: \n_ _ _ _ _ _ _ _ _ _ _ _ _ _ _ _ _ _ _ _ _ _ _ _ _ _ _ _ _ _ _ _ _ _ _ _ _ _ _ _ \npages/auth_with_selene.py:6: in visit\n    browser.open(url)\n/opt/hostedtoolcache/Python/3.11.9/x64/lib/python3.11/site-packages/selene/core/_browser.py:93: in open\n    self.config._executor.get_url(relative_or_absolute_url)\n/opt/hostedtoolcache/Python/3.11.9/x64/lib/python3.11/site-packages/selene/core/configuration.py:263: in get_url\n    self.config._driver_get_url_strategy(self.config)(url)\n/opt/hostedtoolcache/Python/3.11.9/x64/lib/python3.11/site-packages/selene/core/configuration.py:178: in get\n    driver = config.driver\n/opt/hostedtoolcache/Python/3.11.9/x64/lib/python3.11/site-packages/selene/core/configuration.py:305: in __get__\n    driver = config.build_driver_strategy(config)\n/opt/hostedtoolcache/Python/3.11.9/x64/lib/python3.11/site-packages/selene/core/configuration.py:129: in _build_local_driver_by_name_or_remote_by_url_and_options\n    return {  # type: ignore\n/opt/hostedtoolcache/Python/3.11.9/x64/lib/python3.11/site-packages/selene/core/configuration.py:66: in build_chrome\n    return Chrome(\n/opt/hostedtoolcache/Python/3.11.9/x64/lib/python3.11/site-packages/selenium/webdriver/chrome/webdriver.py:45: in __init__\n    super().__init__(\n/opt/hostedtoolcache/Python/3.11.9/x64/lib/python3.11/site-packages/selenium/webdriver/chromium/webdriver.py:66: in __init__\n    super().__init__(command_executor=executor, options=options)\n/opt/hostedtoolcache/Python/3.11.9/x64/lib/python3.11/site-packages/selenium/webdriver/remote/webdriver.py:208: in __init__\n    self.start_session(capabilities)\n/opt/hostedtoolcache/Python/3.11.9/x64/lib/python3.11/site-packages/selenium/webdriver/remote/webdriver.py:292: in start_session\n    response = self.execute(Command.NEW_SESSION, caps)[\"value\"]\n/opt/hostedtoolcache/Python/3.11.9/x64/lib/python3.11/site-packages/selenium/webdriver/remote/webdriver.py:347: in execute\n    self.error_handler.check_response(response)\n_ _ _ _ _ _ _ _ _ _ _ _ _ _ _ _ _ _ _ _ _ _ _ _ _ _ _ _ _ _ _ _ _ _ _ _ _ _ _ _ \n\nself = <selenium.webdriver.remote.errorhandler.ErrorHandler object at 0x7f01a06ac250>\nresponse = {'status': 500, 'value': '{\"value\":{\"error\":\"session not created\",\"message\":\"session not created: Chrome failed to sta...\\\\n#14 0x5574f3953280 \\\\u003Cunknown>\\\\n#15 0x5574f39627dc \\\\u003Cunknown>\\\\n#16 0x7f9590494ac3 \\\\u003Cunknown>\\\\n\"}}'}\n\n    def check_response(self, response: Dict[str, Any]) -> None:\n        \"\"\"Checks that a JSON response from the WebDriver does not have an\n        error.\n    \n        :Args:\n         - response - The JSON response from the WebDriver server as a dictionary\n           object.\n    \n        :Raises: If the response contains an error message.\n        \"\"\"\n        status = response.get(\"status\", None)\n        if not status or status == ErrorCode.SUCCESS:\n            return\n        value = None\n        message = response.get(\"message\", \"\")\n        screen: str = response.get(\"screen\", \"\")\n        stacktrace = None\n        if isinstance(status, int):\n            value_json = response.get(\"value\", None)\n            if value_json and isinstance(value_json, str):\n                import json\n    \n                try:\n                    value = json.loads(value_json)\n                    if len(value) == 1:\n                        value = value[\"value\"]\n                    status = value.get(\"error\", None)\n                    if not status:\n                        status = value.get(\"status\", ErrorCode.UNKNOWN_ERROR)\n                        message = value.get(\"value\") or value.get(\"message\")\n                        if not isinstance(message, str):\n                            value = message\n                            message = message.get(\"message\")\n                    else:\n                        message = value.get(\"message\", None)\n                except ValueError:\n                    pass\n    \n        exception_class: Type[WebDriverException]\n        e = ErrorCode()\n        error_codes = [item for item in dir(e) if not item.startswith(\"__\")]\n        for error_code in error_codes:\n            error_info = getattr(ErrorCode, error_code)\n            if isinstance(error_info, list) and status in error_info:\n                exception_class = getattr(ExceptionMapping, error_code, WebDriverException)\n                break\n        else:\n            exception_class = WebDriverException\n    \n        if not value:\n            value = response[\"value\"]\n        if isinstance(value, str):\n            raise exception_class(value)\n        if message == \"\" and \"message\" in value:\n            message = value[\"message\"]\n    \n        screen = None  # type: ignore[assignment]\n        if \"screen\" in value:\n            screen = value[\"screen\"]\n    \n        stacktrace = None\n        st_value = value.get(\"stackTrace\") or value.get(\"stacktrace\")\n        if st_value:\n            if isinstance(st_value, str):\n                stacktrace = st_value.split(\"\\n\")\n            else:\n                stacktrace = []\n                try:\n                    for frame in st_value:\n                        line = frame.get(\"lineNumber\", \"\")\n                        file = frame.get(\"fileName\", \"<anonymous>\")\n                        if line:\n                            file = f\"{file}:{line}\"\n                        meth = frame.get(\"methodName\", \"<anonymous>\")\n                        if \"className\" in frame:\n                            meth = f\"{frame['className']}.{meth}\"\n                        msg = \"    at %s (%s)\"\n                        msg = msg % (meth, file)\n                        stacktrace.append(msg)\n                except TypeError:\n                    pass\n        if exception_class == UnexpectedAlertPresentException:\n            alert_text = None\n            if \"data\" in value:\n                alert_text = value[\"data\"].get(\"text\")\n            elif \"alert\" in value:\n                alert_text = value[\"alert\"].get(\"text\")\n            raise exception_class(message, screen, stacktrace, alert_text)  # type: ignore[call-arg]  # mypy is not smart enough here\n>       raise exception_class(message, screen, stacktrace)\nE       selenium.common.exceptions.SessionNotCreatedException: Message: session not created: Chrome failed to start: exited normally.\nE         (session not created: DevToolsActivePort file doesn't exist)\nE         (The process started from chrome location /usr/bin/google-chrome is no longer running, so ChromeDriver is assuming that Chrome has crashed.)\nE       Stacktrace:\nE       #0 0x5574f39636aa <unknown>\nE       #1 0x5574f36460dc <unknown>\nE       #2 0x5574f367b02a <unknown>\nE       #3 0x5574f367743b <unknown>\nE       #4 0x5574f36c1ef9 <unknown>\nE       #5 0x5574f36b5613 <unknown>\nE       #6 0x5574f36854f7 <unknown>\nE       #7 0x5574f3685e4e <unknown>\nE       #8 0x5574f392987b <unknown>\nE       #9 0x5574f392d921 <unknown>\nE       #10 0x5574f391536e <unknown>\nE       #11 0x5574f392e482 <unknown>\nE       #12 0x5574f38f9ccf <unknown>\nE       #13 0x5574f39530a8 <unknown>\nE       #14 0x5574f3953280 <unknown>\nE       #15 0x5574f39627dc <unknown>\nE       #16 0x7f9590494ac3 <unknown>\n\n/opt/hostedtoolcache/Python/3.11.9/x64/lib/python3.11/site-packages/selenium/webdriver/remote/errorhandler.py:229: SessionNotCreatedException",
    "steps" : [ {
      "name" : "Открыть главную страницу",
      "time" : {
        "start" : 1719331621603,
        "stop" : 1719331622215,
        "duration" : 612
      },
      "status" : "broken",
      "statusMessage" : "selenium.common.exceptions.SessionNotCreatedException: Message: session not created: Chrome failed to start: exited normally.\n  (session not created: DevToolsActivePort file doesn't exist)\n  (The process started from chrome location /usr/bin/google-chrome is no longer running, so ChromeDriver is assuming that Chrome has crashed.)\nStacktrace:\n#0 0x5574f39636aa <unknown>\n#1 0x5574f36460dc <unknown>\n#2 0x5574f367b02a <unknown>\n#3 0x5574f367743b <unknown>\n#4 0x5574f36c1ef9 <unknown>\n#5 0x5574f36b5613 <unknown>\n#6 0x5574f36854f7 <unknown>\n#7 0x5574f3685e4e <unknown>\n#8 0x5574f392987b <unknown>\n#9 0x5574f392d921 <unknown>\n#10 0x5574f391536e <unknown>\n#11 0x5574f392e482 <unknown>\n#12 0x5574f38f9ccf <unknown>\n#13 0x5574f39530a8 <unknown>\n#14 0x5574f3953280 <unknown>\n#15 0x5574f39627dc <unknown>\n#16 0x7f9590494ac3 <unknown>\n\n",
      "statusTrace" : "  File \"/home/runner/work/selenium_waits/selenium_waits/tests/test_auth_with_selene.py\", line 21, in test_login\n    auth_with_selene.visit(base_url)\n  File \"/home/runner/work/selenium_waits/selenium_waits/pages/auth_with_selene.py\", line 6, in visit\n    browser.open(url)\n  File \"/opt/hostedtoolcache/Python/3.11.9/x64/lib/python3.11/site-packages/selene/core/_browser.py\", line 93, in open\n    self.config._executor.get_url(relative_or_absolute_url)\n  File \"/opt/hostedtoolcache/Python/3.11.9/x64/lib/python3.11/site-packages/selene/core/configuration.py\", line 263, in get_url\n    self.config._driver_get_url_strategy(self.config)(url)\n  File \"/opt/hostedtoolcache/Python/3.11.9/x64/lib/python3.11/site-packages/selene/core/configuration.py\", line 178, in get\n    driver = config.driver\n             ^^^^^^^^^^^^^\n  File \"/opt/hostedtoolcache/Python/3.11.9/x64/lib/python3.11/site-packages/selene/core/configuration.py\", line 305, in __get__\n    driver = config.build_driver_strategy(config)\n             ^^^^^^^^^^^^^^^^^^^^^^^^^^^^^^^^^^^^\n  File \"/opt/hostedtoolcache/Python/3.11.9/x64/lib/python3.11/site-packages/selene/core/configuration.py\", line 129, in _build_local_driver_by_name_or_remote_by_url_and_options\n    return {  # type: ignore\n           ^^^^^^^^^^^^^^^^^\n  File \"/opt/hostedtoolcache/Python/3.11.9/x64/lib/python3.11/site-packages/selene/core/configuration.py\", line 66, in build_chrome\n    return Chrome(\n           ^^^^^^^\n  File \"/opt/hostedtoolcache/Python/3.11.9/x64/lib/python3.11/site-packages/selenium/webdriver/chrome/webdriver.py\", line 45, in __init__\n    super().__init__(\n  File \"/opt/hostedtoolcache/Python/3.11.9/x64/lib/python3.11/site-packages/selenium/webdriver/chromium/webdriver.py\", line 66, in __init__\n    super().__init__(command_executor=executor, options=options)\n  File \"/opt/hostedtoolcache/Python/3.11.9/x64/lib/python3.11/site-packages/selenium/webdriver/remote/webdriver.py\", line 208, in __init__\n    self.start_session(capabilities)\n  File \"/opt/hostedtoolcache/Python/3.11.9/x64/lib/python3.11/site-packages/selenium/webdriver/remote/webdriver.py\", line 292, in start_session\n    response = self.execute(Command.NEW_SESSION, caps)[\"value\"]\n               ^^^^^^^^^^^^^^^^^^^^^^^^^^^^^^^^^^^^^^^\n  File \"/opt/hostedtoolcache/Python/3.11.9/x64/lib/python3.11/site-packages/selenium/webdriver/remote/webdriver.py\", line 347, in execute\n    self.error_handler.check_response(response)\n  File \"/opt/hostedtoolcache/Python/3.11.9/x64/lib/python3.11/site-packages/selenium/webdriver/remote/errorhandler.py\", line 229, in check_response\n    raise exception_class(message, screen, stacktrace)\n",
      "steps" : [ ],
      "attachments" : [ ],
      "parameters" : [ ],
      "stepsCount" : 0,
      "attachmentsCount" : 0,
      "shouldDisplayMessage" : true,
      "hasContent" : true
    } ],
    "attachments" : [ ],
    "parameters" : [ ],
    "stepsCount" : 1,
    "attachmentsCount" : 0,
    "shouldDisplayMessage" : true,
    "hasContent" : true
  },
  "afterStages" : [ {
    "name" : "browser_management::0",
    "time" : {
      "start" : 1719331622286,
      "stop" : 1719331622471,
      "duration" : 185
    },
    "status" : "broken",
    "statusMessage" : "selenium.common.exceptions.SessionNotCreatedException: Message: session not created: Chrome failed to start: exited normally.\n  (session not created: DevToolsActivePort file doesn't exist)\n  (The process started from chrome location /usr/bin/google-chrome is no longer running, so ChromeDriver is assuming that Chrome has crashed.)\nStacktrace:\n#0 0x55d9cc6d16aa <unknown>\n#1 0x55d9cc3b40dc <unknown>\n#2 0x55d9cc3e902a <unknown>\n#3 0x55d9cc3e543b <unknown>\n#4 0x55d9cc42fef9 <unknown>\n#5 0x55d9cc423613 <unknown>\n#6 0x55d9cc3f34f7 <unknown>\n#7 0x55d9cc3f3e4e <unknown>\n#8 0x55d9cc69787b <unknown>\n#9 0x55d9cc69b921 <unknown>\n#10 0x55d9cc68336e <unknown>\n#11 0x55d9cc69c482 <unknown>\n#12 0x55d9cc667ccf <unknown>\n#13 0x55d9cc6c10a8 <unknown>\n#14 0x55d9cc6c1280 <unknown>\n#15 0x55d9cc6d07dc <unknown>\n#16 0x7f97a1c94ac3 <unknown>\n\n",
    "statusTrace" : "  File \"/opt/hostedtoolcache/Python/3.11.9/x64/lib/python3.11/site-packages/allure_commons/_allure.py\", line 221, in __call__\n    return self._fixture_function(*args, **kwargs)\n           ^^^^^^^^^^^^^^^^^^^^^^^^^^^^^^^^^^^^^^^\n  File \"/opt/hostedtoolcache/Python/3.11.9/x64/lib/python3.11/site-packages/_pytest/fixtures.py\", line 893, in _teardown_yield_fixture\n    next(it)\n  File \"/home/runner/work/selenium_waits/selenium_waits/conftest.py\", line 63, in browser_management\n    browser.driver.get_screenshot_as_png(),\n    ^^^^^^^^^^^^^^\n  File \"/opt/hostedtoolcache/Python/3.11.9/x64/lib/python3.11/site-packages/selene/core/_browser.py\", line 34, in driver\n    return self.config.driver\n           ^^^^^^^^^^^^^^^^^^\n  File \"/opt/hostedtoolcache/Python/3.11.9/x64/lib/python3.11/site-packages/selene/core/configuration.py\", line 305, in __get__\n    driver = config.build_driver_strategy(config)\n             ^^^^^^^^^^^^^^^^^^^^^^^^^^^^^^^^^^^^\n  File \"/opt/hostedtoolcache/Python/3.11.9/x64/lib/python3.11/site-packages/selene/core/configuration.py\", line 129, in _build_local_driver_by_name_or_remote_by_url_and_options\n    return {  # type: ignore\n           ^^^^^^^^^^^^^^^^^\n  File \"/opt/hostedtoolcache/Python/3.11.9/x64/lib/python3.11/site-packages/selene/core/configuration.py\", line 66, in build_chrome\n    return Chrome(\n           ^^^^^^^\n  File \"/opt/hostedtoolcache/Python/3.11.9/x64/lib/python3.11/site-packages/selenium/webdriver/chrome/webdriver.py\", line 45, in __init__\n    super().__init__(\n  File \"/opt/hostedtoolcache/Python/3.11.9/x64/lib/python3.11/site-packages/selenium/webdriver/chromium/webdriver.py\", line 66, in __init__\n    super().__init__(command_executor=executor, options=options)\n  File \"/opt/hostedtoolcache/Python/3.11.9/x64/lib/python3.11/site-packages/selenium/webdriver/remote/webdriver.py\", line 208, in __init__\n    self.start_session(capabilities)\n  File \"/opt/hostedtoolcache/Python/3.11.9/x64/lib/python3.11/site-packages/selenium/webdriver/remote/webdriver.py\", line 292, in start_session\n    response = self.execute(Command.NEW_SESSION, caps)[\"value\"]\n               ^^^^^^^^^^^^^^^^^^^^^^^^^^^^^^^^^^^^^^^\n  File \"/opt/hostedtoolcache/Python/3.11.9/x64/lib/python3.11/site-packages/selenium/webdriver/remote/webdriver.py\", line 347, in execute\n    self.error_handler.check_response(response)\n  File \"/opt/hostedtoolcache/Python/3.11.9/x64/lib/python3.11/site-packages/selenium/webdriver/remote/errorhandler.py\", line 229, in check_response\n    raise exception_class(message, screen, stacktrace)\n",
    "steps" : [ ],
    "attachments" : [ ],
    "parameters" : [ ],
    "stepsCount" : 0,
    "attachmentsCount" : 0,
    "shouldDisplayMessage" : true,
    "hasContent" : true
  } ],
  "labels" : [ {
    "name" : "tag",
    "value" : "Authentication"
  }, {
    "name" : "tag",
    "value" : "NewUI"
  }, {
    "name" : "severity",
    "value" : "critical"
  }, {
    "name" : "owner",
    "value" : "John Doe"
  }, {
    "name" : "tag",
    "value" : "Essentials"
  }, {
    "name" : "parentSuite",
    "value" : "tests"
  }, {
    "name" : "suite",
    "value" : "test_auth_with_selene"
  }, {
    "name" : "host",
    "value" : "fv-az532-168"
  }, {
    "name" : "thread",
    "value" : "2227-MainThread"
  }, {
    "name" : "framework",
    "value" : "pytest"
  }, {
    "name" : "language",
    "value" : "cpython3"
  }, {
    "name" : "package",
    "value" : "tests.test_auth_with_selene"
  }, {
    "name" : "resultFormat",
    "value" : "allure2"
  } ],
  "parameters" : [ ],
  "links" : [ {
    "name" : "TMS-456",
    "url" : "TMS-456",
    "type" : "tms"
  }, {
    "name" : "AUTH-123",
    "url" : "AUTH-123",
    "type" : "issue"
  }, {
    "name" : "Website",
    "url" : "https://victoretc.github.io/selenium_waits/",
    "type" : "link"
  } ],
  "hidden" : false,
  "retry" : false,
  "extra" : {
    "severity" : "critical",
    "owner" : "John Doe",
    "retries" : [ {
      "uid" : "67a49d49be63a3a5",
      "status" : "passed",
      "time" : {
        "start" : 1719331476349,
        "stop" : 1719331486826,
        "duration" : 10477
      }
    }, {
      "uid" : "fa7ec04234bd6069",
      "status" : "passed",
      "time" : {
        "start" : 1719331089942,
        "stop" : 1719331100226,
        "duration" : 10284
      }
    }, {
      "uid" : "5c08d7fe6f8ba7c6",
      "status" : "broken",
      "statusDetails" : "urllib3.exceptions.LocationValueError: No host specified.",
      "time" : {
        "start" : 1719330829495,
        "stop" : 1719330829500,
        "duration" : 5
      }
    }, {
      "uid" : "743fdd88537c71b5",
      "status" : "broken",
      "statusDetails" : "urllib3.exceptions.LocationValueError: No host specified.",
      "time" : {
        "start" : 1719330737902,
        "stop" : 1719330737940,
        "duration" : 38
      }
    }, {
      "uid" : "195bd0c668cf95e4",
      "status" : "passed",
      "time" : {
        "start" : 1719330068996,
        "stop" : 1719330079469,
        "duration" : 10473
      }
    }, {
      "uid" : "d3789df94c8a1851",
      "status" : "passed",
      "time" : {
        "start" : 1719330003049,
        "stop" : 1719330013985,
        "duration" : 10936
      }
    }, {
      "uid" : "a0cefe2d38b462d7",
      "status" : "passed",
      "time" : {
        "start" : 1719329592413,
        "stop" : 1719329602749,
        "duration" : 10336
      }
    }, {
      "uid" : "2ac655749a583bbf",
      "status" : "passed",
      "time" : {
        "start" : 1719329211392,
        "stop" : 1719329221937,
        "duration" : 10545
      }
    }, {
      "uid" : "cad606f7d14ba914",
      "status" : "broken",
      "statusDetails" : "FileNotFoundError: [WinError 2] The system cannot find the file specified",
      "time" : {
        "start" : 1719329066137,
        "stop" : 1719329066137,
        "duration" : 0
      }
    }, {
      "uid" : "d0001c9296b80d8c",
      "status" : "passed",
      "time" : {
        "start" : 1719328898462,
        "stop" : 1719328908820,
        "duration" : 10358
      }
    }, {
      "uid" : "88f047f7a15770f5",
      "status" : "passed",
      "time" : {
        "start" : 1719325868376,
        "stop" : 1719325879761,
        "duration" : 11385
      }
    }, {
      "uid" : "fce21b4c2150b98",
      "status" : "passed",
      "time" : {
        "start" : 1719320775054,
        "stop" : 1719320785535,
        "duration" : 10481
      }
    }, {
      "uid" : "75c433c6be135f71",
      "status" : "passed",
      "time" : {
        "start" : 1719320544976,
        "stop" : 1719320556078,
        "duration" : 11102
      }
    }, {
      "uid" : "471dcc422b34c606",
      "status" : "passed",
      "time" : {
        "start" : 1719319547096,
        "stop" : 1719319559132,
        "duration" : 12036
      }
    }, {
      "uid" : "e6d0f77d5d16c3b5",
      "status" : "passed",
      "time" : {
        "start" : 1719151051520,
        "stop" : 1719151061897,
        "duration" : 10377
      }
    }, {
      "uid" : "ee147c30c3b3f6de",
      "status" : "passed",
      "time" : {
        "start" : 1719150830693,
        "stop" : 1719150842017,
        "duration" : 11324
      }
    }, {
      "uid" : "f3bd4f97083a06c8",
      "status" : "passed",
      "time" : {
        "start" : 1719150684754,
        "stop" : 1719150695156,
        "duration" : 10402
      }
    }, {
      "uid" : "76af3d27e1b0bd65",
      "status" : "passed",
      "time" : {
        "start" : 1719150077622,
        "stop" : 1719150087950,
        "duration" : 10328
      }
    }, {
      "uid" : "b500f83d2d3c8da6",
      "status" : "passed",
      "time" : {
        "start" : 1719128751637,
        "stop" : 1719128762000,
        "duration" : 10363
      }
    }, {
      "uid" : "a345184b220bc0bb",
      "status" : "passed",
      "time" : {
        "start" : 1719127874385,
        "stop" : 1719127884755,
        "duration" : 10370
      }
    }, {
      "uid" : "4127027e41972f5c",
      "status" : "passed",
      "time" : {
        "start" : 1719127339149,
        "stop" : 1719127347891,
        "duration" : 8742
      }
    }, {
      "uid" : "ee9c845d2c4ce03c",
      "status" : "passed",
      "time" : {
        "start" : 1719045648632,
        "stop" : 1719045657379,
        "duration" : 8747
      }
    }, {
      "uid" : "b1c40bfecfebde45",
      "status" : "passed",
      "time" : {
        "start" : 1719044895289,
        "stop" : 1719044903952,
        "duration" : 8663
      }
    }, {
      "uid" : "67e624ad494f1c1e",
      "status" : "passed",
      "time" : {
        "start" : 1719044441407,
        "stop" : 1719044450074,
        "duration" : 8667
      }
    }, {
      "uid" : "3e52b993151badfb",
      "status" : "broken",
      "statusDetails" : "AttributeError: 'Browser' object has no attribute 'implicitly_wait'",
      "time" : {
        "start" : 1719043867535,
        "stop" : 1719043867535,
        "duration" : 0
      }
    }, {
      "uid" : "bf215576e5cb59c0",
      "status" : "passed",
      "time" : {
        "start" : 1719012739838,
        "stop" : 1719012748574,
        "duration" : 8736
      }
    }, {
      "uid" : "408e329910d86ee0",
      "status" : "failed",
      "statusDetails" : "selene.core.exceptions.TimeoutException: Message: \n\nTimed out after 10s, while waiting for:\nbrowser.element(('css selector', '#login')).type: John\n\nReason: ElementNotInteractableException: element not interactable\n  (Session info: chrome=121.0.6167.140)\nScreenshot: file://C:\\Users\\Юрий\\.selene\\screenshots\\1719012484799\\1719012484799.png\nPageSource: file://C:\\Users\\Юрий\\.selene\\screenshots\\1719012484799\\1719012484799.html",
      "time" : {
        "start" : 1719012508781,
        "stop" : 1719012519251,
        "duration" : 10470
      }
    }, {
      "uid" : "b51e595ff568d682",
      "status" : "passed",
      "time" : {
        "start" : 1718734864206,
        "stop" : 1718734872972,
        "duration" : 8766
      }
    }, {
      "uid" : "490d8521edb0b391",
      "status" : "passed",
      "time" : {
        "start" : 1718734515271,
        "stop" : 1718734523953,
        "duration" : 8682
      }
    } ],
    "categories" : [ {
      "name" : "Test defects",
      "matchedStatuses" : [ ],
      "flaky" : false
    } ],
    "history" : {
      "statistic" : {
        "failed" : 0,
        "broken" : 11,
        "skipped" : 0,
        "passed" : 0,
        "unknown" : 0,
        "total" : 11
      },
      "items" : [ {
        "uid" : "3cc87b4dfb2c21b5",
        "reportUrl" : "https://YuryHerasimau.github.io/selenium_waits/10//#testresult/3cc87b4dfb2c21b5",
        "status" : "broken",
        "statusDetails" : "selenium.common.exceptions.SessionNotCreatedException: Message: session not created: Chrome failed to start: exited normally.\n  (session not created: DevToolsActivePort file doesn't exist)\n  (The process started from chrome location /usr/bin/google-chrome is no longer running, so ChromeDriver is assuming that Chrome has crashed.)\nStacktrace:\n#0 0x558af43026aa <unknown>\n#1 0x558af3fe50dc <unknown>\n#2 0x558af401a02a <unknown>\n#3 0x558af401643b <unknown>\n#4 0x558af4060ef9 <unknown>\n#5 0x558af4054613 <unknown>\n#6 0x558af40244f7 <unknown>\n#7 0x558af4024e4e <unknown>\n#8 0x558af42c887b <unknown>\n#9 0x558af42cc921 <unknown>\n#10 0x558af42b436e <unknown>\n#11 0x558af42cd482 <unknown>\n#12 0x558af4298ccf <unknown>\n#13 0x558af42f20a8 <unknown>\n#14 0x558af42f2280 <unknown>\n#15 0x558af43017dc <unknown>\n#16 0x7f5dbca94ac3 <unknown>",
        "time" : {
          "start" : 1719331274759,
          "stop" : 1719331274948,
          "duration" : 189
        }
      }, {
        "uid" : "4281eda5ea477459",
        "reportUrl" : "https://YuryHerasimau.github.io/selenium_waits/9//#testresult/4281eda5ea477459",
        "status" : "broken",
        "statusDetails" : "selenium.common.exceptions.SessionNotCreatedException: Message: session not created: Chrome failed to start: exited normally.\n  (session not created: DevToolsActivePort file doesn't exist)\n  (The process started from chrome location /usr/bin/google-chrome is no longer running, so ChromeDriver is assuming that Chrome has crashed.)\nStacktrace:\n#0 0x55a7d7a376aa <unknown>\n#1 0x55a7d771a0dc <unknown>\n#2 0x55a7d774f02a <unknown>\n#3 0x55a7d774b43b <unknown>\n#4 0x55a7d7795ef9 <unknown>\n#5 0x55a7d7789613 <unknown>\n#6 0x55a7d77594f7 <unknown>\n#7 0x55a7d7759e4e <unknown>\n#8 0x55a7d79fd87b <unknown>\n#9 0x55a7d7a01921 <unknown>\n#10 0x55a7d79e936e <unknown>\n#11 0x55a7d7a02482 <unknown>\n#12 0x55a7d79cdccf <unknown>\n#13 0x55a7d7a270a8 <unknown>\n#14 0x55a7d7a27280 <unknown>\n#15 0x55a7d7a367dc <unknown>\n#16 0x7f9422694ac3 <unknown>",
        "time" : {
          "start" : 1719330228778,
          "stop" : 1719330229068,
          "duration" : 290
        }
      }, {
        "uid" : "970c7e029a09ea84",
        "reportUrl" : "https://YuryHerasimau.github.io/selenium_waits/8//#testresult/970c7e029a09ea84",
        "status" : "broken",
        "statusDetails" : "selenium.common.exceptions.SessionNotCreatedException: Message: session not created: Chrome failed to start: exited normally.\n  (session not created: DevToolsActivePort file doesn't exist)\n  (The process started from chrome location /usr/bin/google-chrome is no longer running, so ChromeDriver is assuming that Chrome has crashed.)\nStacktrace:\n#0 0x563a501a56aa <unknown>\n#1 0x563a4fe880dc <unknown>\n#2 0x563a4febd02a <unknown>\n#3 0x563a4feb943b <unknown>\n#4 0x563a4ff03ef9 <unknown>\n#5 0x563a4fef7613 <unknown>\n#6 0x563a4fec74f7 <unknown>\n#7 0x563a4fec7e4e <unknown>\n#8 0x563a5016b87b <unknown>\n#9 0x563a5016f921 <unknown>\n#10 0x563a5015736e <unknown>\n#11 0x563a50170482 <unknown>\n#12 0x563a5013bccf <unknown>\n#13 0x563a501950a8 <unknown>\n#14 0x563a50195280 <unknown>\n#15 0x563a501a47dc <unknown>\n#16 0x7fc078894ac3 <unknown>",
        "time" : {
          "start" : 1719329829862,
          "stop" : 1719329830051,
          "duration" : 189
        }
      }, {
        "uid" : "ab1d769c45b8466f",
        "reportUrl" : "https://YuryHerasimau.github.io/selenium_waits/7//#testresult/ab1d769c45b8466f",
        "status" : "broken",
        "statusDetails" : "selenium.common.exceptions.SessionNotCreatedException: Message: session not created: Chrome failed to start: exited normally.\n  (session not created: DevToolsActivePort file doesn't exist)\n  (The process started from chrome location /usr/bin/google-chrome is no longer running, so ChromeDriver is assuming that Chrome has crashed.)\nStacktrace:\n#0 0x559d7bf4b6aa <unknown>\n#1 0x559d7bc2e0dc <unknown>\n#2 0x559d7bc6302a <unknown>\n#3 0x559d7bc5f43b <unknown>\n#4 0x559d7bca9ef9 <unknown>\n#5 0x559d7bc9d613 <unknown>\n#6 0x559d7bc6d4f7 <unknown>\n#7 0x559d7bc6de4e <unknown>\n#8 0x559d7bf1187b <unknown>\n#9 0x559d7bf15921 <unknown>\n#10 0x559d7befd36e <unknown>\n#11 0x559d7bf16482 <unknown>\n#12 0x559d7bee1ccf <unknown>\n#13 0x559d7bf3b0a8 <unknown>\n#14 0x559d7bf3b280 <unknown>\n#15 0x559d7bf4a7dc <unknown>\n#16 0x7f4c4fe94ac3 <unknown>",
        "time" : {
          "start" : 1719329347906,
          "stop" : 1719329348203,
          "duration" : 297
        }
      }, {
        "uid" : "f8b194d80557e05e",
        "reportUrl" : "https://YuryHerasimau.github.io/selenium_waits/6//#testresult/f8b194d80557e05e",
        "status" : "broken",
        "statusDetails" : "selenium.common.exceptions.SessionNotCreatedException: Message: session not created: Chrome failed to start: exited normally.\n  (session not created: DevToolsActivePort file doesn't exist)\n  (The process started from chrome location /usr/bin/google-chrome is no longer running, so ChromeDriver is assuming that Chrome has crashed.)\nStacktrace:\n#0 0x5582de5366aa <unknown>\n#1 0x5582de2190dc <unknown>\n#2 0x5582de24e02a <unknown>\n#3 0x5582de24a43b <unknown>\n#4 0x5582de294ef9 <unknown>\n#5 0x5582de288613 <unknown>\n#6 0x5582de2584f7 <unknown>\n#7 0x5582de258e4e <unknown>\n#8 0x5582de4fc87b <unknown>\n#9 0x5582de500921 <unknown>\n#10 0x5582de4e836e <unknown>\n#11 0x5582de501482 <unknown>\n#12 0x5582de4ccccf <unknown>\n#13 0x5582de5260a8 <unknown>\n#14 0x5582de526280 <unknown>\n#15 0x5582de5357dc <unknown>\n#16 0x7f7f75294ac3 <unknown>",
        "time" : {
          "start" : 1719328464047,
          "stop" : 1719328464229,
          "duration" : 182
        }
      }, {
        "uid" : "f4a3b9a1f7939696",
        "reportUrl" : "https://YuryHerasimau.github.io/selenium_waits/5//#testresult/f4a3b9a1f7939696",
        "status" : "broken",
        "statusDetails" : "selenium.common.exceptions.SessionNotCreatedException: Message: session not created: Chrome failed to start: exited normally.\n  (session not created: DevToolsActivePort file doesn't exist)\n  (The process started from chrome location /usr/bin/google-chrome is no longer running, so ChromeDriver is assuming that Chrome has crashed.)\nStacktrace:\n#0 0x5558aadd66aa <unknown>\n#1 0x5558aaab90dc <unknown>\n#2 0x5558aaaee02a <unknown>\n#3 0x5558aaaea43b <unknown>\n#4 0x5558aab34ef9 <unknown>\n#5 0x5558aab28613 <unknown>\n#6 0x5558aaaf84f7 <unknown>\n#7 0x5558aaaf8e4e <unknown>\n#8 0x5558aad9c87b <unknown>\n#9 0x5558aada0921 <unknown>\n#10 0x5558aad8836e <unknown>\n#11 0x5558aada1482 <unknown>\n#12 0x5558aad6cccf <unknown>\n#13 0x5558aadc60a8 <unknown>\n#14 0x5558aadc6280 <unknown>\n#15 0x5558aadd57dc <unknown>\n#16 0x7f4e55694ac3 <unknown>",
        "time" : {
          "start" : 1719327466934,
          "stop" : 1719327467333,
          "duration" : 399
        }
      }, {
        "uid" : "73a7d6b4ee13e34a",
        "reportUrl" : "https://YuryHerasimau.github.io/selenium_waits/4//#testresult/73a7d6b4ee13e34a",
        "status" : "broken",
        "statusDetails" : "selenium.common.exceptions.SessionNotCreatedException: Message: session not created: Chrome failed to start: exited normally.\n  (session not created: DevToolsActivePort file doesn't exist)\n  (The process started from chrome location /usr/bin/google-chrome is no longer running, so ChromeDriver is assuming that Chrome has crashed.)\nStacktrace:\n#0 0x5633e3c886aa <unknown>\n#1 0x5633e396b0dc <unknown>\n#2 0x5633e39a002a <unknown>\n#3 0x5633e399c43b <unknown>\n#4 0x5633e39e6ef9 <unknown>\n#5 0x5633e39da613 <unknown>\n#6 0x5633e39aa4f7 <unknown>\n#7 0x5633e39aae4e <unknown>\n#8 0x5633e3c4e87b <unknown>\n#9 0x5633e3c52921 <unknown>\n#10 0x5633e3c3a36e <unknown>\n#11 0x5633e3c53482 <unknown>\n#12 0x5633e3c1eccf <unknown>\n#13 0x5633e3c780a8 <unknown>\n#14 0x5633e3c78280 <unknown>\n#15 0x5633e3c877dc <unknown>\n#16 0x7ff989c94ac3 <unknown>",
        "time" : {
          "start" : 1719326203064,
          "stop" : 1719326203247,
          "duration" : 183
        }
      }, {
        "uid" : "86246204639cca24",
        "reportUrl" : "https://YuryHerasimau.github.io/selenium_waits/3//#testresult/86246204639cca24",
        "status" : "broken",
        "statusDetails" : "selenium.common.exceptions.SessionNotCreatedException: Message: session not created: Chrome failed to start: exited normally.\n  (session not created: DevToolsActivePort file doesn't exist)\n  (The process started from chrome location /usr/bin/google-chrome is no longer running, so ChromeDriver is assuming that Chrome has crashed.)\nStacktrace:\n#0 0x556d77e9c6aa <unknown>\n#1 0x556d77b7f0dc <unknown>\n#2 0x556d77bb402a <unknown>\n#3 0x556d77bb043b <unknown>\n#4 0x556d77bfaef9 <unknown>\n#5 0x556d77bee613 <unknown>\n#6 0x556d77bbe4f7 <unknown>\n#7 0x556d77bbee4e <unknown>\n#8 0x556d77e6287b <unknown>\n#9 0x556d77e66921 <unknown>\n#10 0x556d77e4e36e <unknown>\n#11 0x556d77e67482 <unknown>\n#12 0x556d77e32ccf <unknown>\n#13 0x556d77e8c0a8 <unknown>\n#14 0x556d77e8c280 <unknown>\n#15 0x556d77e9b7dc <unknown>\n#16 0x7fcdd0e94ac3 <unknown>",
        "time" : {
          "start" : 1719324158003,
          "stop" : 1719324158186,
          "duration" : 183
        }
      }, {
        "uid" : "7669959df3874bc8",
        "reportUrl" : "https://YuryHerasimau.github.io/selenium_waits/2//#testresult/7669959df3874bc8",
        "status" : "broken",
        "statusDetails" : "selenium.common.exceptions.SessionNotCreatedException: Message: session not created: Chrome failed to start: exited normally.\n  (session not created: DevToolsActivePort file doesn't exist)\n  (The process started from chrome location /usr/bin/google-chrome is no longer running, so ChromeDriver is assuming that Chrome has crashed.)\nStacktrace:\n#0 0x5568b9b176aa <unknown>\n#1 0x5568b97fa0dc <unknown>\n#2 0x5568b982f02a <unknown>\n#3 0x5568b982b43b <unknown>\n#4 0x5568b9875ef9 <unknown>\n#5 0x5568b9869613 <unknown>\n#6 0x5568b98394f7 <unknown>\n#7 0x5568b9839e4e <unknown>\n#8 0x5568b9add87b <unknown>\n#9 0x5568b9ae1921 <unknown>\n#10 0x5568b9ac936e <unknown>\n#11 0x5568b9ae2482 <unknown>\n#12 0x5568b9aadccf <unknown>\n#13 0x5568b9b070a8 <unknown>\n#14 0x5568b9b07280 <unknown>\n#15 0x5568b9b167dc <unknown>\n#16 0x7f1f32c94ac3 <unknown>",
        "time" : {
          "start" : 1719324130932,
          "stop" : 1719324131115,
          "duration" : 183
        }
      }, {
        "uid" : "e616bfbacbc17e1a",
        "reportUrl" : "https://YuryHerasimau.github.io/selenium_waits/1//#testresult/e616bfbacbc17e1a",
        "status" : "broken",
        "statusDetails" : "selenium.common.exceptions.SessionNotCreatedException: Message: session not created: Chrome failed to start: exited normally.\n  (session not created: DevToolsActivePort file doesn't exist)\n  (The process started from chrome location /usr/bin/google-chrome is no longer running, so ChromeDriver is assuming that Chrome has crashed.)\nStacktrace:\n#0 0x55c099bd26aa <unknown>\n#1 0x55c0998b50dc <unknown>\n#2 0x55c0998ea02a <unknown>\n#3 0x55c0998e643b <unknown>\n#4 0x55c099930ef9 <unknown>\n#5 0x55c099924613 <unknown>\n#6 0x55c0998f44f7 <unknown>\n#7 0x55c0998f4e4e <unknown>\n#8 0x55c099b9887b <unknown>\n#9 0x55c099b9c921 <unknown>\n#10 0x55c099b8436e <unknown>\n#11 0x55c099b9d482 <unknown>\n#12 0x55c099b68ccf <unknown>\n#13 0x55c099bc20a8 <unknown>\n#14 0x55c099bc2280 <unknown>\n#15 0x55c099bd17dc <unknown>\n#16 0x7f1eadc94ac3 <unknown>",
        "time" : {
          "start" : 1719323939382,
          "stop" : 1719323939569,
          "duration" : 187
        }
      } ]
    },
    "tags" : [ "Authentication", "Essentials", "NewUI" ]
  },
  "source" : "426cd93975a322a1.json",
  "parameterValues" : [ ]
}