{
  "uid" : "efe7721240b96a2b",
  "name" : "test_auth_positive",
  "fullName" : "tests.test_auth#test_auth_positive",
  "historyId" : "df17cd68b81f863cd337cab7aae82c9c",
  "time" : {
    "start" : 1719324155749,
    "stop" : 1719324155749,
    "duration" : 0
  },
  "status" : "broken",
  "statusMessage" : "selenium.common.exceptions.SessionNotCreatedException: Message: session not created: Chrome failed to start: exited normally.\n  (session not created: DevToolsActivePort file doesn't exist)\n  (The process started from chrome location /usr/bin/google-chrome is no longer running, so ChromeDriver is assuming that Chrome has crashed.)\nStacktrace:\n#0 0x561cc508d6aa <unknown>\n#1 0x561cc4d700dc <unknown>\n#2 0x561cc4da502a <unknown>\n#3 0x561cc4da143b <unknown>\n#4 0x561cc4debef9 <unknown>\n#5 0x561cc4ddf613 <unknown>\n#6 0x561cc4daf4f7 <unknown>\n#7 0x561cc4dafe4e <unknown>\n#8 0x561cc505387b <unknown>\n#9 0x561cc5057921 <unknown>\n#10 0x561cc503f36e <unknown>\n#11 0x561cc5058482 <unknown>\n#12 0x561cc5023ccf <unknown>\n#13 0x561cc507d0a8 <unknown>\n#14 0x561cc507d280 <unknown>\n#15 0x561cc508c7dc <unknown>\n#16 0x7f004c694ac3 <unknown>",
  "statusTrace" : "chrome_options = <selenium.webdriver.chrome.options.Options object at 0x7f10dd641310>\n\n    @pytest.fixture()\n    def driver(chrome_options):\n>       driver = webdriver.Chrome(options=chrome_options)\n\nconftest.py:24: \n_ _ _ _ _ _ _ _ _ _ _ _ _ _ _ _ _ _ _ _ _ _ _ _ _ _ _ _ _ _ _ _ _ _ _ _ _ _ _ _ \n/opt/hostedtoolcache/Python/3.11.9/x64/lib/python3.11/site-packages/selenium/webdriver/chrome/webdriver.py:45: in __init__\n    super().__init__(\n/opt/hostedtoolcache/Python/3.11.9/x64/lib/python3.11/site-packages/selenium/webdriver/chromium/webdriver.py:66: in __init__\n    super().__init__(command_executor=executor, options=options)\n/opt/hostedtoolcache/Python/3.11.9/x64/lib/python3.11/site-packages/selenium/webdriver/remote/webdriver.py:208: in __init__\n    self.start_session(capabilities)\n/opt/hostedtoolcache/Python/3.11.9/x64/lib/python3.11/site-packages/selenium/webdriver/remote/webdriver.py:292: in start_session\n    response = self.execute(Command.NEW_SESSION, caps)[\"value\"]\n/opt/hostedtoolcache/Python/3.11.9/x64/lib/python3.11/site-packages/selenium/webdriver/remote/webdriver.py:347: in execute\n    self.error_handler.check_response(response)\n_ _ _ _ _ _ _ _ _ _ _ _ _ _ _ _ _ _ _ _ _ _ _ _ _ _ _ _ _ _ _ _ _ _ _ _ _ _ _ _ \n\nself = <selenium.webdriver.remote.errorhandler.ErrorHandler object at 0x7f10dd9f37d0>\nresponse = {'status': 500, 'value': '{\"value\":{\"error\":\"session not created\",\"message\":\"session not created: Chrome failed to sta...\\\\n#14 0x561cc507d280 \\\\u003Cunknown>\\\\n#15 0x561cc508c7dc \\\\u003Cunknown>\\\\n#16 0x7f004c694ac3 \\\\u003Cunknown>\\\\n\"}}'}\n\n    def check_response(self, response: Dict[str, Any]) -> None:\n        \"\"\"Checks that a JSON response from the WebDriver does not have an\n        error.\n    \n        :Args:\n         - response - The JSON response from the WebDriver server as a dictionary\n           object.\n    \n        :Raises: If the response contains an error message.\n        \"\"\"\n        status = response.get(\"status\", None)\n        if not status or status == ErrorCode.SUCCESS:\n            return\n        value = None\n        message = response.get(\"message\", \"\")\n        screen: str = response.get(\"screen\", \"\")\n        stacktrace = None\n        if isinstance(status, int):\n            value_json = response.get(\"value\", None)\n            if value_json and isinstance(value_json, str):\n                import json\n    \n                try:\n                    value = json.loads(value_json)\n                    if len(value) == 1:\n                        value = value[\"value\"]\n                    status = value.get(\"error\", None)\n                    if not status:\n                        status = value.get(\"status\", ErrorCode.UNKNOWN_ERROR)\n                        message = value.get(\"value\") or value.get(\"message\")\n                        if not isinstance(message, str):\n                            value = message\n                            message = message.get(\"message\")\n                    else:\n                        message = value.get(\"message\", None)\n                except ValueError:\n                    pass\n    \n        exception_class: Type[WebDriverException]\n        e = ErrorCode()\n        error_codes = [item for item in dir(e) if not item.startswith(\"__\")]\n        for error_code in error_codes:\n            error_info = getattr(ErrorCode, error_code)\n            if isinstance(error_info, list) and status in error_info:\n                exception_class = getattr(ExceptionMapping, error_code, WebDriverException)\n                break\n        else:\n            exception_class = WebDriverException\n    \n        if not value:\n            value = response[\"value\"]\n        if isinstance(value, str):\n            raise exception_class(value)\n        if message == \"\" and \"message\" in value:\n            message = value[\"message\"]\n    \n        screen = None  # type: ignore[assignment]\n        if \"screen\" in value:\n            screen = value[\"screen\"]\n    \n        stacktrace = None\n        st_value = value.get(\"stackTrace\") or value.get(\"stacktrace\")\n        if st_value:\n            if isinstance(st_value, str):\n                stacktrace = st_value.split(\"\\n\")\n            else:\n                stacktrace = []\n                try:\n                    for frame in st_value:\n                        line = frame.get(\"lineNumber\", \"\")\n                        file = frame.get(\"fileName\", \"<anonymous>\")\n                        if line:\n                            file = f\"{file}:{line}\"\n                        meth = frame.get(\"methodName\", \"<anonymous>\")\n                        if \"className\" in frame:\n                            meth = f\"{frame['className']}.{meth}\"\n                        msg = \"    at %s (%s)\"\n                        msg = msg % (meth, file)\n                        stacktrace.append(msg)\n                except TypeError:\n                    pass\n        if exception_class == UnexpectedAlertPresentException:\n            alert_text = None\n            if \"data\" in value:\n                alert_text = value[\"data\"].get(\"text\")\n            elif \"alert\" in value:\n                alert_text = value[\"alert\"].get(\"text\")\n            raise exception_class(message, screen, stacktrace, alert_text)  # type: ignore[call-arg]  # mypy is not smart enough here\n>       raise exception_class(message, screen, stacktrace)\nE       selenium.common.exceptions.SessionNotCreatedException: Message: session not created: Chrome failed to start: exited normally.\nE         (session not created: DevToolsActivePort file doesn't exist)\nE         (The process started from chrome location /usr/bin/google-chrome is no longer running, so ChromeDriver is assuming that Chrome has crashed.)\nE       Stacktrace:\nE       #0 0x561cc508d6aa <unknown>\nE       #1 0x561cc4d700dc <unknown>\nE       #2 0x561cc4da502a <unknown>\nE       #3 0x561cc4da143b <unknown>\nE       #4 0x561cc4debef9 <unknown>\nE       #5 0x561cc4ddf613 <unknown>\nE       #6 0x561cc4daf4f7 <unknown>\nE       #7 0x561cc4dafe4e <unknown>\nE       #8 0x561cc505387b <unknown>\nE       #9 0x561cc5057921 <unknown>\nE       #10 0x561cc503f36e <unknown>\nE       #11 0x561cc5058482 <unknown>\nE       #12 0x561cc5023ccf <unknown>\nE       #13 0x561cc507d0a8 <unknown>\nE       #14 0x561cc507d280 <unknown>\nE       #15 0x561cc508c7dc <unknown>\nE       #16 0x7f004c694ac3 <unknown>\n\n/opt/hostedtoolcache/Python/3.11.9/x64/lib/python3.11/site-packages/selenium/webdriver/remote/errorhandler.py:229: SessionNotCreatedException",
  "flaky" : false,
  "newFailed" : false,
  "beforeStages" : [ {
    "name" : "fake_password",
    "time" : {
      "start" : 1719324157988,
      "stop" : 1719324158003,
      "duration" : 15
    },
    "status" : "passed",
    "steps" : [ ],
    "attachments" : [ ],
    "parameters" : [ ],
    "stepsCount" : 0,
    "attachmentsCount" : 0,
    "shouldDisplayMessage" : false,
    "hasContent" : false
  }, {
    "name" : "_session_faker",
    "time" : {
      "start" : 1719324155750,
      "stop" : 1719324155811,
      "duration" : 61
    },
    "status" : "passed",
    "steps" : [ ],
    "attachments" : [ ],
    "parameters" : [ ],
    "stepsCount" : 0,
    "attachmentsCount" : 0,
    "shouldDisplayMessage" : false,
    "hasContent" : false
  }, {
    "name" : "fake_login",
    "time" : {
      "start" : 1719324157972,
      "stop" : 1719324157988,
      "duration" : 16
    },
    "status" : "passed",
    "steps" : [ ],
    "attachments" : [ ],
    "parameters" : [ ],
    "stepsCount" : 0,
    "attachmentsCount" : 0,
    "shouldDisplayMessage" : false,
    "hasContent" : false
  }, {
    "name" : "chrome_options",
    "time" : {
      "start" : 1719324155811,
      "stop" : 1719324155811,
      "duration" : 0
    },
    "status" : "passed",
    "steps" : [ ],
    "attachments" : [ ],
    "parameters" : [ ],
    "stepsCount" : 0,
    "attachmentsCount" : 0,
    "shouldDisplayMessage" : false,
    "hasContent" : false
  }, {
    "name" : "driver",
    "time" : {
      "start" : 1719324155811,
      "stop" : 1719324157916,
      "duration" : 2105
    },
    "status" : "broken",
    "statusMessage" : "selenium.common.exceptions.SessionNotCreatedException: Message: session not created: Chrome failed to start: exited normally.\n  (session not created: DevToolsActivePort file doesn't exist)\n  (The process started from chrome location /usr/bin/google-chrome is no longer running, so ChromeDriver is assuming that Chrome has crashed.)\nStacktrace:\n#0 0x561cc508d6aa <unknown>\n#1 0x561cc4d700dc <unknown>\n#2 0x561cc4da502a <unknown>\n#3 0x561cc4da143b <unknown>\n#4 0x561cc4debef9 <unknown>\n#5 0x561cc4ddf613 <unknown>\n#6 0x561cc4daf4f7 <unknown>\n#7 0x561cc4dafe4e <unknown>\n#8 0x561cc505387b <unknown>\n#9 0x561cc5057921 <unknown>\n#10 0x561cc503f36e <unknown>\n#11 0x561cc5058482 <unknown>\n#12 0x561cc5023ccf <unknown>\n#13 0x561cc507d0a8 <unknown>\n#14 0x561cc507d280 <unknown>\n#15 0x561cc508c7dc <unknown>\n#16 0x7f004c694ac3 <unknown>\n\n",
    "statusTrace" : "  File \"/opt/hostedtoolcache/Python/3.11.9/x64/lib/python3.11/site-packages/pluggy/_callers.py\", line 167, in _multicall\n    teardown.throw(outcome._exception)\n  File \"/opt/hostedtoolcache/Python/3.11.9/x64/lib/python3.11/site-packages/_pytest/setuponly.py\", line 36, in pytest_fixture_setup\n    return (yield)\n            ^^^^^\n  File \"/opt/hostedtoolcache/Python/3.11.9/x64/lib/python3.11/site-packages/pluggy/_callers.py\", line 103, in _multicall\n    res = hook_impl.function(*args)\n          ^^^^^^^^^^^^^^^^^^^^^^^^^\n  File \"/opt/hostedtoolcache/Python/3.11.9/x64/lib/python3.11/site-packages/_pytest/fixtures.py\", line 1122, in pytest_fixture_setup\n    result = call_fixture_func(fixturefunc, request, kwargs)\n             ^^^^^^^^^^^^^^^^^^^^^^^^^^^^^^^^^^^^^^^^^^^^^^^\n  File \"/opt/hostedtoolcache/Python/3.11.9/x64/lib/python3.11/site-packages/_pytest/fixtures.py\", line 877, in call_fixture_func\n    fixture_result = next(generator)\n                     ^^^^^^^^^^^^^^^\n  File \"/home/runner/work/selenium_waits/selenium_waits/conftest.py\", line 24, in driver\n    driver = webdriver.Chrome(options=chrome_options)\n             ^^^^^^^^^^^^^^^^^^^^^^^^^^^^^^^^^^^^^^^^\n  File \"/opt/hostedtoolcache/Python/3.11.9/x64/lib/python3.11/site-packages/selenium/webdriver/chrome/webdriver.py\", line 45, in __init__\n    super().__init__(\n  File \"/opt/hostedtoolcache/Python/3.11.9/x64/lib/python3.11/site-packages/selenium/webdriver/chromium/webdriver.py\", line 66, in __init__\n    super().__init__(command_executor=executor, options=options)\n  File \"/opt/hostedtoolcache/Python/3.11.9/x64/lib/python3.11/site-packages/selenium/webdriver/remote/webdriver.py\", line 208, in __init__\n    self.start_session(capabilities)\n  File \"/opt/hostedtoolcache/Python/3.11.9/x64/lib/python3.11/site-packages/selenium/webdriver/remote/webdriver.py\", line 292, in start_session\n    response = self.execute(Command.NEW_SESSION, caps)[\"value\"]\n               ^^^^^^^^^^^^^^^^^^^^^^^^^^^^^^^^^^^^^^^\n  File \"/opt/hostedtoolcache/Python/3.11.9/x64/lib/python3.11/site-packages/selenium/webdriver/remote/webdriver.py\", line 347, in execute\n    self.error_handler.check_response(response)\n  File \"/opt/hostedtoolcache/Python/3.11.9/x64/lib/python3.11/site-packages/selenium/webdriver/remote/errorhandler.py\", line 229, in check_response\n    raise exception_class(message, screen, stacktrace)\n",
    "steps" : [ ],
    "attachments" : [ ],
    "parameters" : [ ],
    "stepsCount" : 0,
    "attachmentsCount" : 0,
    "shouldDisplayMessage" : true,
    "hasContent" : true
  } ],
  "afterStages" : [ ],
  "labels" : [ {
    "name" : "parentSuite",
    "value" : "tests"
  }, {
    "name" : "suite",
    "value" : "test_auth"
  }, {
    "name" : "host",
    "value" : "fv-az1148-157"
  }, {
    "name" : "thread",
    "value" : "2316-MainThread"
  }, {
    "name" : "framework",
    "value" : "pytest"
  }, {
    "name" : "language",
    "value" : "cpython3"
  }, {
    "name" : "package",
    "value" : "tests.test_auth"
  }, {
    "name" : "resultFormat",
    "value" : "allure2"
  } ],
  "parameters" : [ ],
  "links" : [ ],
  "hidden" : false,
  "retry" : false,
  "extra" : {
    "severity" : "normal",
    "retries" : [ {
      "uid" : "cd76361554dc2841",
      "status" : "passed",
      "time" : {
        "start" : 1719320527426,
        "stop" : 1719320538252,
        "duration" : 10826
      }
    }, {
      "uid" : "11ed47d674de4d1",
      "status" : "passed",
      "time" : {
        "start" : 1719319531062,
        "stop" : 1719319540680,
        "duration" : 9618
      }
    }, {
      "uid" : "f84d16898de677c5",
      "status" : "passed",
      "time" : {
        "start" : 1719151035202,
        "stop" : 1719151045158,
        "duration" : 9956
      }
    }, {
      "uid" : "79668669e81ef17c",
      "status" : "passed",
      "time" : {
        "start" : 1719150814497,
        "stop" : 1719150824136,
        "duration" : 9639
      }
    }, {
      "uid" : "8d0834e89a73837c",
      "status" : "passed",
      "time" : {
        "start" : 1719150668664,
        "stop" : 1719150678193,
        "duration" : 9529
      }
    }, {
      "uid" : "57ba167d48f32887",
      "status" : "passed",
      "time" : {
        "start" : 1719150061755,
        "stop" : 1719150071132,
        "duration" : 9377
      }
    }, {
      "uid" : "da69449732ef106",
      "status" : "passed",
      "time" : {
        "start" : 1719128735346,
        "stop" : 1719128745079,
        "duration" : 9733
      }
    }, {
      "uid" : "56d99bdaf7ee7014",
      "status" : "passed",
      "time" : {
        "start" : 1719127857332,
        "stop" : 1719127867872,
        "duration" : 10540
      }
    }, {
      "uid" : "cf5642b12acf19e1",
      "status" : "passed",
      "time" : {
        "start" : 1719127318799,
        "stop" : 1719127328783,
        "duration" : 9984
      }
    }, {
      "uid" : "ac7fc423ce6662e",
      "status" : "passed",
      "time" : {
        "start" : 1719045629005,
        "stop" : 1719045638387,
        "duration" : 9382
      }
    }, {
      "uid" : "e66a9b57e7412c79",
      "status" : "passed",
      "time" : {
        "start" : 1719044875183,
        "stop" : 1719044884747,
        "duration" : 9564
      }
    }, {
      "uid" : "b4a7cbaa58b511db",
      "status" : "passed",
      "time" : {
        "start" : 1719044421651,
        "stop" : 1719044431302,
        "duration" : 9651
      }
    }, {
      "uid" : "9c3f63d65c0bc424",
      "status" : "broken",
      "statusDetails" : "AttributeError: 'Browser' object has no attribute 'implicitly_wait'",
      "time" : {
        "start" : 1719043867276,
        "stop" : 1719043867276,
        "duration" : 0
      }
    }, {
      "uid" : "c37a875c9210fcad",
      "status" : "passed",
      "time" : {
        "start" : 1719012716521,
        "stop" : 1719012728914,
        "duration" : 12393
      }
    }, {
      "uid" : "7f39aa5760aa47c0",
      "status" : "passed",
      "time" : {
        "start" : 1719012488817,
        "stop" : 1719012498222,
        "duration" : 9405
      }
    }, {
      "uid" : "e6bf9417c937496b",
      "status" : "passed",
      "time" : {
        "start" : 1718734844391,
        "stop" : 1718734853993,
        "duration" : 9602
      }
    }, {
      "uid" : "480e3bd7b3dfe9b4",
      "status" : "passed",
      "time" : {
        "start" : 1718734497127,
        "stop" : 1718734506491,
        "duration" : 9364
      }
    } ],
    "categories" : [ {
      "name" : "Test defects",
      "matchedStatuses" : [ ],
      "flaky" : false
    } ],
    "history" : {
      "statistic" : {
        "failed" : 0,
        "broken" : 3,
        "skipped" : 0,
        "passed" : 0,
        "unknown" : 0,
        "total" : 3
      },
      "items" : [ {
        "uid" : "d63e8b54162bc3ae",
        "reportUrl" : "https://YuryHerasimau.github.io/selenium_waits/2//#testresult/d63e8b54162bc3ae",
        "status" : "broken",
        "statusDetails" : "selenium.common.exceptions.SessionNotCreatedException: Message: session not created: Chrome failed to start: exited normally.\n  (session not created: DevToolsActivePort file doesn't exist)\n  (The process started from chrome location /usr/bin/google-chrome is no longer running, so ChromeDriver is assuming that Chrome has crashed.)\nStacktrace:\n#0 0x562b927596aa <unknown>\n#1 0x562b9243c0dc <unknown>\n#2 0x562b9247102a <unknown>\n#3 0x562b9246d43b <unknown>\n#4 0x562b924b7ef9 <unknown>\n#5 0x562b924ab613 <unknown>\n#6 0x562b9247b4f7 <unknown>\n#7 0x562b9247be4e <unknown>\n#8 0x562b9271f87b <unknown>\n#9 0x562b92723921 <unknown>\n#10 0x562b9270b36e <unknown>\n#11 0x562b92724482 <unknown>\n#12 0x562b926efccf <unknown>\n#13 0x562b927490a8 <unknown>\n#14 0x562b92749280 <unknown>\n#15 0x562b927587dc <unknown>\n#16 0x7f7fa1294ac3 <unknown>",
        "time" : {
          "start" : 1719324130292,
          "stop" : 1719324130292,
          "duration" : 0
        }
      }, {
        "uid" : "6442c0eafa57f33e",
        "reportUrl" : "https://YuryHerasimau.github.io/selenium_waits/1//#testresult/6442c0eafa57f33e",
        "status" : "broken",
        "statusDetails" : "selenium.common.exceptions.SessionNotCreatedException: Message: session not created: Chrome failed to start: exited normally.\n  (session not created: DevToolsActivePort file doesn't exist)\n  (The process started from chrome location /usr/bin/google-chrome is no longer running, so ChromeDriver is assuming that Chrome has crashed.)\nStacktrace:\n#0 0x556b66f556aa <unknown>\n#1 0x556b66c380dc <unknown>\n#2 0x556b66c6d02a <unknown>\n#3 0x556b66c6943b <unknown>\n#4 0x556b66cb3ef9 <unknown>\n#5 0x556b66ca7613 <unknown>\n#6 0x556b66c774f7 <unknown>\n#7 0x556b66c77e4e <unknown>\n#8 0x556b66f1b87b <unknown>\n#9 0x556b66f1f921 <unknown>\n#10 0x556b66f0736e <unknown>\n#11 0x556b66f20482 <unknown>\n#12 0x556b66eebccf <unknown>\n#13 0x556b66f450a8 <unknown>\n#14 0x556b66f45280 <unknown>\n#15 0x556b66f547dc <unknown>\n#16 0x7f988ac94ac3 <unknown>",
        "time" : {
          "start" : 1719323937543,
          "stop" : 1719323937543,
          "duration" : 0
        }
      } ]
    },
    "tags" : [ ]
  },
  "source" : "efe7721240b96a2b.json",
  "parameterValues" : [ ]
}