{
  "uid" : "8fb546866366bf41",
  "name" : "test_register_with_implicit_waits",
  "fullName" : "tests.test_selenium_waits#test_register_with_implicit_waits",
  "historyId" : "da0cec5103bd235948f004d488efeaf3",
  "time" : {
    "start" : 1719330238318,
    "stop" : 1719330246692,
    "duration" : 8374
  },
  "description" : "Using Implicit waits",
  "descriptionHtml" : "<p>Using Implicit waits</p>\n",
  "status" : "passed",
  "flaky" : false,
  "newFailed" : false,
  "beforeStages" : [ {
    "name" : "fake_login",
    "time" : {
      "start" : 1719330238286,
      "stop" : 1719330238302,
      "duration" : 16
    },
    "status" : "passed",
    "steps" : [ ],
    "attachments" : [ ],
    "parameters" : [ ],
    "stepsCount" : 0,
    "attachmentsCount" : 0,
    "shouldDisplayMessage" : false,
    "hasContent" : false
  }, {
    "name" : "chrome_options",
    "time" : {
      "start" : 1719330238119,
      "stop" : 1719330238119,
      "duration" : 0
    },
    "status" : "passed",
    "steps" : [ ],
    "attachments" : [ ],
    "parameters" : [ ],
    "stepsCount" : 0,
    "attachmentsCount" : 0,
    "shouldDisplayMessage" : false,
    "hasContent" : false
  }, {
    "name" : "_session_faker",
    "time" : {
      "start" : 1719330212541,
      "stop" : 1719330212602,
      "duration" : 61
    },
    "status" : "passed",
    "steps" : [ ],
    "attachments" : [ ],
    "parameters" : [ ],
    "stepsCount" : 0,
    "attachmentsCount" : 0,
    "shouldDisplayMessage" : false,
    "hasContent" : false
  }, {
    "name" : "driver",
    "time" : {
      "start" : 1719330238119,
      "stop" : 1719330238286,
      "duration" : 167
    },
    "status" : "passed",
    "steps" : [ ],
    "attachments" : [ ],
    "parameters" : [ ],
    "stepsCount" : 0,
    "attachmentsCount" : 0,
    "shouldDisplayMessage" : false,
    "hasContent" : false
  }, {
    "name" : "fake_password",
    "time" : {
      "start" : 1719330238302,
      "stop" : 1719330238317,
      "duration" : 15
    },
    "status" : "passed",
    "steps" : [ ],
    "attachments" : [ ],
    "parameters" : [ ],
    "stepsCount" : 0,
    "attachmentsCount" : 0,
    "shouldDisplayMessage" : false,
    "hasContent" : false
  } ],
  "afterStages" : [ {
    "name" : "driver::0",
    "time" : {
      "start" : 1719330246692,
      "stop" : 1719330246752,
      "duration" : 60
    },
    "status" : "passed",
    "steps" : [ ],
    "attachments" : [ ],
    "parameters" : [ ],
    "stepsCount" : 0,
    "attachmentsCount" : 0,
    "shouldDisplayMessage" : false,
    "hasContent" : false
  } ],
  "labels" : [ {
    "name" : "parentSuite",
    "value" : "tests"
  }, {
    "name" : "suite",
    "value" : "test_selenium_waits"
  }, {
    "name" : "host",
    "value" : "fv-az1771-903"
  }, {
    "name" : "thread",
    "value" : "2239-MainThread"
  }, {
    "name" : "framework",
    "value" : "pytest"
  }, {
    "name" : "language",
    "value" : "cpython3"
  }, {
    "name" : "package",
    "value" : "tests.test_selenium_waits"
  }, {
    "name" : "resultFormat",
    "value" : "allure2"
  } ],
  "parameters" : [ ],
  "links" : [ ],
  "hidden" : false,
  "retry" : false,
  "extra" : {
    "severity" : "normal",
    "retries" : [ {
      "uid" : "b54c31a7e4a50589",
      "status" : "passed",
      "time" : {
        "start" : 1719330099370,
        "stop" : 1719330107998,
        "duration" : 8628
      }
    }, {
      "uid" : "4d0084d6f4b5b8ce",
      "status" : "broken",
      "statusDetails" : "selenium.common.exceptions.NoSuchDriverException: Message: Unable to obtain driver for chrome; For documentation on this error, please visit: https://www.selenium.dev/documentation/webdriver/troubleshooting/errors/driver_location",
      "time" : {
        "start" : 1719330016468,
        "stop" : 1719330016468,
        "duration" : 0
      }
    }, {
      "uid" : "230675f79edf3f13",
      "status" : "passed",
      "time" : {
        "start" : 1719329622721,
        "stop" : 1719329631302,
        "duration" : 8581
      }
    }, {
      "uid" : "224db94c78416317",
      "status" : "passed",
      "time" : {
        "start" : 1719329242085,
        "stop" : 1719329250717,
        "duration" : 8632
      }
    }, {
      "uid" : "2103b5051f7628b6",
      "status" : "broken",
      "statusDetails" : "FileNotFoundError: [WinError 2] The system cannot find the file specified",
      "time" : {
        "start" : 1719329066398,
        "stop" : 1719329066398,
        "duration" : 0
      }
    }, {
      "uid" : "47ad148673d4e767",
      "status" : "passed",
      "time" : {
        "start" : 1719328929017,
        "stop" : 1719328937684,
        "duration" : 8667
      }
    }, {
      "uid" : "81ba9c649992ce56",
      "status" : "passed",
      "time" : {
        "start" : 1719325900888,
        "stop" : 1719325909475,
        "duration" : 8587
      }
    }, {
      "uid" : "d4b3a919a52ddaa",
      "status" : "passed",
      "time" : {
        "start" : 1719320807919,
        "stop" : 1719320816613,
        "duration" : 8694
      }
    }, {
      "uid" : "7fe9311aefab2441",
      "status" : "passed",
      "time" : {
        "start" : 1719320579837,
        "stop" : 1719320588977,
        "duration" : 9140
      }
    }, {
      "uid" : "347c01d0737c81b0",
      "status" : "passed",
      "time" : {
        "start" : 1719319581677,
        "stop" : 1719319590361,
        "duration" : 8684
      }
    }, {
      "uid" : "4942adda7ea89540",
      "status" : "passed",
      "time" : {
        "start" : 1719151083441,
        "stop" : 1719151092229,
        "duration" : 8788
      }
    }, {
      "uid" : "55a521f6bc4bff0c",
      "status" : "passed",
      "time" : {
        "start" : 1719150863685,
        "stop" : 1719150873589,
        "duration" : 9904
      }
    }, {
      "uid" : "69e9df5d3e11daa7",
      "status" : "passed",
      "time" : {
        "start" : 1719150717804,
        "stop" : 1719150726725,
        "duration" : 8921
      }
    }, {
      "uid" : "5e476522f62d6a68",
      "status" : "passed",
      "time" : {
        "start" : 1719150109763,
        "stop" : 1719150118679,
        "duration" : 8916
      }
    }, {
      "uid" : "8467537f36856641",
      "status" : "passed",
      "time" : {
        "start" : 1719128784010,
        "stop" : 1719128792773,
        "duration" : 8763
      }
    }, {
      "uid" : "d18eebd1a31187b6",
      "status" : "passed",
      "time" : {
        "start" : 1719127906598,
        "stop" : 1719127915436,
        "duration" : 8838
      }
    }, {
      "uid" : "84c95a416c995361",
      "status" : "passed",
      "time" : {
        "start" : 1719127373936,
        "stop" : 1719127382665,
        "duration" : 8729
      }
    }, {
      "uid" : "3daf6cfd55f0e7f2",
      "status" : "passed",
      "time" : {
        "start" : 1719045683435,
        "stop" : 1719045692198,
        "duration" : 8763
      }
    }, {
      "uid" : "9d970894063e8ccf",
      "status" : "passed",
      "time" : {
        "start" : 1719044929835,
        "stop" : 1719044938652,
        "duration" : 8817
      }
    }, {
      "uid" : "a6669b911ec1bd15",
      "status" : "passed",
      "time" : {
        "start" : 1719044476110,
        "stop" : 1719044485010,
        "duration" : 8900
      }
    }, {
      "uid" : "cf92d4c319c539a6",
      "status" : "broken",
      "statusDetails" : "AttributeError: 'Browser' object has no attribute 'implicitly_wait'",
      "time" : {
        "start" : 1719043867581,
        "stop" : 1719043867581,
        "duration" : 0
      }
    }, {
      "uid" : "af248b7cd94d2824",
      "status" : "passed",
      "time" : {
        "start" : 1719012774544,
        "stop" : 1719012783366,
        "duration" : 8822
      }
    }, {
      "uid" : "d55aa11584e09481",
      "status" : "passed",
      "time" : {
        "start" : 1719012541634,
        "stop" : 1719012550467,
        "duration" : 8833
      }
    }, {
      "uid" : "39431c385ba5d03e",
      "status" : "passed",
      "time" : {
        "start" : 1718734900511,
        "stop" : 1718734909407,
        "duration" : 8896
      }
    }, {
      "uid" : "8e04187608cfc011",
      "status" : "passed",
      "time" : {
        "start" : 1718734544004,
        "stop" : 1718734552872,
        "duration" : 8868
      }
    } ],
    "categories" : [ ],
    "history" : {
      "statistic" : {
        "failed" : 0,
        "broken" : 4,
        "skipped" : 0,
        "passed" : 5,
        "unknown" : 0,
        "total" : 9
      },
      "items" : [ {
        "uid" : "af450440d390361c",
        "reportUrl" : "https://YuryHerasimau.github.io/selenium_waits/8//#testresult/af450440d390361c",
        "status" : "passed",
        "time" : {
          "start" : 1719329839285,
          "stop" : 1719329847720,
          "duration" : 8435
        }
      }, {
        "uid" : "69c72d1862d51d3f",
        "reportUrl" : "https://YuryHerasimau.github.io/selenium_waits/7//#testresult/69c72d1862d51d3f",
        "status" : "passed",
        "time" : {
          "start" : 1719329357509,
          "stop" : 1719329365863,
          "duration" : 8354
        }
      }, {
        "uid" : "16ee61595e08d76b",
        "reportUrl" : "https://YuryHerasimau.github.io/selenium_waits/6//#testresult/16ee61595e08d76b",
        "status" : "passed",
        "time" : {
          "start" : 1719328473496,
          "stop" : 1719328481857,
          "duration" : 8361
        }
      }, {
        "uid" : "607c9da8c80a65ea",
        "reportUrl" : "https://YuryHerasimau.github.io/selenium_waits/5//#testresult/607c9da8c80a65ea",
        "status" : "passed",
        "time" : {
          "start" : 1719327476647,
          "stop" : 1719327485114,
          "duration" : 8467
        }
      }, {
        "uid" : "7a3d179f60a248bf",
        "reportUrl" : "https://YuryHerasimau.github.io/selenium_waits/4//#testresult/7a3d179f60a248bf",
        "status" : "broken",
        "statusDetails" : "selenium.common.exceptions.SessionNotCreatedException: Message: session not created: Chrome failed to start: exited normally.\n  (session not created: DevToolsActivePort file doesn't exist)\n  (The process started from chrome location /usr/bin/google-chrome is no longer running, so ChromeDriver is assuming that Chrome has crashed.)\nStacktrace:\n#0 0x55764d99a6aa <unknown>\n#1 0x55764d67d0dc <unknown>\n#2 0x55764d6b202a <unknown>\n#3 0x55764d6ae43b <unknown>\n#4 0x55764d6f8ef9 <unknown>\n#5 0x55764d6ec613 <unknown>\n#6 0x55764d6bc4f7 <unknown>\n#7 0x55764d6bce4e <unknown>\n#8 0x55764d96087b <unknown>\n#9 0x55764d964921 <unknown>\n#10 0x55764d94c36e <unknown>\n#11 0x55764d965482 <unknown>\n#12 0x55764d930ccf <unknown>\n#13 0x55764d98a0a8 <unknown>\n#14 0x55764d98a280 <unknown>\n#15 0x55764d9997dc <unknown>\n#16 0x7f4d21094ac3 <unknown>",
        "time" : {
          "start" : 1719326203742,
          "stop" : 1719326203742,
          "duration" : 0
        }
      }, {
        "uid" : "7399974e95d4279e",
        "reportUrl" : "https://YuryHerasimau.github.io/selenium_waits/3//#testresult/7399974e95d4279e",
        "status" : "broken",
        "statusDetails" : "selenium.common.exceptions.SessionNotCreatedException: Message: session not created: Chrome failed to start: exited normally.\n  (session not created: DevToolsActivePort file doesn't exist)\n  (The process started from chrome location /usr/bin/google-chrome is no longer running, so ChromeDriver is assuming that Chrome has crashed.)\nStacktrace:\n#0 0x5604aee696aa <unknown>\n#1 0x5604aeb4c0dc <unknown>\n#2 0x5604aeb8102a <unknown>\n#3 0x5604aeb7d43b <unknown>\n#4 0x5604aebc7ef9 <unknown>\n#5 0x5604aebbb613 <unknown>\n#6 0x5604aeb8b4f7 <unknown>\n#7 0x5604aeb8be4e <unknown>\n#8 0x5604aee2f87b <unknown>\n#9 0x5604aee33921 <unknown>\n#10 0x5604aee1b36e <unknown>\n#11 0x5604aee34482 <unknown>\n#12 0x5604aedffccf <unknown>\n#13 0x5604aee590a8 <unknown>\n#14 0x5604aee59280 <unknown>\n#15 0x5604aee687dc <unknown>\n#16 0x7fc86c294ac3 <unknown>",
        "time" : {
          "start" : 1719324158677,
          "stop" : 1719324158677,
          "duration" : 0
        }
      }, {
        "uid" : "e5fc09fa67d2b8b1",
        "reportUrl" : "https://YuryHerasimau.github.io/selenium_waits/2//#testresult/e5fc09fa67d2b8b1",
        "status" : "broken",
        "statusDetails" : "selenium.common.exceptions.SessionNotCreatedException: Message: session not created: Chrome failed to start: exited normally.\n  (session not created: DevToolsActivePort file doesn't exist)\n  (The process started from chrome location /usr/bin/google-chrome is no longer running, so ChromeDriver is assuming that Chrome has crashed.)\nStacktrace:\n#0 0x55d66f2ed6aa <unknown>\n#1 0x55d66efd00dc <unknown>\n#2 0x55d66f00502a <unknown>\n#3 0x55d66f00143b <unknown>\n#4 0x55d66f04bef9 <unknown>\n#5 0x55d66f03f613 <unknown>\n#6 0x55d66f00f4f7 <unknown>\n#7 0x55d66f00fe4e <unknown>\n#8 0x55d66f2b387b <unknown>\n#9 0x55d66f2b7921 <unknown>\n#10 0x55d66f29f36e <unknown>\n#11 0x55d66f2b8482 <unknown>\n#12 0x55d66f283ccf <unknown>\n#13 0x55d66f2dd0a8 <unknown>\n#14 0x55d66f2dd280 <unknown>\n#15 0x55d66f2ec7dc <unknown>\n#16 0x7fc622e94ac3 <unknown>",
        "time" : {
          "start" : 1719324131607,
          "stop" : 1719324131607,
          "duration" : 0
        }
      }, {
        "uid" : "7102eb01a327a22c",
        "reportUrl" : "https://YuryHerasimau.github.io/selenium_waits/1//#testresult/7102eb01a327a22c",
        "status" : "broken",
        "statusDetails" : "selenium.common.exceptions.SessionNotCreatedException: Message: session not created: Chrome failed to start: exited normally.\n  (session not created: DevToolsActivePort file doesn't exist)\n  (The process started from chrome location /usr/bin/google-chrome is no longer running, so ChromeDriver is assuming that Chrome has crashed.)\nStacktrace:\n#0 0x55b3dc9856aa <unknown>\n#1 0x55b3dc6680dc <unknown>\n#2 0x55b3dc69d02a <unknown>\n#3 0x55b3dc69943b <unknown>\n#4 0x55b3dc6e3ef9 <unknown>\n#5 0x55b3dc6d7613 <unknown>\n#6 0x55b3dc6a74f7 <unknown>\n#7 0x55b3dc6a7e4e <unknown>\n#8 0x55b3dc94b87b <unknown>\n#9 0x55b3dc94f921 <unknown>\n#10 0x55b3dc93736e <unknown>\n#11 0x55b3dc950482 <unknown>\n#12 0x55b3dc91bccf <unknown>\n#13 0x55b3dc9750a8 <unknown>\n#14 0x55b3dc975280 <unknown>\n#15 0x55b3dc9847dc <unknown>\n#16 0x7f527d894ac3 <unknown>",
        "time" : {
          "start" : 1719323940065,
          "stop" : 1719323940065,
          "duration" : 0
        }
      } ]
    },
    "tags" : [ ]
  },
  "source" : "8fb546866366bf41.json",
  "parameterValues" : [ ]
}