{
  "uid" : "48794ff567f3324a",
  "name" : "test_register_with_time_sleep",
  "fullName" : "tests.test_selenium_waits#test_register_with_time_sleep",
  "historyId" : "121436996f318d3a85c07b8414de94e8",
  "time" : {
    "start" : 1719323940279,
    "stop" : 1719323940279,
    "duration" : 0
  },
  "description" : "Using time.sleep()",
  "descriptionHtml" : "<p>Using time.sleep()</p>\n",
  "status" : "broken",
  "statusMessage" : "selenium.common.exceptions.SessionNotCreatedException: Message: session not created: Chrome failed to start: exited normally.\n  (session not created: DevToolsActivePort file doesn't exist)\n  (The process started from chrome location /usr/bin/google-chrome is no longer running, so ChromeDriver is assuming that Chrome has crashed.)\nStacktrace:\n#0 0x5571053826aa <unknown>\n#1 0x5571050650dc <unknown>\n#2 0x55710509a02a <unknown>\n#3 0x55710509643b <unknown>\n#4 0x5571050e0ef9 <unknown>\n#5 0x5571050d4613 <unknown>\n#6 0x5571050a44f7 <unknown>\n#7 0x5571050a4e4e <unknown>\n#8 0x55710534887b <unknown>\n#9 0x55710534c921 <unknown>\n#10 0x55710533436e <unknown>\n#11 0x55710534d482 <unknown>\n#12 0x557105318ccf <unknown>\n#13 0x5571053720a8 <unknown>\n#14 0x557105372280 <unknown>\n#15 0x5571053817dc <unknown>\n#16 0x7f413d294ac3 <unknown>",
  "statusTrace" : "chrome_options = <selenium.webdriver.chrome.options.Options object at 0x7f302b2ea8d0>\n\n    @pytest.fixture()\n    def driver(chrome_options):\n>       driver = webdriver.Chrome(options=chrome_options)\n\nconftest.py:24: \n_ _ _ _ _ _ _ _ _ _ _ _ _ _ _ _ _ _ _ _ _ _ _ _ _ _ _ _ _ _ _ _ _ _ _ _ _ _ _ _ \n/opt/hostedtoolcache/Python/3.11.9/x64/lib/python3.11/site-packages/selenium/webdriver/chrome/webdriver.py:45: in __init__\n    super().__init__(\n/opt/hostedtoolcache/Python/3.11.9/x64/lib/python3.11/site-packages/selenium/webdriver/chromium/webdriver.py:66: in __init__\n    super().__init__(command_executor=executor, options=options)\n/opt/hostedtoolcache/Python/3.11.9/x64/lib/python3.11/site-packages/selenium/webdriver/remote/webdriver.py:208: in __init__\n    self.start_session(capabilities)\n/opt/hostedtoolcache/Python/3.11.9/x64/lib/python3.11/site-packages/selenium/webdriver/remote/webdriver.py:292: in start_session\n    response = self.execute(Command.NEW_SESSION, caps)[\"value\"]\n/opt/hostedtoolcache/Python/3.11.9/x64/lib/python3.11/site-packages/selenium/webdriver/remote/webdriver.py:347: in execute\n    self.error_handler.check_response(response)\n_ _ _ _ _ _ _ _ _ _ _ _ _ _ _ _ _ _ _ _ _ _ _ _ _ _ _ _ _ _ _ _ _ _ _ _ _ _ _ _ \n\nself = <selenium.webdriver.remote.errorhandler.ErrorHandler object at 0x7f302b2ea6d0>\nresponse = {'status': 500, 'value': '{\"value\":{\"error\":\"session not created\",\"message\":\"session not created: Chrome failed to sta...\\\\n#14 0x557105372280 \\\\u003Cunknown>\\\\n#15 0x5571053817dc \\\\u003Cunknown>\\\\n#16 0x7f413d294ac3 \\\\u003Cunknown>\\\\n\"}}'}\n\n    def check_response(self, response: Dict[str, Any]) -> None:\n        \"\"\"Checks that a JSON response from the WebDriver does not have an\n        error.\n    \n        :Args:\n         - response - The JSON response from the WebDriver server as a dictionary\n           object.\n    \n        :Raises: If the response contains an error message.\n        \"\"\"\n        status = response.get(\"status\", None)\n        if not status or status == ErrorCode.SUCCESS:\n            return\n        value = None\n        message = response.get(\"message\", \"\")\n        screen: str = response.get(\"screen\", \"\")\n        stacktrace = None\n        if isinstance(status, int):\n            value_json = response.get(\"value\", None)\n            if value_json and isinstance(value_json, str):\n                import json\n    \n                try:\n                    value = json.loads(value_json)\n                    if len(value) == 1:\n                        value = value[\"value\"]\n                    status = value.get(\"error\", None)\n                    if not status:\n                        status = value.get(\"status\", ErrorCode.UNKNOWN_ERROR)\n                        message = value.get(\"value\") or value.get(\"message\")\n                        if not isinstance(message, str):\n                            value = message\n                            message = message.get(\"message\")\n                    else:\n                        message = value.get(\"message\", None)\n                except ValueError:\n                    pass\n    \n        exception_class: Type[WebDriverException]\n        e = ErrorCode()\n        error_codes = [item for item in dir(e) if not item.startswith(\"__\")]\n        for error_code in error_codes:\n            error_info = getattr(ErrorCode, error_code)\n            if isinstance(error_info, list) and status in error_info:\n                exception_class = getattr(ExceptionMapping, error_code, WebDriverException)\n                break\n        else:\n            exception_class = WebDriverException\n    \n        if not value:\n            value = response[\"value\"]\n        if isinstance(value, str):\n            raise exception_class(value)\n        if message == \"\" and \"message\" in value:\n            message = value[\"message\"]\n    \n        screen = None  # type: ignore[assignment]\n        if \"screen\" in value:\n            screen = value[\"screen\"]\n    \n        stacktrace = None\n        st_value = value.get(\"stackTrace\") or value.get(\"stacktrace\")\n        if st_value:\n            if isinstance(st_value, str):\n                stacktrace = st_value.split(\"\\n\")\n            else:\n                stacktrace = []\n                try:\n                    for frame in st_value:\n                        line = frame.get(\"lineNumber\", \"\")\n                        file = frame.get(\"fileName\", \"<anonymous>\")\n                        if line:\n                            file = f\"{file}:{line}\"\n                        meth = frame.get(\"methodName\", \"<anonymous>\")\n                        if \"className\" in frame:\n                            meth = f\"{frame['className']}.{meth}\"\n                        msg = \"    at %s (%s)\"\n                        msg = msg % (meth, file)\n                        stacktrace.append(msg)\n                except TypeError:\n                    pass\n        if exception_class == UnexpectedAlertPresentException:\n            alert_text = None\n            if \"data\" in value:\n                alert_text = value[\"data\"].get(\"text\")\n            elif \"alert\" in value:\n                alert_text = value[\"alert\"].get(\"text\")\n            raise exception_class(message, screen, stacktrace, alert_text)  # type: ignore[call-arg]  # mypy is not smart enough here\n>       raise exception_class(message, screen, stacktrace)\nE       selenium.common.exceptions.SessionNotCreatedException: Message: session not created: Chrome failed to start: exited normally.\nE         (session not created: DevToolsActivePort file doesn't exist)\nE         (The process started from chrome location /usr/bin/google-chrome is no longer running, so ChromeDriver is assuming that Chrome has crashed.)\nE       Stacktrace:\nE       #0 0x5571053826aa <unknown>\nE       #1 0x5571050650dc <unknown>\nE       #2 0x55710509a02a <unknown>\nE       #3 0x55710509643b <unknown>\nE       #4 0x5571050e0ef9 <unknown>\nE       #5 0x5571050d4613 <unknown>\nE       #6 0x5571050a44f7 <unknown>\nE       #7 0x5571050a4e4e <unknown>\nE       #8 0x55710534887b <unknown>\nE       #9 0x55710534c921 <unknown>\nE       #10 0x55710533436e <unknown>\nE       #11 0x55710534d482 <unknown>\nE       #12 0x557105318ccf <unknown>\nE       #13 0x5571053720a8 <unknown>\nE       #14 0x557105372280 <unknown>\nE       #15 0x5571053817dc <unknown>\nE       #16 0x7f413d294ac3 <unknown>\n\n/opt/hostedtoolcache/Python/3.11.9/x64/lib/python3.11/site-packages/selenium/webdriver/remote/errorhandler.py:229: SessionNotCreatedException",
  "flaky" : false,
  "newFailed" : false,
  "beforeStages" : [ {
    "name" : "chrome_options",
    "time" : {
      "start" : 1719323940279,
      "stop" : 1719323940280,
      "duration" : 1
    },
    "status" : "passed",
    "steps" : [ ],
    "attachments" : [ ],
    "parameters" : [ ],
    "stepsCount" : 0,
    "attachmentsCount" : 0,
    "shouldDisplayMessage" : false,
    "hasContent" : false
  }, {
    "name" : "_session_faker",
    "time" : {
      "start" : 1719323937543,
      "stop" : 1719323937608,
      "duration" : 65
    },
    "status" : "passed",
    "steps" : [ ],
    "attachments" : [ ],
    "parameters" : [ ],
    "stepsCount" : 0,
    "attachmentsCount" : 0,
    "shouldDisplayMessage" : false,
    "hasContent" : false
  }, {
    "name" : "driver",
    "time" : {
      "start" : 1719323940280,
      "stop" : 1719323940463,
      "duration" : 183
    },
    "status" : "broken",
    "statusMessage" : "selenium.common.exceptions.SessionNotCreatedException: Message: session not created: Chrome failed to start: exited normally.\n  (session not created: DevToolsActivePort file doesn't exist)\n  (The process started from chrome location /usr/bin/google-chrome is no longer running, so ChromeDriver is assuming that Chrome has crashed.)\nStacktrace:\n#0 0x5571053826aa <unknown>\n#1 0x5571050650dc <unknown>\n#2 0x55710509a02a <unknown>\n#3 0x55710509643b <unknown>\n#4 0x5571050e0ef9 <unknown>\n#5 0x5571050d4613 <unknown>\n#6 0x5571050a44f7 <unknown>\n#7 0x5571050a4e4e <unknown>\n#8 0x55710534887b <unknown>\n#9 0x55710534c921 <unknown>\n#10 0x55710533436e <unknown>\n#11 0x55710534d482 <unknown>\n#12 0x557105318ccf <unknown>\n#13 0x5571053720a8 <unknown>\n#14 0x557105372280 <unknown>\n#15 0x5571053817dc <unknown>\n#16 0x7f413d294ac3 <unknown>\n\n",
    "statusTrace" : "  File \"/opt/hostedtoolcache/Python/3.11.9/x64/lib/python3.11/site-packages/pluggy/_callers.py\", line 167, in _multicall\n    teardown.throw(outcome._exception)\n  File \"/opt/hostedtoolcache/Python/3.11.9/x64/lib/python3.11/site-packages/_pytest/setuponly.py\", line 36, in pytest_fixture_setup\n    return (yield)\n            ^^^^^\n  File \"/opt/hostedtoolcache/Python/3.11.9/x64/lib/python3.11/site-packages/pluggy/_callers.py\", line 103, in _multicall\n    res = hook_impl.function(*args)\n          ^^^^^^^^^^^^^^^^^^^^^^^^^\n  File \"/opt/hostedtoolcache/Python/3.11.9/x64/lib/python3.11/site-packages/_pytest/fixtures.py\", line 1122, in pytest_fixture_setup\n    result = call_fixture_func(fixturefunc, request, kwargs)\n             ^^^^^^^^^^^^^^^^^^^^^^^^^^^^^^^^^^^^^^^^^^^^^^^\n  File \"/opt/hostedtoolcache/Python/3.11.9/x64/lib/python3.11/site-packages/_pytest/fixtures.py\", line 877, in call_fixture_func\n    fixture_result = next(generator)\n                     ^^^^^^^^^^^^^^^\n  File \"/home/runner/work/selenium_waits/selenium_waits/conftest.py\", line 24, in driver\n    driver = webdriver.Chrome(options=chrome_options)\n             ^^^^^^^^^^^^^^^^^^^^^^^^^^^^^^^^^^^^^^^^\n  File \"/opt/hostedtoolcache/Python/3.11.9/x64/lib/python3.11/site-packages/selenium/webdriver/chrome/webdriver.py\", line 45, in __init__\n    super().__init__(\n  File \"/opt/hostedtoolcache/Python/3.11.9/x64/lib/python3.11/site-packages/selenium/webdriver/chromium/webdriver.py\", line 66, in __init__\n    super().__init__(command_executor=executor, options=options)\n  File \"/opt/hostedtoolcache/Python/3.11.9/x64/lib/python3.11/site-packages/selenium/webdriver/remote/webdriver.py\", line 208, in __init__\n    self.start_session(capabilities)\n  File \"/opt/hostedtoolcache/Python/3.11.9/x64/lib/python3.11/site-packages/selenium/webdriver/remote/webdriver.py\", line 292, in start_session\n    response = self.execute(Command.NEW_SESSION, caps)[\"value\"]\n               ^^^^^^^^^^^^^^^^^^^^^^^^^^^^^^^^^^^^^^^\n  File \"/opt/hostedtoolcache/Python/3.11.9/x64/lib/python3.11/site-packages/selenium/webdriver/remote/webdriver.py\", line 347, in execute\n    self.error_handler.check_response(response)\n  File \"/opt/hostedtoolcache/Python/3.11.9/x64/lib/python3.11/site-packages/selenium/webdriver/remote/errorhandler.py\", line 229, in check_response\n    raise exception_class(message, screen, stacktrace)\n",
    "steps" : [ ],
    "attachments" : [ ],
    "parameters" : [ ],
    "stepsCount" : 0,
    "attachmentsCount" : 0,
    "shouldDisplayMessage" : true,
    "hasContent" : true
  } ],
  "afterStages" : [ ],
  "labels" : [ {
    "name" : "parentSuite",
    "value" : "tests"
  }, {
    "name" : "suite",
    "value" : "test_selenium_waits"
  }, {
    "name" : "host",
    "value" : "fv-az1113-373"
  }, {
    "name" : "thread",
    "value" : "2321-MainThread"
  }, {
    "name" : "framework",
    "value" : "pytest"
  }, {
    "name" : "language",
    "value" : "cpython3"
  }, {
    "name" : "package",
    "value" : "tests.test_selenium_waits"
  }, {
    "name" : "resultFormat",
    "value" : "allure2"
  } ],
  "parameters" : [ ],
  "links" : [ ],
  "hidden" : false,
  "retry" : false,
  "extra" : {
    "severity" : "normal",
    "retries" : [ {
      "uid" : "4e7593b374b7a20d",
      "status" : "passed",
      "time" : {
        "start" : 1719320597627,
        "stop" : 1719320608818,
        "duration" : 11191
      }
    }, {
      "uid" : "cd9311a6f4f9ef3a",
      "status" : "passed",
      "time" : {
        "start" : 1719319598589,
        "stop" : 1719319609753,
        "duration" : 11164
      }
    }, {
      "uid" : "5fd780aaf1541c24",
      "status" : "passed",
      "time" : {
        "start" : 1719151100213,
        "stop" : 1719151111108,
        "duration" : 10895
      }
    }, {
      "uid" : "a3100c249a5b86e7",
      "status" : "passed",
      "time" : {
        "start" : 1719150882164,
        "stop" : 1719150893216,
        "duration" : 11052
      }
    }, {
      "uid" : "e67060a1fd8d379",
      "status" : "passed",
      "time" : {
        "start" : 1719150734775,
        "stop" : 1719150745581,
        "duration" : 10806
      }
    }, {
      "uid" : "4dbf1f7406a74983",
      "status" : "passed",
      "time" : {
        "start" : 1719150126768,
        "stop" : 1719150135625,
        "duration" : 8857
      }
    }, {
      "uid" : "91d7da447047ea1b",
      "status" : "passed",
      "time" : {
        "start" : 1719128801097,
        "stop" : 1719128810006,
        "duration" : 8909
      }
    }, {
      "uid" : "e9da6582201bd4f3",
      "status" : "passed",
      "time" : {
        "start" : 1719127923631,
        "stop" : 1719127932610,
        "duration" : 8979
      }
    }, {
      "uid" : "e1e203bfa5ee69cc",
      "status" : "passed",
      "time" : {
        "start" : 1719127390700,
        "stop" : 1719127399503,
        "duration" : 8803
      }
    }, {
      "uid" : "c8310d92bae924e8",
      "status" : "passed",
      "time" : {
        "start" : 1719045700157,
        "stop" : 1719045708914,
        "duration" : 8757
      }
    }, {
      "uid" : "7cf161cf58975ac0",
      "status" : "passed",
      "time" : {
        "start" : 1719044946581,
        "stop" : 1719044955362,
        "duration" : 8781
      }
    }, {
      "uid" : "be391cba70acd91c",
      "status" : "passed",
      "time" : {
        "start" : 1719044493151,
        "stop" : 1719044501910,
        "duration" : 8759
      }
    }, {
      "uid" : "e387adcc442535cf",
      "status" : "broken",
      "statusDetails" : "AttributeError: 'Browser' object has no attribute 'implicitly_wait'",
      "time" : {
        "start" : 1719043867610,
        "stop" : 1719043867610,
        "duration" : 0
      }
    }, {
      "uid" : "bf6c82b6ebd750b1",
      "status" : "passed",
      "time" : {
        "start" : 1719012791608,
        "stop" : 1719012800429,
        "duration" : 8821
      }
    }, {
      "uid" : "1ed6c2c5914240",
      "status" : "passed",
      "time" : {
        "start" : 1719012558769,
        "stop" : 1719012567931,
        "duration" : 9162
      }
    }, {
      "uid" : "4c00f029a4585669",
      "status" : "passed",
      "time" : {
        "start" : 1718734917857,
        "stop" : 1718734926620,
        "duration" : 8763
      }
    }, {
      "uid" : "8eff666caf3e5136",
      "status" : "passed",
      "time" : {
        "start" : 1718734561493,
        "stop" : 1718734570368,
        "duration" : 8875
      }
    } ],
    "categories" : [ {
      "name" : "Test defects",
      "matchedStatuses" : [ ],
      "flaky" : false
    } ],
    "tags" : [ ]
  },
  "source" : "48794ff567f3324a.json",
  "parameterValues" : [ ]
}