{
  "uid" : "ebf0a06d2f3ff26e",
  "name" : "Test Authentication",
  "fullName" : "tests.test_auth_with_selene#test_login",
  "historyId" : "1a4d25bb59994fd792df79773c4c040e",
  "time" : {
    "start" : 1719855074420,
    "stop" : 1719855082833,
    "duration" : 8413
  },
  "description" : "This test attempts to log into the website using a login and a password. Fails if any error happens.\n\nNote that this test does not test 2-Factor Authentication.",
  "descriptionHtml" : "<p>This test attempts to log into the website using a login and a password. Fails if any error happens.</p>\n<p>Note that this test does not test 2-Factor Authentication.</p>\n",
  "status" : "passed",
  "flaky" : false,
  "newFailed" : false,
  "beforeStages" : [ {
    "name" : "browser_management",
    "time" : {
      "start" : 1719855074387,
      "stop" : 1719855074387,
      "duration" : 0
    },
    "status" : "passed",
    "steps" : [ ],
    "attachments" : [ ],
    "parameters" : [ ],
    "stepsCount" : 0,
    "attachmentsCount" : 0,
    "shouldDisplayMessage" : false,
    "hasContent" : false
  }, {
    "name" : "fake_password",
    "time" : {
      "start" : 1719855074404,
      "stop" : 1719855074420,
      "duration" : 16
    },
    "status" : "passed",
    "steps" : [ ],
    "attachments" : [ ],
    "parameters" : [ ],
    "stepsCount" : 0,
    "attachmentsCount" : 0,
    "shouldDisplayMessage" : false,
    "hasContent" : false
  }, {
    "name" : "chrome_options",
    "time" : {
      "start" : 1719855074387,
      "stop" : 1719855074387,
      "duration" : 0
    },
    "status" : "passed",
    "steps" : [ ],
    "attachments" : [ ],
    "parameters" : [ ],
    "stepsCount" : 0,
    "attachmentsCount" : 0,
    "shouldDisplayMessage" : false,
    "hasContent" : false
  }, {
    "name" : "_session_faker",
    "time" : {
      "start" : 1719855064821,
      "stop" : 1719855064885,
      "duration" : 64
    },
    "status" : "passed",
    "steps" : [ ],
    "attachments" : [ ],
    "parameters" : [ ],
    "stepsCount" : 0,
    "attachmentsCount" : 0,
    "shouldDisplayMessage" : false,
    "hasContent" : false
  }, {
    "name" : "fake_login",
    "time" : {
      "start" : 1719855074388,
      "stop" : 1719855074404,
      "duration" : 16
    },
    "status" : "passed",
    "steps" : [ ],
    "attachments" : [ ],
    "parameters" : [ ],
    "stepsCount" : 0,
    "attachmentsCount" : 0,
    "shouldDisplayMessage" : false,
    "hasContent" : false
  } ],
  "testStage" : {
    "description" : "This test attempts to log into the website using a login and a password. Fails if any error happens.\n\nNote that this test does not test 2-Factor Authentication.",
    "status" : "passed",
    "steps" : [ {
      "name" : "Открыть главную страницу",
      "time" : {
        "start" : 1719855074420,
        "stop" : 1719855074634,
        "duration" : 214
      },
      "status" : "passed",
      "steps" : [ ],
      "attachments" : [ ],
      "parameters" : [ ],
      "stepsCount" : 0,
      "attachmentsCount" : 0,
      "shouldDisplayMessage" : false,
      "hasContent" : false
    }, {
      "name" : "element('xpath', '//*[@id=\"startTest\"]'): click",
      "time" : {
        "start" : 1719855074634,
        "stop" : 1719855079658,
        "duration" : 5024
      },
      "status" : "passed",
      "steps" : [ ],
      "attachments" : [ ],
      "parameters" : [ ],
      "stepsCount" : 0,
      "attachmentsCount" : 0,
      "shouldDisplayMessage" : false,
      "hasContent" : false
    }, {
      "name" : "element('#login'): type: Jeffrey Ross",
      "time" : {
        "start" : 1719855079658,
        "stop" : 1719855079702,
        "duration" : 44
      },
      "status" : "passed",
      "steps" : [ ],
      "attachments" : [ ],
      "parameters" : [ ],
      "stepsCount" : 0,
      "attachmentsCount" : 0,
      "shouldDisplayMessage" : false,
      "hasContent" : false
    }, {
      "name" : "element('#password'): type: Magazine rich total president onto scene. Collection effect response. Leg inside only hit.",
      "time" : {
        "start" : 1719855079702,
        "stop" : 1719855079767,
        "duration" : 65
      },
      "status" : "passed",
      "steps" : [ ],
      "attachments" : [ ],
      "parameters" : [ ],
      "stepsCount" : 0,
      "attachmentsCount" : 0,
      "shouldDisplayMessage" : false,
      "hasContent" : false
    }, {
      "name" : "element('#agree'): click",
      "time" : {
        "start" : 1719855079767,
        "stop" : 1719855079802,
        "duration" : 35
      },
      "status" : "passed",
      "steps" : [ ],
      "attachments" : [ ],
      "parameters" : [ ],
      "stepsCount" : 0,
      "attachmentsCount" : 0,
      "shouldDisplayMessage" : false,
      "hasContent" : false
    }, {
      "name" : "element('xpath', './/*[text()[normalize-space(.) = concat(\"\", \"Зарегистрироваться\")]]'): click",
      "time" : {
        "start" : 1719855079802,
        "stop" : 1719855079831,
        "duration" : 29
      },
      "status" : "passed",
      "steps" : [ ],
      "attachments" : [ ],
      "parameters" : [ ],
      "stepsCount" : 0,
      "attachmentsCount" : 0,
      "shouldDisplayMessage" : false,
      "hasContent" : false
    }, {
      "name" : "element('#successMessage'): should have text Вы успешно зарегистрированы!",
      "time" : {
        "start" : 1719855079832,
        "stop" : 1719855082833,
        "duration" : 3001
      },
      "status" : "passed",
      "steps" : [ ],
      "attachments" : [ ],
      "parameters" : [ ],
      "stepsCount" : 0,
      "attachmentsCount" : 0,
      "shouldDisplayMessage" : false,
      "hasContent" : false
    } ],
    "attachments" : [ ],
    "parameters" : [ ],
    "stepsCount" : 7,
    "attachmentsCount" : 0,
    "shouldDisplayMessage" : false,
    "hasContent" : true
  },
  "afterStages" : [ {
    "name" : "browser_management::0",
    "time" : {
      "start" : 1719855082834,
      "stop" : 1719855082925,
      "duration" : 91
    },
    "status" : "passed",
    "steps" : [ ],
    "attachments" : [ {
      "uid" : "4ca34c164f36d77",
      "name" : "screenshot",
      "source" : "4ca34c164f36d77.png",
      "type" : "image/png",
      "size" : 10321
    } ],
    "parameters" : [ ],
    "stepsCount" : 0,
    "attachmentsCount" : 1,
    "shouldDisplayMessage" : false,
    "hasContent" : true
  } ],
  "labels" : [ {
    "name" : "tag",
    "value" : "NewUI"
  }, {
    "name" : "owner",
    "value" : "John Doe"
  }, {
    "name" : "tag",
    "value" : "Essentials"
  }, {
    "name" : "severity",
    "value" : "critical"
  }, {
    "name" : "tag",
    "value" : "Authentication"
  }, {
    "name" : "parentSuite",
    "value" : "tests"
  }, {
    "name" : "suite",
    "value" : "test_auth_with_selene"
  }, {
    "name" : "host",
    "value" : "fv-az568-306"
  }, {
    "name" : "thread",
    "value" : "2238-MainThread"
  }, {
    "name" : "framework",
    "value" : "pytest"
  }, {
    "name" : "language",
    "value" : "cpython3"
  }, {
    "name" : "package",
    "value" : "tests.test_auth_with_selene"
  }, {
    "name" : "resultFormat",
    "value" : "allure2"
  } ],
  "parameters" : [ ],
  "links" : [ {
    "name" : "TMS-456",
    "url" : "TMS-456",
    "type" : "tms"
  }, {
    "name" : "AUTH-123",
    "url" : "AUTH-123",
    "type" : "issue"
  }, {
    "name" : "Website",
    "url" : "https://victoretc.github.io/selenium_waits/",
    "type" : "link"
  } ],
  "hidden" : false,
  "retry" : false,
  "extra" : {
    "severity" : "critical",
    "owner" : "John Doe",
    "retries" : [ {
      "uid" : "dc1f346062b7cc8d",
      "status" : "passed",
      "time" : {
        "start" : 1719845684246,
        "stop" : 1719845694196,
        "duration" : 9950
      }
    }, {
      "uid" : "51ae654668196fd6",
      "status" : "passed",
      "time" : {
        "start" : 1719845454809,
        "stop" : 1719845464570,
        "duration" : 9761
      }
    }, {
      "uid" : "2d5699823c396a8f",
      "status" : "passed",
      "time" : {
        "start" : 1719484802571,
        "stop" : 1719484812788,
        "duration" : 10217
      }
    }, {
      "uid" : "3524951b40280bc2",
      "status" : "passed",
      "time" : {
        "start" : 1719416604687,
        "stop" : 1719416614685,
        "duration" : 9998
      }
    }, {
      "uid" : "f39978f7358b051a",
      "status" : "passed",
      "time" : {
        "start" : 1719416103884,
        "stop" : 1719416115789,
        "duration" : 11905
      }
    }, {
      "uid" : "bdd63fd5aba53da3",
      "status" : "passed",
      "time" : {
        "start" : 1719414659455,
        "stop" : 1719414670860,
        "duration" : 11405
      }
    }, {
      "uid" : "6df78c2acf024907",
      "status" : "passed",
      "time" : {
        "start" : 1719413671061,
        "stop" : 1719413681630,
        "duration" : 10569
      }
    }, {
      "uid" : "9f5a14a57e7fe1e4",
      "status" : "passed",
      "time" : {
        "start" : 1719413099998,
        "stop" : 1719413110375,
        "duration" : 10377
      }
    }, {
      "uid" : "a6633c3e724082ba",
      "status" : "passed",
      "time" : {
        "start" : 1719412283489,
        "stop" : 1719412294001,
        "duration" : 10512
      }
    }, {
      "uid" : "dfc94d2b567c5a26",
      "status" : "passed",
      "time" : {
        "start" : 1719409829921,
        "stop" : 1719409840556,
        "duration" : 10635
      }
    }, {
      "uid" : "42169360eccf2054",
      "status" : "broken",
      "statusDetails" : "TypeError: expected str, bytes or os.PathLike object, not NoneType",
      "time" : {
        "start" : 1719407323134,
        "stop" : 1719407323134,
        "duration" : 0
      }
    }, {
      "uid" : "6e7bbcff8599e2ec",
      "status" : "broken",
      "statusDetails" : "NameError: name 'chrome_driver_path' is not defined",
      "time" : {
        "start" : 1719407138713,
        "stop" : 1719407138713,
        "duration" : 0
      }
    }, {
      "uid" : "470f2a40f7a831fc",
      "status" : "broken",
      "statusDetails" : "TypeError: expected str, bytes or os.PathLike object, not NoneType",
      "time" : {
        "start" : 1719406600726,
        "stop" : 1719406600726,
        "duration" : 0
      }
    }, {
      "uid" : "1ad98fa59ccd1066",
      "status" : "passed",
      "time" : {
        "start" : 1719405175713,
        "stop" : 1719405186138,
        "duration" : 10425
      }
    }, {
      "uid" : "95c96835e2ebdb0c",
      "status" : "passed",
      "time" : {
        "start" : 1719404993170,
        "stop" : 1719405003855,
        "duration" : 10685
      }
    }, {
      "uid" : "65d17befb68c0c8a",
      "status" : "broken",
      "statusDetails" : "TypeError: expected str, bytes or os.PathLike object, not NoneType",
      "time" : {
        "start" : 1719404881130,
        "stop" : 1719404881130,
        "duration" : 0
      }
    }, {
      "uid" : "f3ae614b7259a970",
      "status" : "passed",
      "time" : {
        "start" : 1719403623561,
        "stop" : 1719403634070,
        "duration" : 10509
      }
    }, {
      "uid" : "1291ad4466de2c20",
      "status" : "passed",
      "time" : {
        "start" : 1719331476349,
        "stop" : 1719331486826,
        "duration" : 10477
      }
    }, {
      "uid" : "a51abeaadaf7d67d",
      "status" : "passed",
      "time" : {
        "start" : 1719331089942,
        "stop" : 1719331100226,
        "duration" : 10284
      }
    }, {
      "uid" : "4c393b980476ee17",
      "status" : "broken",
      "statusDetails" : "urllib3.exceptions.LocationValueError: No host specified.",
      "time" : {
        "start" : 1719330829495,
        "stop" : 1719330829500,
        "duration" : 5
      }
    }, {
      "uid" : "a2a0b92331003fe7",
      "status" : "broken",
      "statusDetails" : "urllib3.exceptions.LocationValueError: No host specified.",
      "time" : {
        "start" : 1719330737902,
        "stop" : 1719330737940,
        "duration" : 38
      }
    }, {
      "uid" : "844529fd5124cafd",
      "status" : "passed",
      "time" : {
        "start" : 1719330068996,
        "stop" : 1719330079469,
        "duration" : 10473
      }
    }, {
      "uid" : "61948a09ef0b353a",
      "status" : "passed",
      "time" : {
        "start" : 1719330003049,
        "stop" : 1719330013985,
        "duration" : 10936
      }
    }, {
      "uid" : "8af7fd14642c71d8",
      "status" : "passed",
      "time" : {
        "start" : 1719329592413,
        "stop" : 1719329602749,
        "duration" : 10336
      }
    }, {
      "uid" : "4391f93ed1cceaf7",
      "status" : "passed",
      "time" : {
        "start" : 1719329211392,
        "stop" : 1719329221937,
        "duration" : 10545
      }
    }, {
      "uid" : "3ca5de8aa2630639",
      "status" : "broken",
      "statusDetails" : "FileNotFoundError: [WinError 2] The system cannot find the file specified",
      "time" : {
        "start" : 1719329066137,
        "stop" : 1719329066137,
        "duration" : 0
      }
    }, {
      "uid" : "d772b63a1b63b3c",
      "status" : "passed",
      "time" : {
        "start" : 1719328898462,
        "stop" : 1719328908820,
        "duration" : 10358
      }
    }, {
      "uid" : "cfae53900191746d",
      "status" : "passed",
      "time" : {
        "start" : 1719325868376,
        "stop" : 1719325879761,
        "duration" : 11385
      }
    }, {
      "uid" : "b9c259c42cf3c28f",
      "status" : "passed",
      "time" : {
        "start" : 1719320775054,
        "stop" : 1719320785535,
        "duration" : 10481
      }
    }, {
      "uid" : "b7a30b3ccc7819de",
      "status" : "passed",
      "time" : {
        "start" : 1719320544976,
        "stop" : 1719320556078,
        "duration" : 11102
      }
    }, {
      "uid" : "c99378cb1cda2740",
      "status" : "passed",
      "time" : {
        "start" : 1719319547096,
        "stop" : 1719319559132,
        "duration" : 12036
      }
    }, {
      "uid" : "2ec3f3dcc959123e",
      "status" : "passed",
      "time" : {
        "start" : 1719151051520,
        "stop" : 1719151061897,
        "duration" : 10377
      }
    }, {
      "uid" : "4faaba4a266893e1",
      "status" : "passed",
      "time" : {
        "start" : 1719150830693,
        "stop" : 1719150842017,
        "duration" : 11324
      }
    }, {
      "uid" : "2fef4c2ff0d12399",
      "status" : "passed",
      "time" : {
        "start" : 1719150684754,
        "stop" : 1719150695156,
        "duration" : 10402
      }
    }, {
      "uid" : "e3588882e60a900",
      "status" : "passed",
      "time" : {
        "start" : 1719150077622,
        "stop" : 1719150087950,
        "duration" : 10328
      }
    }, {
      "uid" : "94b5ace61aa99190",
      "status" : "passed",
      "time" : {
        "start" : 1719128751637,
        "stop" : 1719128762000,
        "duration" : 10363
      }
    }, {
      "uid" : "cd4e18d791f2660d",
      "status" : "passed",
      "time" : {
        "start" : 1719127874385,
        "stop" : 1719127884755,
        "duration" : 10370
      }
    }, {
      "uid" : "359b217c7071098a",
      "status" : "passed",
      "time" : {
        "start" : 1719127339149,
        "stop" : 1719127347891,
        "duration" : 8742
      }
    }, {
      "uid" : "a0814f58178ac370",
      "status" : "passed",
      "time" : {
        "start" : 1719045648632,
        "stop" : 1719045657379,
        "duration" : 8747
      }
    }, {
      "uid" : "8c6cd2ea67621426",
      "status" : "passed",
      "time" : {
        "start" : 1719044895289,
        "stop" : 1719044903952,
        "duration" : 8663
      }
    }, {
      "uid" : "c1fdaa00b2802d37",
      "status" : "passed",
      "time" : {
        "start" : 1719044441407,
        "stop" : 1719044450074,
        "duration" : 8667
      }
    }, {
      "uid" : "d99bb25533f48d26",
      "status" : "broken",
      "statusDetails" : "AttributeError: 'Browser' object has no attribute 'implicitly_wait'",
      "time" : {
        "start" : 1719043867535,
        "stop" : 1719043867535,
        "duration" : 0
      }
    }, {
      "uid" : "c9c33b8f1ee05cf6",
      "status" : "passed",
      "time" : {
        "start" : 1719012739838,
        "stop" : 1719012748574,
        "duration" : 8736
      }
    }, {
      "uid" : "93affe83e08bda14",
      "status" : "failed",
      "statusDetails" : "selene.core.exceptions.TimeoutException: Message: \n\nTimed out after 10s, while waiting for:\nbrowser.element(('css selector', '#login')).type: John\n\nReason: ElementNotInteractableException: element not interactable\n  (Session info: chrome=121.0.6167.140)\nScreenshot: file://C:\\Users\\Юрий\\.selene\\screenshots\\1719012484799\\1719012484799.png\nPageSource: file://C:\\Users\\Юрий\\.selene\\screenshots\\1719012484799\\1719012484799.html",
      "time" : {
        "start" : 1719012508781,
        "stop" : 1719012519251,
        "duration" : 10470
      }
    }, {
      "uid" : "f897bb6795e27980",
      "status" : "passed",
      "time" : {
        "start" : 1718734864206,
        "stop" : 1718734872972,
        "duration" : 8766
      }
    }, {
      "uid" : "83852bd0a70ab287",
      "status" : "passed",
      "time" : {
        "start" : 1718734515271,
        "stop" : 1718734523953,
        "duration" : 8682
      }
    } ],
    "categories" : [ ],
    "history" : {
      "statistic" : {
        "failed" : 0,
        "broken" : 20,
        "skipped" : 0,
        "passed" : 4,
        "unknown" : 0,
        "total" : 24
      },
      "items" : [ {
        "uid" : "206cf0cbf7f65a82",
        "reportUrl" : "https://YuryHerasimau.github.io/selenium_waits/23//#testresult/206cf0cbf7f65a82",
        "status" : "passed",
        "time" : {
          "start" : 1719484938489,
          "stop" : 1719484946974,
          "duration" : 8485
        }
      }, {
        "uid" : "c8571d4bf89f08d2",
        "reportUrl" : "https://YuryHerasimau.github.io/selenium_waits/22//#testresult/c8571d4bf89f08d2",
        "status" : "passed",
        "time" : {
          "start" : 1719416734311,
          "stop" : 1719416742815,
          "duration" : 8504
        }
      }, {
        "uid" : "6c23edb019a2ca96",
        "reportUrl" : "https://YuryHerasimau.github.io/selenium_waits/21//#testresult/6c23edb019a2ca96",
        "status" : "broken",
        "statusDetails" : "selenium.common.exceptions.SessionNotCreatedException: Message: session not created: Chrome failed to start: exited normally.\n  (session not created: DevToolsActivePort file doesn't exist)\n  (The process started from chrome location /usr/bin/google-chrome is no longer running, so ChromeDriver is assuming that Chrome has crashed.)\nStacktrace:\n#0 0x559a661dc6aa <unknown>\n#1 0x559a65ebf0dc <unknown>\n#2 0x559a65ef402a <unknown>\n#3 0x559a65ef043b <unknown>\n#4 0x559a65f3aef9 <unknown>\n#5 0x559a65f2e613 <unknown>\n#6 0x559a65efe4f7 <unknown>\n#7 0x559a65efee4e <unknown>\n#8 0x559a661a287b <unknown>\n#9 0x559a661a6921 <unknown>\n#10 0x559a6618e36e <unknown>\n#11 0x559a661a7482 <unknown>\n#12 0x559a66172ccf <unknown>\n#13 0x559a661cc0a8 <unknown>\n#14 0x559a661cc280 <unknown>\n#15 0x559a661db7dc <unknown>\n#16 0x7ff3f2c94ac3 <unknown>",
        "time" : {
          "start" : 1719416285811,
          "stop" : 1719416286319,
          "duration" : 508
        }
      }, {
        "uid" : "e30c8372cb407942",
        "reportUrl" : "https://YuryHerasimau.github.io/selenium_waits/20//#testresult/e30c8372cb407942",
        "status" : "broken",
        "statusDetails" : "selenium.common.exceptions.SessionNotCreatedException: Message: session not created: Chrome failed to start: exited normally.\n  (session not created: DevToolsActivePort file doesn't exist)\n  (The process started from chrome location /usr/bin/google-chrome is no longer running, so ChromeDriver is assuming that Chrome has crashed.)\nStacktrace:\n#0 0x5624e9d2c6aa <unknown>\n#1 0x5624e9a0f0dc <unknown>\n#2 0x5624e9a4402a <unknown>\n#3 0x5624e9a4043b <unknown>\n#4 0x5624e9a8aef9 <unknown>\n#5 0x5624e9a7e613 <unknown>\n#6 0x5624e9a4e4f7 <unknown>\n#7 0x5624e9a4ee4e <unknown>\n#8 0x5624e9cf287b <unknown>\n#9 0x5624e9cf6921 <unknown>\n#10 0x5624e9cde36e <unknown>\n#11 0x5624e9cf7482 <unknown>\n#12 0x5624e9cc2ccf <unknown>\n#13 0x5624e9d1c0a8 <unknown>\n#14 0x5624e9d1c280 <unknown>\n#15 0x5624e9d2b7dc <unknown>\n#16 0x7f03a9094ac3 <unknown>",
        "time" : {
          "start" : 1719414798534,
          "stop" : 1719414798720,
          "duration" : 186
        }
      }, {
        "uid" : "f70ea42603d32e37",
        "reportUrl" : "https://YuryHerasimau.github.io/selenium_waits/19//#testresult/f70ea42603d32e37",
        "status" : "passed",
        "time" : {
          "start" : 1719413671061,
          "stop" : 1719413681630,
          "duration" : 10569
        }
      }, {
        "uid" : "8110a68a60637f3b",
        "reportUrl" : "https://YuryHerasimau.github.io/selenium_waits/18//#testresult/8110a68a60637f3b",
        "status" : "broken",
        "statusDetails" : "selenium.common.exceptions.WebDriverException: Message: 'chromedriver-linux64' executable may have wrong permissions.",
        "time" : {
          "start" : 1719413938013,
          "stop" : 1719413938013,
          "duration" : 0
        }
      }, {
        "uid" : "9e8cd41c982d474b",
        "reportUrl" : "https://YuryHerasimau.github.io/selenium_waits/17//#testresult/9e8cd41c982d474b",
        "status" : "broken",
        "statusDetails" : "selenium.common.exceptions.WebDriverException: Message: 'chromedriver-linux64' executable may have wrong permissions.",
        "time" : {
          "start" : 1719413253179,
          "stop" : 1719413253179,
          "duration" : 0
        }
      }, {
        "uid" : "1223c64fdd21a81",
        "reportUrl" : "https://YuryHerasimau.github.io/selenium_waits/16//#testresult/1223c64fdd21a81",
        "status" : "broken",
        "statusDetails" : "selenium.common.exceptions.WebDriverException: Message: 'chromedriver-linux64' executable may have wrong permissions.",
        "time" : {
          "start" : 1719412458626,
          "stop" : 1719412458626,
          "duration" : 0
        }
      }, {
        "uid" : "a5d44279daf5d759",
        "reportUrl" : "https://YuryHerasimau.github.io/selenium_waits/15//#testresult/a5d44279daf5d759",
        "status" : "broken",
        "statusDetails" : "TypeError: expected str, bytes or os.PathLike object, not NoneType",
        "time" : {
          "start" : 1719412183882,
          "stop" : 1719412183882,
          "duration" : 0
        }
      }, {
        "uid" : "5a0c7fad52f0edc6",
        "reportUrl" : "https://YuryHerasimau.github.io/selenium_waits/14//#testresult/5a0c7fad52f0edc6",
        "status" : "broken",
        "statusDetails" : "TypeError: expected str, bytes or os.PathLike object, not NoneType",
        "time" : {
          "start" : 1719412051527,
          "stop" : 1719412051527,
          "duration" : 0
        }
      }, {
        "uid" : "ab31d41ec284a87",
        "reportUrl" : "https://YuryHerasimau.github.io/selenium_waits/13//#testresult/ab31d41ec284a87",
        "status" : "broken",
        "statusDetails" : "TypeError: expected str, bytes or os.PathLike object, not NoneType",
        "time" : {
          "start" : 1719410376577,
          "stop" : 1719410376577,
          "duration" : 0
        }
      }, {
        "uid" : "15b6c31a75ae26d",
        "reportUrl" : "https://YuryHerasimau.github.io/selenium_waits/12//#testresult/15b6c31a75ae26d",
        "status" : "broken",
        "statusDetails" : "selenium.common.exceptions.WebDriverException: Message: 'chromedriver-linux64' executable may have wrong permissions.",
        "time" : {
          "start" : 1719405781857,
          "stop" : 1719405781857,
          "duration" : 0
        }
      }, {
        "uid" : "426cd93975a322a1",
        "reportUrl" : "https://YuryHerasimau.github.io/selenium_waits/11//#testresult/426cd93975a322a1",
        "status" : "broken",
        "statusDetails" : "selenium.common.exceptions.SessionNotCreatedException: Message: session not created: Chrome failed to start: exited normally.\n  (session not created: DevToolsActivePort file doesn't exist)\n  (The process started from chrome location /usr/bin/google-chrome is no longer running, so ChromeDriver is assuming that Chrome has crashed.)\nStacktrace:\n#0 0x5574f39636aa <unknown>\n#1 0x5574f36460dc <unknown>\n#2 0x5574f367b02a <unknown>\n#3 0x5574f367743b <unknown>\n#4 0x5574f36c1ef9 <unknown>\n#5 0x5574f36b5613 <unknown>\n#6 0x5574f36854f7 <unknown>\n#7 0x5574f3685e4e <unknown>\n#8 0x5574f392987b <unknown>\n#9 0x5574f392d921 <unknown>\n#10 0x5574f391536e <unknown>\n#11 0x5574f392e482 <unknown>\n#12 0x5574f38f9ccf <unknown>\n#13 0x5574f39530a8 <unknown>\n#14 0x5574f3953280 <unknown>\n#15 0x5574f39627dc <unknown>\n#16 0x7f9590494ac3 <unknown>",
        "time" : {
          "start" : 1719331621603,
          "stop" : 1719331622216,
          "duration" : 613
        }
      }, {
        "uid" : "3cc87b4dfb2c21b5",
        "reportUrl" : "https://YuryHerasimau.github.io/selenium_waits/10//#testresult/3cc87b4dfb2c21b5",
        "status" : "broken",
        "statusDetails" : "selenium.common.exceptions.SessionNotCreatedException: Message: session not created: Chrome failed to start: exited normally.\n  (session not created: DevToolsActivePort file doesn't exist)\n  (The process started from chrome location /usr/bin/google-chrome is no longer running, so ChromeDriver is assuming that Chrome has crashed.)\nStacktrace:\n#0 0x558af43026aa <unknown>\n#1 0x558af3fe50dc <unknown>\n#2 0x558af401a02a <unknown>\n#3 0x558af401643b <unknown>\n#4 0x558af4060ef9 <unknown>\n#5 0x558af4054613 <unknown>\n#6 0x558af40244f7 <unknown>\n#7 0x558af4024e4e <unknown>\n#8 0x558af42c887b <unknown>\n#9 0x558af42cc921 <unknown>\n#10 0x558af42b436e <unknown>\n#11 0x558af42cd482 <unknown>\n#12 0x558af4298ccf <unknown>\n#13 0x558af42f20a8 <unknown>\n#14 0x558af42f2280 <unknown>\n#15 0x558af43017dc <unknown>\n#16 0x7f5dbca94ac3 <unknown>",
        "time" : {
          "start" : 1719331274759,
          "stop" : 1719331274948,
          "duration" : 189
        }
      }, {
        "uid" : "4281eda5ea477459",
        "reportUrl" : "https://YuryHerasimau.github.io/selenium_waits/9//#testresult/4281eda5ea477459",
        "status" : "broken",
        "statusDetails" : "selenium.common.exceptions.SessionNotCreatedException: Message: session not created: Chrome failed to start: exited normally.\n  (session not created: DevToolsActivePort file doesn't exist)\n  (The process started from chrome location /usr/bin/google-chrome is no longer running, so ChromeDriver is assuming that Chrome has crashed.)\nStacktrace:\n#0 0x55a7d7a376aa <unknown>\n#1 0x55a7d771a0dc <unknown>\n#2 0x55a7d774f02a <unknown>\n#3 0x55a7d774b43b <unknown>\n#4 0x55a7d7795ef9 <unknown>\n#5 0x55a7d7789613 <unknown>\n#6 0x55a7d77594f7 <unknown>\n#7 0x55a7d7759e4e <unknown>\n#8 0x55a7d79fd87b <unknown>\n#9 0x55a7d7a01921 <unknown>\n#10 0x55a7d79e936e <unknown>\n#11 0x55a7d7a02482 <unknown>\n#12 0x55a7d79cdccf <unknown>\n#13 0x55a7d7a270a8 <unknown>\n#14 0x55a7d7a27280 <unknown>\n#15 0x55a7d7a367dc <unknown>\n#16 0x7f9422694ac3 <unknown>",
        "time" : {
          "start" : 1719330228778,
          "stop" : 1719330229068,
          "duration" : 290
        }
      }, {
        "uid" : "970c7e029a09ea84",
        "reportUrl" : "https://YuryHerasimau.github.io/selenium_waits/8//#testresult/970c7e029a09ea84",
        "status" : "broken",
        "statusDetails" : "selenium.common.exceptions.SessionNotCreatedException: Message: session not created: Chrome failed to start: exited normally.\n  (session not created: DevToolsActivePort file doesn't exist)\n  (The process started from chrome location /usr/bin/google-chrome is no longer running, so ChromeDriver is assuming that Chrome has crashed.)\nStacktrace:\n#0 0x563a501a56aa <unknown>\n#1 0x563a4fe880dc <unknown>\n#2 0x563a4febd02a <unknown>\n#3 0x563a4feb943b <unknown>\n#4 0x563a4ff03ef9 <unknown>\n#5 0x563a4fef7613 <unknown>\n#6 0x563a4fec74f7 <unknown>\n#7 0x563a4fec7e4e <unknown>\n#8 0x563a5016b87b <unknown>\n#9 0x563a5016f921 <unknown>\n#10 0x563a5015736e <unknown>\n#11 0x563a50170482 <unknown>\n#12 0x563a5013bccf <unknown>\n#13 0x563a501950a8 <unknown>\n#14 0x563a50195280 <unknown>\n#15 0x563a501a47dc <unknown>\n#16 0x7fc078894ac3 <unknown>",
        "time" : {
          "start" : 1719329829862,
          "stop" : 1719329830051,
          "duration" : 189
        }
      }, {
        "uid" : "ab1d769c45b8466f",
        "reportUrl" : "https://YuryHerasimau.github.io/selenium_waits/7//#testresult/ab1d769c45b8466f",
        "status" : "broken",
        "statusDetails" : "selenium.common.exceptions.SessionNotCreatedException: Message: session not created: Chrome failed to start: exited normally.\n  (session not created: DevToolsActivePort file doesn't exist)\n  (The process started from chrome location /usr/bin/google-chrome is no longer running, so ChromeDriver is assuming that Chrome has crashed.)\nStacktrace:\n#0 0x559d7bf4b6aa <unknown>\n#1 0x559d7bc2e0dc <unknown>\n#2 0x559d7bc6302a <unknown>\n#3 0x559d7bc5f43b <unknown>\n#4 0x559d7bca9ef9 <unknown>\n#5 0x559d7bc9d613 <unknown>\n#6 0x559d7bc6d4f7 <unknown>\n#7 0x559d7bc6de4e <unknown>\n#8 0x559d7bf1187b <unknown>\n#9 0x559d7bf15921 <unknown>\n#10 0x559d7befd36e <unknown>\n#11 0x559d7bf16482 <unknown>\n#12 0x559d7bee1ccf <unknown>\n#13 0x559d7bf3b0a8 <unknown>\n#14 0x559d7bf3b280 <unknown>\n#15 0x559d7bf4a7dc <unknown>\n#16 0x7f4c4fe94ac3 <unknown>",
        "time" : {
          "start" : 1719329347906,
          "stop" : 1719329348203,
          "duration" : 297
        }
      }, {
        "uid" : "f8b194d80557e05e",
        "reportUrl" : "https://YuryHerasimau.github.io/selenium_waits/6//#testresult/f8b194d80557e05e",
        "status" : "broken",
        "statusDetails" : "selenium.common.exceptions.SessionNotCreatedException: Message: session not created: Chrome failed to start: exited normally.\n  (session not created: DevToolsActivePort file doesn't exist)\n  (The process started from chrome location /usr/bin/google-chrome is no longer running, so ChromeDriver is assuming that Chrome has crashed.)\nStacktrace:\n#0 0x5582de5366aa <unknown>\n#1 0x5582de2190dc <unknown>\n#2 0x5582de24e02a <unknown>\n#3 0x5582de24a43b <unknown>\n#4 0x5582de294ef9 <unknown>\n#5 0x5582de288613 <unknown>\n#6 0x5582de2584f7 <unknown>\n#7 0x5582de258e4e <unknown>\n#8 0x5582de4fc87b <unknown>\n#9 0x5582de500921 <unknown>\n#10 0x5582de4e836e <unknown>\n#11 0x5582de501482 <unknown>\n#12 0x5582de4ccccf <unknown>\n#13 0x5582de5260a8 <unknown>\n#14 0x5582de526280 <unknown>\n#15 0x5582de5357dc <unknown>\n#16 0x7f7f75294ac3 <unknown>",
        "time" : {
          "start" : 1719328464047,
          "stop" : 1719328464229,
          "duration" : 182
        }
      }, {
        "uid" : "f4a3b9a1f7939696",
        "reportUrl" : "https://YuryHerasimau.github.io/selenium_waits/5//#testresult/f4a3b9a1f7939696",
        "status" : "broken",
        "statusDetails" : "selenium.common.exceptions.SessionNotCreatedException: Message: session not created: Chrome failed to start: exited normally.\n  (session not created: DevToolsActivePort file doesn't exist)\n  (The process started from chrome location /usr/bin/google-chrome is no longer running, so ChromeDriver is assuming that Chrome has crashed.)\nStacktrace:\n#0 0x5558aadd66aa <unknown>\n#1 0x5558aaab90dc <unknown>\n#2 0x5558aaaee02a <unknown>\n#3 0x5558aaaea43b <unknown>\n#4 0x5558aab34ef9 <unknown>\n#5 0x5558aab28613 <unknown>\n#6 0x5558aaaf84f7 <unknown>\n#7 0x5558aaaf8e4e <unknown>\n#8 0x5558aad9c87b <unknown>\n#9 0x5558aada0921 <unknown>\n#10 0x5558aad8836e <unknown>\n#11 0x5558aada1482 <unknown>\n#12 0x5558aad6cccf <unknown>\n#13 0x5558aadc60a8 <unknown>\n#14 0x5558aadc6280 <unknown>\n#15 0x5558aadd57dc <unknown>\n#16 0x7f4e55694ac3 <unknown>",
        "time" : {
          "start" : 1719327466934,
          "stop" : 1719327467333,
          "duration" : 399
        }
      }, {
        "uid" : "73a7d6b4ee13e34a",
        "reportUrl" : "https://YuryHerasimau.github.io/selenium_waits/4//#testresult/73a7d6b4ee13e34a",
        "status" : "broken",
        "statusDetails" : "selenium.common.exceptions.SessionNotCreatedException: Message: session not created: Chrome failed to start: exited normally.\n  (session not created: DevToolsActivePort file doesn't exist)\n  (The process started from chrome location /usr/bin/google-chrome is no longer running, so ChromeDriver is assuming that Chrome has crashed.)\nStacktrace:\n#0 0x5633e3c886aa <unknown>\n#1 0x5633e396b0dc <unknown>\n#2 0x5633e39a002a <unknown>\n#3 0x5633e399c43b <unknown>\n#4 0x5633e39e6ef9 <unknown>\n#5 0x5633e39da613 <unknown>\n#6 0x5633e39aa4f7 <unknown>\n#7 0x5633e39aae4e <unknown>\n#8 0x5633e3c4e87b <unknown>\n#9 0x5633e3c52921 <unknown>\n#10 0x5633e3c3a36e <unknown>\n#11 0x5633e3c53482 <unknown>\n#12 0x5633e3c1eccf <unknown>\n#13 0x5633e3c780a8 <unknown>\n#14 0x5633e3c78280 <unknown>\n#15 0x5633e3c877dc <unknown>\n#16 0x7ff989c94ac3 <unknown>",
        "time" : {
          "start" : 1719326203064,
          "stop" : 1719326203247,
          "duration" : 183
        }
      } ]
    },
    "tags" : [ "Authentication", "Essentials", "NewUI" ]
  },
  "source" : "ebf0a06d2f3ff26e.json",
  "parameterValues" : [ ]
}