{
  "uid" : "52ca36f18e7c293c",
  "name" : "test_register_with_explicit_waits",
  "fullName" : "tests.test_selenium_waits#test_register_with_explicit_waits",
  "historyId" : "4f812f0a491918964ba0000ac9383a15",
  "time" : {
    "start" : 1719324131397,
    "stop" : 1719324131397,
    "duration" : 0
  },
  "description" : "Using Explicit waits and Expected Conditions",
  "descriptionHtml" : "<p>Using Explicit waits and Expected Conditions</p>\n",
  "status" : "broken",
  "statusMessage" : "selenium.common.exceptions.SessionNotCreatedException: Message: session not created: Chrome failed to start: exited normally.\n  (session not created: DevToolsActivePort file doesn't exist)\n  (The process started from chrome location /usr/bin/google-chrome is no longer running, so ChromeDriver is assuming that Chrome has crashed.)\nStacktrace:\n#0 0x55da962496aa <unknown>\n#1 0x55da95f2c0dc <unknown>\n#2 0x55da95f6102a <unknown>\n#3 0x55da95f5d43b <unknown>\n#4 0x55da95fa7ef9 <unknown>\n#5 0x55da95f9b613 <unknown>\n#6 0x55da95f6b4f7 <unknown>\n#7 0x55da95f6be4e <unknown>\n#8 0x55da9620f87b <unknown>\n#9 0x55da96213921 <unknown>\n#10 0x55da961fb36e <unknown>\n#11 0x55da96214482 <unknown>\n#12 0x55da961dfccf <unknown>\n#13 0x55da962390a8 <unknown>\n#14 0x55da96239280 <unknown>\n#15 0x55da962487dc <unknown>\n#16 0x7fc6a3e94ac3 <unknown>",
  "statusTrace" : "chrome_options = <selenium.webdriver.chrome.options.Options object at 0x7f82c81c1c90>\n\n    @pytest.fixture()\n    def driver(chrome_options):\n>       driver = webdriver.Chrome(options=chrome_options)\n\nconftest.py:24: \n_ _ _ _ _ _ _ _ _ _ _ _ _ _ _ _ _ _ _ _ _ _ _ _ _ _ _ _ _ _ _ _ _ _ _ _ _ _ _ _ \n/opt/hostedtoolcache/Python/3.11.9/x64/lib/python3.11/site-packages/selenium/webdriver/chrome/webdriver.py:45: in __init__\n    super().__init__(\n/opt/hostedtoolcache/Python/3.11.9/x64/lib/python3.11/site-packages/selenium/webdriver/chromium/webdriver.py:66: in __init__\n    super().__init__(command_executor=executor, options=options)\n/opt/hostedtoolcache/Python/3.11.9/x64/lib/python3.11/site-packages/selenium/webdriver/remote/webdriver.py:208: in __init__\n    self.start_session(capabilities)\n/opt/hostedtoolcache/Python/3.11.9/x64/lib/python3.11/site-packages/selenium/webdriver/remote/webdriver.py:292: in start_session\n    response = self.execute(Command.NEW_SESSION, caps)[\"value\"]\n/opt/hostedtoolcache/Python/3.11.9/x64/lib/python3.11/site-packages/selenium/webdriver/remote/webdriver.py:347: in execute\n    self.error_handler.check_response(response)\n_ _ _ _ _ _ _ _ _ _ _ _ _ _ _ _ _ _ _ _ _ _ _ _ _ _ _ _ _ _ _ _ _ _ _ _ _ _ _ _ \n\nself = <selenium.webdriver.remote.errorhandler.ErrorHandler object at 0x7f82c8359cd0>\nresponse = {'status': 500, 'value': '{\"value\":{\"error\":\"session not created\",\"message\":\"session not created: Chrome failed to sta...\\\\n#14 0x55da96239280 \\\\u003Cunknown>\\\\n#15 0x55da962487dc \\\\u003Cunknown>\\\\n#16 0x7fc6a3e94ac3 \\\\u003Cunknown>\\\\n\"}}'}\n\n    def check_response(self, response: Dict[str, Any]) -> None:\n        \"\"\"Checks that a JSON response from the WebDriver does not have an\n        error.\n    \n        :Args:\n         - response - The JSON response from the WebDriver server as a dictionary\n           object.\n    \n        :Raises: If the response contains an error message.\n        \"\"\"\n        status = response.get(\"status\", None)\n        if not status or status == ErrorCode.SUCCESS:\n            return\n        value = None\n        message = response.get(\"message\", \"\")\n        screen: str = response.get(\"screen\", \"\")\n        stacktrace = None\n        if isinstance(status, int):\n            value_json = response.get(\"value\", None)\n            if value_json and isinstance(value_json, str):\n                import json\n    \n                try:\n                    value = json.loads(value_json)\n                    if len(value) == 1:\n                        value = value[\"value\"]\n                    status = value.get(\"error\", None)\n                    if not status:\n                        status = value.get(\"status\", ErrorCode.UNKNOWN_ERROR)\n                        message = value.get(\"value\") or value.get(\"message\")\n                        if not isinstance(message, str):\n                            value = message\n                            message = message.get(\"message\")\n                    else:\n                        message = value.get(\"message\", None)\n                except ValueError:\n                    pass\n    \n        exception_class: Type[WebDriverException]\n        e = ErrorCode()\n        error_codes = [item for item in dir(e) if not item.startswith(\"__\")]\n        for error_code in error_codes:\n            error_info = getattr(ErrorCode, error_code)\n            if isinstance(error_info, list) and status in error_info:\n                exception_class = getattr(ExceptionMapping, error_code, WebDriverException)\n                break\n        else:\n            exception_class = WebDriverException\n    \n        if not value:\n            value = response[\"value\"]\n        if isinstance(value, str):\n            raise exception_class(value)\n        if message == \"\" and \"message\" in value:\n            message = value[\"message\"]\n    \n        screen = None  # type: ignore[assignment]\n        if \"screen\" in value:\n            screen = value[\"screen\"]\n    \n        stacktrace = None\n        st_value = value.get(\"stackTrace\") or value.get(\"stacktrace\")\n        if st_value:\n            if isinstance(st_value, str):\n                stacktrace = st_value.split(\"\\n\")\n            else:\n                stacktrace = []\n                try:\n                    for frame in st_value:\n                        line = frame.get(\"lineNumber\", \"\")\n                        file = frame.get(\"fileName\", \"<anonymous>\")\n                        if line:\n                            file = f\"{file}:{line}\"\n                        meth = frame.get(\"methodName\", \"<anonymous>\")\n                        if \"className\" in frame:\n                            meth = f\"{frame['className']}.{meth}\"\n                        msg = \"    at %s (%s)\"\n                        msg = msg % (meth, file)\n                        stacktrace.append(msg)\n                except TypeError:\n                    pass\n        if exception_class == UnexpectedAlertPresentException:\n            alert_text = None\n            if \"data\" in value:\n                alert_text = value[\"data\"].get(\"text\")\n            elif \"alert\" in value:\n                alert_text = value[\"alert\"].get(\"text\")\n            raise exception_class(message, screen, stacktrace, alert_text)  # type: ignore[call-arg]  # mypy is not smart enough here\n>       raise exception_class(message, screen, stacktrace)\nE       selenium.common.exceptions.SessionNotCreatedException: Message: session not created: Chrome failed to start: exited normally.\nE         (session not created: DevToolsActivePort file doesn't exist)\nE         (The process started from chrome location /usr/bin/google-chrome is no longer running, so ChromeDriver is assuming that Chrome has crashed.)\nE       Stacktrace:\nE       #0 0x55da962496aa <unknown>\nE       #1 0x55da95f2c0dc <unknown>\nE       #2 0x55da95f6102a <unknown>\nE       #3 0x55da95f5d43b <unknown>\nE       #4 0x55da95fa7ef9 <unknown>\nE       #5 0x55da95f9b613 <unknown>\nE       #6 0x55da95f6b4f7 <unknown>\nE       #7 0x55da95f6be4e <unknown>\nE       #8 0x55da9620f87b <unknown>\nE       #9 0x55da96213921 <unknown>\nE       #10 0x55da961fb36e <unknown>\nE       #11 0x55da96214482 <unknown>\nE       #12 0x55da961dfccf <unknown>\nE       #13 0x55da962390a8 <unknown>\nE       #14 0x55da96239280 <unknown>\nE       #15 0x55da962487dc <unknown>\nE       #16 0x7fc6a3e94ac3 <unknown>\n\n/opt/hostedtoolcache/Python/3.11.9/x64/lib/python3.11/site-packages/selenium/webdriver/remote/errorhandler.py:229: SessionNotCreatedException",
  "flaky" : false,
  "newFailed" : false,
  "beforeStages" : [ {
    "name" : "driver",
    "time" : {
      "start" : 1719324131397,
      "stop" : 1719324131578,
      "duration" : 181
    },
    "status" : "broken",
    "statusMessage" : "selenium.common.exceptions.SessionNotCreatedException: Message: session not created: Chrome failed to start: exited normally.\n  (session not created: DevToolsActivePort file doesn't exist)\n  (The process started from chrome location /usr/bin/google-chrome is no longer running, so ChromeDriver is assuming that Chrome has crashed.)\nStacktrace:\n#0 0x55da962496aa <unknown>\n#1 0x55da95f2c0dc <unknown>\n#2 0x55da95f6102a <unknown>\n#3 0x55da95f5d43b <unknown>\n#4 0x55da95fa7ef9 <unknown>\n#5 0x55da95f9b613 <unknown>\n#6 0x55da95f6b4f7 <unknown>\n#7 0x55da95f6be4e <unknown>\n#8 0x55da9620f87b <unknown>\n#9 0x55da96213921 <unknown>\n#10 0x55da961fb36e <unknown>\n#11 0x55da96214482 <unknown>\n#12 0x55da961dfccf <unknown>\n#13 0x55da962390a8 <unknown>\n#14 0x55da96239280 <unknown>\n#15 0x55da962487dc <unknown>\n#16 0x7fc6a3e94ac3 <unknown>\n\n",
    "statusTrace" : "  File \"/opt/hostedtoolcache/Python/3.11.9/x64/lib/python3.11/site-packages/pluggy/_callers.py\", line 167, in _multicall\n    teardown.throw(outcome._exception)\n  File \"/opt/hostedtoolcache/Python/3.11.9/x64/lib/python3.11/site-packages/_pytest/setuponly.py\", line 36, in pytest_fixture_setup\n    return (yield)\n            ^^^^^\n  File \"/opt/hostedtoolcache/Python/3.11.9/x64/lib/python3.11/site-packages/pluggy/_callers.py\", line 103, in _multicall\n    res = hook_impl.function(*args)\n          ^^^^^^^^^^^^^^^^^^^^^^^^^\n  File \"/opt/hostedtoolcache/Python/3.11.9/x64/lib/python3.11/site-packages/_pytest/fixtures.py\", line 1122, in pytest_fixture_setup\n    result = call_fixture_func(fixturefunc, request, kwargs)\n             ^^^^^^^^^^^^^^^^^^^^^^^^^^^^^^^^^^^^^^^^^^^^^^^\n  File \"/opt/hostedtoolcache/Python/3.11.9/x64/lib/python3.11/site-packages/_pytest/fixtures.py\", line 877, in call_fixture_func\n    fixture_result = next(generator)\n                     ^^^^^^^^^^^^^^^\n  File \"/home/runner/work/selenium_waits/selenium_waits/conftest.py\", line 24, in driver\n    driver = webdriver.Chrome(options=chrome_options)\n             ^^^^^^^^^^^^^^^^^^^^^^^^^^^^^^^^^^^^^^^^\n  File \"/opt/hostedtoolcache/Python/3.11.9/x64/lib/python3.11/site-packages/selenium/webdriver/chrome/webdriver.py\", line 45, in __init__\n    super().__init__(\n  File \"/opt/hostedtoolcache/Python/3.11.9/x64/lib/python3.11/site-packages/selenium/webdriver/chromium/webdriver.py\", line 66, in __init__\n    super().__init__(command_executor=executor, options=options)\n  File \"/opt/hostedtoolcache/Python/3.11.9/x64/lib/python3.11/site-packages/selenium/webdriver/remote/webdriver.py\", line 208, in __init__\n    self.start_session(capabilities)\n  File \"/opt/hostedtoolcache/Python/3.11.9/x64/lib/python3.11/site-packages/selenium/webdriver/remote/webdriver.py\", line 292, in start_session\n    response = self.execute(Command.NEW_SESSION, caps)[\"value\"]\n               ^^^^^^^^^^^^^^^^^^^^^^^^^^^^^^^^^^^^^^^\n  File \"/opt/hostedtoolcache/Python/3.11.9/x64/lib/python3.11/site-packages/selenium/webdriver/remote/webdriver.py\", line 347, in execute\n    self.error_handler.check_response(response)\n  File \"/opt/hostedtoolcache/Python/3.11.9/x64/lib/python3.11/site-packages/selenium/webdriver/remote/errorhandler.py\", line 229, in check_response\n    raise exception_class(message, screen, stacktrace)\n",
    "steps" : [ ],
    "attachments" : [ ],
    "parameters" : [ ],
    "stepsCount" : 0,
    "attachmentsCount" : 0,
    "shouldDisplayMessage" : true,
    "hasContent" : true
  }, {
    "name" : "chrome_options",
    "time" : {
      "start" : 1719324131397,
      "stop" : 1719324131397,
      "duration" : 0
    },
    "status" : "passed",
    "steps" : [ ],
    "attachments" : [ ],
    "parameters" : [ ],
    "stepsCount" : 0,
    "attachmentsCount" : 0,
    "shouldDisplayMessage" : false,
    "hasContent" : false
  }, {
    "name" : "_session_faker",
    "time" : {
      "start" : 1719324130292,
      "stop" : 1719324130355,
      "duration" : 63
    },
    "status" : "passed",
    "steps" : [ ],
    "attachments" : [ ],
    "parameters" : [ ],
    "stepsCount" : 0,
    "attachmentsCount" : 0,
    "shouldDisplayMessage" : false,
    "hasContent" : false
  } ],
  "afterStages" : [ ],
  "labels" : [ {
    "name" : "parentSuite",
    "value" : "tests"
  }, {
    "name" : "suite",
    "value" : "test_selenium_waits"
  }, {
    "name" : "host",
    "value" : "fv-az1215-760"
  }, {
    "name" : "thread",
    "value" : "2239-MainThread"
  }, {
    "name" : "framework",
    "value" : "pytest"
  }, {
    "name" : "language",
    "value" : "cpython3"
  }, {
    "name" : "package",
    "value" : "tests.test_selenium_waits"
  }, {
    "name" : "resultFormat",
    "value" : "allure2"
  } ],
  "parameters" : [ ],
  "links" : [ ],
  "hidden" : false,
  "retry" : false,
  "extra" : {
    "severity" : "normal",
    "retries" : [ {
      "uid" : "b1c60d911754b7a5",
      "status" : "passed",
      "time" : {
        "start" : 1719320560838,
        "stop" : 1719320570261,
        "duration" : 9423
      }
    }, {
      "uid" : "7ae8d2d286bd821e",
      "status" : "passed",
      "time" : {
        "start" : 1719319564216,
        "stop" : 1719319573602,
        "duration" : 9386
      }
    }, {
      "uid" : "c50df4546f1f171d",
      "status" : "passed",
      "time" : {
        "start" : 1719151065868,
        "stop" : 1719151075394,
        "duration" : 9526
      }
    }, {
      "uid" : "253080982ee7ea46",
      "status" : "passed",
      "time" : {
        "start" : 1719150846082,
        "stop" : 1719150855523,
        "duration" : 9441
      }
    }, {
      "uid" : "4e4e8e21e7e0a474",
      "status" : "passed",
      "time" : {
        "start" : 1719150699381,
        "stop" : 1719150709274,
        "duration" : 9893
      }
    }, {
      "uid" : "a5cbc54f03763d99",
      "status" : "passed",
      "time" : {
        "start" : 1719150092154,
        "stop" : 1719150101490,
        "duration" : 9336
      }
    }, {
      "uid" : "49d7ce76644f7b46",
      "status" : "passed",
      "time" : {
        "start" : 1719128766175,
        "stop" : 1719128775695,
        "duration" : 9520
      }
    }, {
      "uid" : "72e714f26c9105df",
      "status" : "passed",
      "time" : {
        "start" : 1719127888827,
        "stop" : 1719127898561,
        "duration" : 9734
      }
    }, {
      "uid" : "91a0713be0ddd119",
      "status" : "passed",
      "time" : {
        "start" : 1719127355958,
        "stop" : 1719127365774,
        "duration" : 9816
      }
    }, {
      "uid" : "487b79e507094015",
      "status" : "passed",
      "time" : {
        "start" : 1719045665799,
        "stop" : 1719045675362,
        "duration" : 9563
      }
    }, {
      "uid" : "d0f17529c90000e1",
      "status" : "passed",
      "time" : {
        "start" : 1719044911963,
        "stop" : 1719044921624,
        "duration" : 9661
      }
    }, {
      "uid" : "9f8fce4bd515021",
      "status" : "passed",
      "time" : {
        "start" : 1719044458172,
        "stop" : 1719044467855,
        "duration" : 9683
      }
    }, {
      "uid" : "43cb5c34a34c3fe4",
      "status" : "broken",
      "statusDetails" : "AttributeError: 'Browser' object has no attribute 'implicitly_wait'",
      "time" : {
        "start" : 1719043867558,
        "stop" : 1719043867558,
        "duration" : 0
      }
    }, {
      "uid" : "48e17613e7b1f674",
      "status" : "passed",
      "time" : {
        "start" : 1719012756844,
        "stop" : 1719012766308,
        "duration" : 9464
      }
    }, {
      "uid" : "23f1fa10990ff750",
      "status" : "passed",
      "time" : {
        "start" : 1719012523784,
        "stop" : 1719012533111,
        "duration" : 9327
      }
    }, {
      "uid" : "fc2970ce2159c7fb",
      "status" : "passed",
      "time" : {
        "start" : 1718734881391,
        "stop" : 1718734891751,
        "duration" : 10360
      }
    }, {
      "uid" : "db57e07a5960b8c6",
      "status" : "passed",
      "time" : {
        "start" : 1718734526302,
        "stop" : 1718734535490,
        "duration" : 9188
      }
    } ],
    "categories" : [ {
      "name" : "Test defects",
      "matchedStatuses" : [ ],
      "flaky" : false
    } ],
    "history" : {
      "statistic" : {
        "failed" : 0,
        "broken" : 2,
        "skipped" : 0,
        "passed" : 0,
        "unknown" : 0,
        "total" : 2
      },
      "items" : [ {
        "uid" : "db61cd27502a8cdf",
        "reportUrl" : "https://YuryHerasimau.github.io/selenium_waits/1//#testresult/db61cd27502a8cdf",
        "status" : "broken",
        "statusDetails" : "selenium.common.exceptions.SessionNotCreatedException: Message: session not created: Chrome failed to start: exited normally.\n  (session not created: DevToolsActivePort file doesn't exist)\n  (The process started from chrome location /usr/bin/google-chrome is no longer running, so ChromeDriver is assuming that Chrome has crashed.)\nStacktrace:\n#0 0x55e77d50f6aa <unknown>\n#1 0x55e77d1f20dc <unknown>\n#2 0x55e77d22702a <unknown>\n#3 0x55e77d22343b <unknown>\n#4 0x55e77d26def9 <unknown>\n#5 0x55e77d261613 <unknown>\n#6 0x55e77d2314f7 <unknown>\n#7 0x55e77d231e4e <unknown>\n#8 0x55e77d4d587b <unknown>\n#9 0x55e77d4d9921 <unknown>\n#10 0x55e77d4c136e <unknown>\n#11 0x55e77d4da482 <unknown>\n#12 0x55e77d4a5ccf <unknown>\n#13 0x55e77d4ff0a8 <unknown>\n#14 0x55e77d4ff280 <unknown>\n#15 0x55e77d50e7dc <unknown>\n#16 0x7fe096a94ac3 <unknown>",
        "time" : {
          "start" : 1719323939854,
          "stop" : 1719323939854,
          "duration" : 0
        }
      } ]
    },
    "tags" : [ ]
  },
  "source" : "52ca36f18e7c293c.json",
  "parameterValues" : [ ]
}