{
  "uid" : "1223c64fdd21a81",
  "name" : "Test Authentication",
  "fullName" : "tests.test_auth_with_selene#test_login",
  "historyId" : "1a4d25bb59994fd792df79773c4c040e",
  "time" : {
    "start" : 1719412458626,
    "stop" : 1719412458626,
    "duration" : 0
  },
  "description" : "This test attempts to log into the website using a login and a password. Fails if any error happens.\n\nNote that this test does not test 2-Factor Authentication.",
  "descriptionHtml" : "<p>This test attempts to log into the website using a login and a password. Fails if any error happens.</p>\n<p>Note that this test does not test 2-Factor Authentication.</p>\n",
  "status" : "broken",
  "statusMessage" : "selenium.common.exceptions.WebDriverException: Message: 'chromedriver-linux64' executable may have wrong permissions.",
  "statusTrace" : "self = <selenium.webdriver.chrome.service.Service object at 0x7ff68f07ddd0>\npath = '/usr/local/share/chromedriver-linux64'\n\n    def _start_process(self, path: str) -> None:\n        \"\"\"Creates a subprocess by executing the command provided.\n    \n        :param cmd: full command to execute\n        \"\"\"\n        cmd = [path]\n        cmd.extend(self.command_line_args())\n        close_file_descriptors = self.popen_kw.pop(\"close_fds\", system() != \"Windows\")\n        try:\n            start_info = None\n            if system() == \"Windows\":\n                start_info = subprocess.STARTUPINFO()\n                start_info.dwFlags = subprocess.CREATE_NEW_CONSOLE | subprocess.STARTF_USESHOWWINDOW\n                start_info.wShowWindow = subprocess.SW_HIDE\n    \n>           self.process = subprocess.Popen(\n                cmd,\n                env=self.env,\n                close_fds=close_file_descriptors,\n                stdout=self.log_output,\n                stderr=self.log_output,\n                stdin=PIPE,\n                creationflags=self.creation_flags,\n                startupinfo=start_info,\n                **self.popen_kw,\n            )\n\n/opt/hostedtoolcache/Python/3.11.9/x64/lib/python3.11/site-packages/selenium/webdriver/common/service.py:208: \n_ _ _ _ _ _ _ _ _ _ _ _ _ _ _ _ _ _ _ _ _ _ _ _ _ _ _ _ _ _ _ _ _ _ _ _ _ _ _ _ \n/opt/hostedtoolcache/Python/3.11.9/x64/lib/python3.11/subprocess.py:1026: in __init__\n    self._execute_child(args, executable, preexec_fn, close_fds,\n_ _ _ _ _ _ _ _ _ _ _ _ _ _ _ _ _ _ _ _ _ _ _ _ _ _ _ _ _ _ _ _ _ _ _ _ _ _ _ _ \n\nself = <Popen: returncode: 255 args: ['/usr/local/share/chromedriver-linux64', '--p...>\nargs = ['/usr/local/share/chromedriver-linux64', '--port=60241']\nexecutable = b'/usr/local/share/chromedriver-linux64', preexec_fn = None\nclose_fds = True, pass_fds = (), cwd = None\nenv = environ({'SELENIUM_JAR_PATH': '/usr/share/java/selenium-server.jar', 'CONDA': '/usr/share/miniconda', 'GITHUB_WORKSPAC...4/bin/pytest', 'PYTEST_VERSION': '8.2.0', 'PYTEST_CURRENT_TEST': 'tests/test_auth_with_selene.py::test_login (setup)'})\nstartupinfo = None, creationflags = 0, shell = False, p2cread = 5, p2cwrite = 6\nc2pread = -1, c2pwrite = 7, errread = -1, errwrite = 7, restore_signals = True\ngid = None, gids = None, uid = None, umask = -1, start_new_session = False\nprocess_group = -1\n\n    def _execute_child(self, args, executable, preexec_fn, close_fds,\n                       pass_fds, cwd, env,\n                       startupinfo, creationflags, shell,\n                       p2cread, p2cwrite,\n                       c2pread, c2pwrite,\n                       errread, errwrite,\n                       restore_signals,\n                       gid, gids, uid, umask,\n                       start_new_session, process_group):\n        \"\"\"Execute program (POSIX version)\"\"\"\n    \n        if isinstance(args, (str, bytes)):\n            args = [args]\n        elif isinstance(args, os.PathLike):\n            if shell:\n                raise TypeError('path-like args is not allowed when '\n                                'shell is true')\n            args = [args]\n        else:\n            args = list(args)\n    \n        if shell:\n            # On Android the default shell is at '/system/bin/sh'.\n            unix_shell = ('/system/bin/sh' if\n                      hasattr(sys, 'getandroidapilevel') else '/bin/sh')\n            args = [unix_shell, \"-c\"] + args\n            if executable:\n                args[0] = executable\n    \n        if executable is None:\n            executable = args[0]\n    \n        sys.audit(\"subprocess.Popen\", executable, args, cwd, env)\n    \n        if (_USE_POSIX_SPAWN\n                and os.path.dirname(executable)\n                and preexec_fn is None\n                and not close_fds\n                and not pass_fds\n                and cwd is None\n                and (p2cread == -1 or p2cread > 2)\n                and (c2pwrite == -1 or c2pwrite > 2)\n                and (errwrite == -1 or errwrite > 2)\n                and not start_new_session\n                and process_group == -1\n                and gid is None\n                and gids is None\n                and uid is None\n                and umask < 0):\n            self._posix_spawn(args, executable, env, restore_signals,\n                              p2cread, p2cwrite,\n                              c2pread, c2pwrite,\n                              errread, errwrite)\n            return\n    \n        orig_executable = executable\n    \n        # For transferring possible exec failure from child to parent.\n        # Data format: \"exception name:hex errno:description\"\n        # Pickle is not used; it is complex and involves memory allocation.\n        errpipe_read, errpipe_write = os.pipe()\n        # errpipe_write must not be in the standard io 0, 1, or 2 fd range.\n        low_fds_to_close = []\n        while errpipe_write < 3:\n            low_fds_to_close.append(errpipe_write)\n            errpipe_write = os.dup(errpipe_write)\n        for low_fd in low_fds_to_close:\n            os.close(low_fd)\n        try:\n            try:\n                # We must avoid complex work that could involve\n                # malloc or free in the child process to avoid\n                # potential deadlocks, thus we do all this here.\n                # and pass it to fork_exec()\n    \n                if env is not None:\n                    env_list = []\n                    for k, v in env.items():\n                        k = os.fsencode(k)\n                        if b'=' in k:\n                            raise ValueError(\"illegal environment variable name\")\n                        env_list.append(k + b'=' + os.fsencode(v))\n                else:\n                    env_list = None  # Use execv instead of execve.\n                executable = os.fsencode(executable)\n                if os.path.dirname(executable):\n                    executable_list = (executable,)\n                else:\n                    # This matches the behavior of os._execvpe().\n                    executable_list = tuple(\n                        os.path.join(os.fsencode(dir), executable)\n                        for dir in os.get_exec_path(env))\n                fds_to_keep = set(pass_fds)\n                fds_to_keep.add(errpipe_write)\n                self.pid = _fork_exec(\n                        args, executable_list,\n                        close_fds, tuple(sorted(map(int, fds_to_keep))),\n                        cwd, env_list,\n                        p2cread, p2cwrite, c2pread, c2pwrite,\n                        errread, errwrite,\n                        errpipe_read, errpipe_write,\n                        restore_signals, start_new_session,\n                        process_group, gid, gids, uid, umask,\n                        preexec_fn, _USE_VFORK)\n                self._child_created = True\n            finally:\n                # be sure the FD is closed no matter what\n                os.close(errpipe_write)\n    \n            self._close_pipe_fds(p2cread, p2cwrite,\n                                 c2pread, c2pwrite,\n                                 errread, errwrite)\n    \n            # Wait for exec to fail or succeed; possibly raising an\n            # exception (limited in size)\n            errpipe_data = bytearray()\n            while True:\n                part = os.read(errpipe_read, 50000)\n                errpipe_data += part\n                if not part or len(errpipe_data) > 50000:\n                    break\n        finally:\n            # be sure the FD is closed no matter what\n            os.close(errpipe_read)\n    \n        if errpipe_data:\n            try:\n                pid, sts = os.waitpid(self.pid, 0)\n                if pid == self.pid:\n                    self._handle_exitstatus(sts)\n                else:\n                    self.returncode = sys.maxsize\n            except ChildProcessError:\n                pass\n    \n            try:\n                exception_name, hex_errno, err_msg = (\n                        errpipe_data.split(b':', 2))\n                # The encoding here should match the encoding\n                # written in by the subprocess implementations\n                # like _posixsubprocess\n                err_msg = err_msg.decode()\n            except ValueError:\n                exception_name = b'SubprocessError'\n                hex_errno = b'0'\n                err_msg = 'Bad exception data from child: {!r}'.format(\n                              bytes(errpipe_data))\n            child_exception_type = getattr(\n                    builtins, exception_name.decode('ascii'),\n                    SubprocessError)\n            if issubclass(child_exception_type, OSError) and hex_errno:\n                errno_num = int(hex_errno, 16)\n                if err_msg == \"noexec:chdir\":\n                    err_msg = \"\"\n                    # The error must be from chdir(cwd).\n                    err_filename = cwd\n                elif err_msg == \"noexec\":\n                    err_msg = \"\"\n                    err_filename = None\n                else:\n                    err_filename = orig_executable\n                if errno_num != 0:\n                    err_msg = os.strerror(errno_num)\n                if err_filename is not None:\n>                   raise child_exception_type(errno_num, err_msg, err_filename)\nE                   PermissionError: [Errno 13] Permission denied: '/usr/local/share/chromedriver-linux64'\n\n/opt/hostedtoolcache/Python/3.11.9/x64/lib/python3.11/subprocess.py:1955: PermissionError\n\nThe above exception was the direct cause of the following exception:\n\nchrome_options = <selenium.webdriver.chrome.options.Options object at 0x7ff68f07e450>\n\n    @pytest.fixture()  # autouse=True\n    def browser_management(chrome_options):\n        if os.getenv(\"CI\"): # Check if running on GitHub Actions\n            service = Service(chrome_driver_path)\n>           service.start()\n\nconftest.py:46: \n_ _ _ _ _ _ _ _ _ _ _ _ _ _ _ _ _ _ _ _ _ _ _ _ _ _ _ _ _ _ _ _ _ _ _ _ _ _ _ _ \n/opt/hostedtoolcache/Python/3.11.9/x64/lib/python3.11/site-packages/selenium/webdriver/common/service.py:98: in start\n    self._start_process(self._path)\n_ _ _ _ _ _ _ _ _ _ _ _ _ _ _ _ _ _ _ _ _ _ _ _ _ _ _ _ _ _ _ _ _ _ _ _ _ _ _ _ \n\nself = <selenium.webdriver.chrome.service.Service object at 0x7ff68f07ddd0>\npath = '/usr/local/share/chromedriver-linux64'\n\n    def _start_process(self, path: str) -> None:\n        \"\"\"Creates a subprocess by executing the command provided.\n    \n        :param cmd: full command to execute\n        \"\"\"\n        cmd = [path]\n        cmd.extend(self.command_line_args())\n        close_file_descriptors = self.popen_kw.pop(\"close_fds\", system() != \"Windows\")\n        try:\n            start_info = None\n            if system() == \"Windows\":\n                start_info = subprocess.STARTUPINFO()\n                start_info.dwFlags = subprocess.CREATE_NEW_CONSOLE | subprocess.STARTF_USESHOWWINDOW\n                start_info.wShowWindow = subprocess.SW_HIDE\n    \n            self.process = subprocess.Popen(\n                cmd,\n                env=self.env,\n                close_fds=close_file_descriptors,\n                stdout=self.log_output,\n                stderr=self.log_output,\n                stdin=PIPE,\n                creationflags=self.creation_flags,\n                startupinfo=start_info,\n                **self.popen_kw,\n            )\n            logger.debug(\n                \"Started executable: `%s` in a child process with pid: %s using %s to output %s\",\n                self._path,\n                self.process.pid,\n                self.creation_flags,\n                self.log_output,\n            )\n        except TypeError:\n            raise\n        except OSError as err:\n            if err.errno == errno.EACCES:\n>               raise WebDriverException(\n                    f\"'{os.path.basename(self._path)}' executable may have wrong permissions.\"\n                ) from err\nE               selenium.common.exceptions.WebDriverException: Message: 'chromedriver-linux64' executable may have wrong permissions.\n\n/opt/hostedtoolcache/Python/3.11.9/x64/lib/python3.11/site-packages/selenium/webdriver/common/service.py:230: WebDriverException",
  "flaky" : false,
  "newFailed" : false,
  "beforeStages" : [ {
    "name" : "chrome_options",
    "time" : {
      "start" : 1719412458626,
      "stop" : 1719412458626,
      "duration" : 0
    },
    "status" : "passed",
    "steps" : [ ],
    "attachments" : [ ],
    "parameters" : [ ],
    "stepsCount" : 0,
    "attachmentsCount" : 0,
    "shouldDisplayMessage" : false,
    "hasContent" : false
  }, {
    "name" : "browser_management",
    "time" : {
      "start" : 1719412458626,
      "stop" : 1719412458627,
      "duration" : 1
    },
    "status" : "broken",
    "statusMessage" : "selenium.common.exceptions.WebDriverException: Message: 'chromedriver-linux64' executable may have wrong permissions.\n\n",
    "statusTrace" : "  File \"/opt/hostedtoolcache/Python/3.11.9/x64/lib/python3.11/site-packages/pluggy/_callers.py\", line 167, in _multicall\n    teardown.throw(outcome._exception)\n  File \"/opt/hostedtoolcache/Python/3.11.9/x64/lib/python3.11/site-packages/_pytest/setuponly.py\", line 36, in pytest_fixture_setup\n    return (yield)\n            ^^^^^\n  File \"/opt/hostedtoolcache/Python/3.11.9/x64/lib/python3.11/site-packages/pluggy/_callers.py\", line 103, in _multicall\n    res = hook_impl.function(*args)\n          ^^^^^^^^^^^^^^^^^^^^^^^^^\n  File \"/opt/hostedtoolcache/Python/3.11.9/x64/lib/python3.11/site-packages/_pytest/fixtures.py\", line 1122, in pytest_fixture_setup\n    result = call_fixture_func(fixturefunc, request, kwargs)\n             ^^^^^^^^^^^^^^^^^^^^^^^^^^^^^^^^^^^^^^^^^^^^^^^\n  File \"/opt/hostedtoolcache/Python/3.11.9/x64/lib/python3.11/site-packages/_pytest/fixtures.py\", line 877, in call_fixture_func\n    fixture_result = next(generator)\n                     ^^^^^^^^^^^^^^^\n  File \"/home/runner/work/selenium_waits/selenium_waits/conftest.py\", line 46, in browser_management\n    service.start()\n  File \"/opt/hostedtoolcache/Python/3.11.9/x64/lib/python3.11/site-packages/selenium/webdriver/common/service.py\", line 98, in start\n    self._start_process(self._path)\n  File \"/opt/hostedtoolcache/Python/3.11.9/x64/lib/python3.11/site-packages/selenium/webdriver/common/service.py\", line 230, in _start_process\n    raise WebDriverException(\n",
    "steps" : [ ],
    "attachments" : [ ],
    "parameters" : [ ],
    "stepsCount" : 0,
    "attachmentsCount" : 0,
    "shouldDisplayMessage" : true,
    "hasContent" : true
  }, {
    "name" : "_session_faker",
    "time" : {
      "start" : 1719412458464,
      "stop" : 1719412458526,
      "duration" : 62
    },
    "status" : "passed",
    "steps" : [ ],
    "attachments" : [ ],
    "parameters" : [ ],
    "stepsCount" : 0,
    "attachmentsCount" : 0,
    "shouldDisplayMessage" : false,
    "hasContent" : false
  } ],
  "afterStages" : [ ],
  "labels" : [ {
    "name" : "tag",
    "value" : "NewUI"
  }, {
    "name" : "tag",
    "value" : "Authentication"
  }, {
    "name" : "owner",
    "value" : "John Doe"
  }, {
    "name" : "tag",
    "value" : "Essentials"
  }, {
    "name" : "severity",
    "value" : "critical"
  }, {
    "name" : "parentSuite",
    "value" : "tests"
  }, {
    "name" : "suite",
    "value" : "test_auth_with_selene"
  }, {
    "name" : "host",
    "value" : "fv-az1530-434"
  }, {
    "name" : "thread",
    "value" : "2237-MainThread"
  }, {
    "name" : "framework",
    "value" : "pytest"
  }, {
    "name" : "language",
    "value" : "cpython3"
  }, {
    "name" : "package",
    "value" : "tests.test_auth_with_selene"
  }, {
    "name" : "resultFormat",
    "value" : "allure2"
  } ],
  "parameters" : [ ],
  "links" : [ {
    "name" : "TMS-456",
    "url" : "TMS-456",
    "type" : "tms"
  }, {
    "name" : "AUTH-123",
    "url" : "AUTH-123",
    "type" : "issue"
  }, {
    "name" : "Website",
    "url" : "https://victoretc.github.io/selenium_waits/",
    "type" : "link"
  } ],
  "hidden" : false,
  "retry" : false,
  "extra" : {
    "severity" : "critical",
    "owner" : "John Doe",
    "retries" : [ {
      "uid" : "ca33f7239dcfd6c5",
      "status" : "passed",
      "time" : {
        "start" : 1719412283489,
        "stop" : 1719412294001,
        "duration" : 10512
      }
    }, {
      "uid" : "75f448849a8d1a71",
      "status" : "passed",
      "time" : {
        "start" : 1719409829921,
        "stop" : 1719409840556,
        "duration" : 10635
      }
    }, {
      "uid" : "4786e27325c9f7aa",
      "status" : "broken",
      "statusDetails" : "TypeError: expected str, bytes or os.PathLike object, not NoneType",
      "time" : {
        "start" : 1719407323134,
        "stop" : 1719407323134,
        "duration" : 0
      }
    }, {
      "uid" : "e84fdd8b03eaed11",
      "status" : "broken",
      "statusDetails" : "NameError: name 'chrome_driver_path' is not defined",
      "time" : {
        "start" : 1719407138713,
        "stop" : 1719407138713,
        "duration" : 0
      }
    }, {
      "uid" : "657d5d1724b73ab5",
      "status" : "broken",
      "statusDetails" : "TypeError: expected str, bytes or os.PathLike object, not NoneType",
      "time" : {
        "start" : 1719406600726,
        "stop" : 1719406600726,
        "duration" : 0
      }
    }, {
      "uid" : "c29f3c29ff98acca",
      "status" : "passed",
      "time" : {
        "start" : 1719405175713,
        "stop" : 1719405186138,
        "duration" : 10425
      }
    }, {
      "uid" : "82fc4abc30e719a8",
      "status" : "passed",
      "time" : {
        "start" : 1719404993170,
        "stop" : 1719405003855,
        "duration" : 10685
      }
    }, {
      "uid" : "1fc3e3d314915543",
      "status" : "broken",
      "statusDetails" : "TypeError: expected str, bytes or os.PathLike object, not NoneType",
      "time" : {
        "start" : 1719404881130,
        "stop" : 1719404881130,
        "duration" : 0
      }
    }, {
      "uid" : "2a5f6b701c3be3b7",
      "status" : "passed",
      "time" : {
        "start" : 1719403623561,
        "stop" : 1719403634070,
        "duration" : 10509
      }
    }, {
      "uid" : "fb6906e79a300385",
      "status" : "passed",
      "time" : {
        "start" : 1719331476349,
        "stop" : 1719331486826,
        "duration" : 10477
      }
    }, {
      "uid" : "b4558acbb5c1ae14",
      "status" : "passed",
      "time" : {
        "start" : 1719331089942,
        "stop" : 1719331100226,
        "duration" : 10284
      }
    }, {
      "uid" : "bdc592ff1b652a58",
      "status" : "broken",
      "statusDetails" : "urllib3.exceptions.LocationValueError: No host specified.",
      "time" : {
        "start" : 1719330829495,
        "stop" : 1719330829500,
        "duration" : 5
      }
    }, {
      "uid" : "211fae0eaaef3630",
      "status" : "broken",
      "statusDetails" : "urllib3.exceptions.LocationValueError: No host specified.",
      "time" : {
        "start" : 1719330737902,
        "stop" : 1719330737940,
        "duration" : 38
      }
    }, {
      "uid" : "fe4cc28b7d417082",
      "status" : "passed",
      "time" : {
        "start" : 1719330068996,
        "stop" : 1719330079469,
        "duration" : 10473
      }
    }, {
      "uid" : "3a5518ff3ae96d5f",
      "status" : "passed",
      "time" : {
        "start" : 1719330003049,
        "stop" : 1719330013985,
        "duration" : 10936
      }
    }, {
      "uid" : "7423c0675a1159e3",
      "status" : "passed",
      "time" : {
        "start" : 1719329592413,
        "stop" : 1719329602749,
        "duration" : 10336
      }
    }, {
      "uid" : "67e0034d7aed414e",
      "status" : "passed",
      "time" : {
        "start" : 1719329211392,
        "stop" : 1719329221937,
        "duration" : 10545
      }
    }, {
      "uid" : "f2ef072bad07702a",
      "status" : "broken",
      "statusDetails" : "FileNotFoundError: [WinError 2] The system cannot find the file specified",
      "time" : {
        "start" : 1719329066137,
        "stop" : 1719329066137,
        "duration" : 0
      }
    }, {
      "uid" : "19d4fac72ed30348",
      "status" : "passed",
      "time" : {
        "start" : 1719328898462,
        "stop" : 1719328908820,
        "duration" : 10358
      }
    }, {
      "uid" : "d4fbc2a89cdd4b04",
      "status" : "passed",
      "time" : {
        "start" : 1719325868376,
        "stop" : 1719325879761,
        "duration" : 11385
      }
    }, {
      "uid" : "5323729a8c2c1fa5",
      "status" : "passed",
      "time" : {
        "start" : 1719320775054,
        "stop" : 1719320785535,
        "duration" : 10481
      }
    }, {
      "uid" : "1c65ce903d7fe320",
      "status" : "passed",
      "time" : {
        "start" : 1719320544976,
        "stop" : 1719320556078,
        "duration" : 11102
      }
    }, {
      "uid" : "ba87f7b33bd3613d",
      "status" : "passed",
      "time" : {
        "start" : 1719319547096,
        "stop" : 1719319559132,
        "duration" : 12036
      }
    }, {
      "uid" : "79d7e0ee198a72ff",
      "status" : "passed",
      "time" : {
        "start" : 1719151051520,
        "stop" : 1719151061897,
        "duration" : 10377
      }
    }, {
      "uid" : "3d7ba7f4880140d2",
      "status" : "passed",
      "time" : {
        "start" : 1719150830693,
        "stop" : 1719150842017,
        "duration" : 11324
      }
    }, {
      "uid" : "ba0b3ad50f8cf1b0",
      "status" : "passed",
      "time" : {
        "start" : 1719150684754,
        "stop" : 1719150695156,
        "duration" : 10402
      }
    }, {
      "uid" : "7cf4e5b5da8a4b32",
      "status" : "passed",
      "time" : {
        "start" : 1719150077622,
        "stop" : 1719150087950,
        "duration" : 10328
      }
    }, {
      "uid" : "2ea1234c42bec1f4",
      "status" : "passed",
      "time" : {
        "start" : 1719128751637,
        "stop" : 1719128762000,
        "duration" : 10363
      }
    }, {
      "uid" : "c4117e1ef32ea52f",
      "status" : "passed",
      "time" : {
        "start" : 1719127874385,
        "stop" : 1719127884755,
        "duration" : 10370
      }
    }, {
      "uid" : "13d663acbc07c86",
      "status" : "passed",
      "time" : {
        "start" : 1719127339149,
        "stop" : 1719127347891,
        "duration" : 8742
      }
    }, {
      "uid" : "2b868368e53bf4e7",
      "status" : "passed",
      "time" : {
        "start" : 1719045648632,
        "stop" : 1719045657379,
        "duration" : 8747
      }
    }, {
      "uid" : "bfd2da759ada1825",
      "status" : "passed",
      "time" : {
        "start" : 1719044895289,
        "stop" : 1719044903952,
        "duration" : 8663
      }
    }, {
      "uid" : "26ff220f55af1b7e",
      "status" : "passed",
      "time" : {
        "start" : 1719044441407,
        "stop" : 1719044450074,
        "duration" : 8667
      }
    }, {
      "uid" : "8ff65f8e24524672",
      "status" : "broken",
      "statusDetails" : "AttributeError: 'Browser' object has no attribute 'implicitly_wait'",
      "time" : {
        "start" : 1719043867535,
        "stop" : 1719043867535,
        "duration" : 0
      }
    }, {
      "uid" : "3415db77ecf4f783",
      "status" : "passed",
      "time" : {
        "start" : 1719012739838,
        "stop" : 1719012748574,
        "duration" : 8736
      }
    }, {
      "uid" : "3d221b9dcbe2ec2e",
      "status" : "failed",
      "statusDetails" : "selene.core.exceptions.TimeoutException: Message: \n\nTimed out after 10s, while waiting for:\nbrowser.element(('css selector', '#login')).type: John\n\nReason: ElementNotInteractableException: element not interactable\n  (Session info: chrome=121.0.6167.140)\nScreenshot: file://C:\\Users\\Юрий\\.selene\\screenshots\\1719012484799\\1719012484799.png\nPageSource: file://C:\\Users\\Юрий\\.selene\\screenshots\\1719012484799\\1719012484799.html",
      "time" : {
        "start" : 1719012508781,
        "stop" : 1719012519251,
        "duration" : 10470
      }
    }, {
      "uid" : "78dcf044efffe5bc",
      "status" : "passed",
      "time" : {
        "start" : 1718734864206,
        "stop" : 1718734872972,
        "duration" : 8766
      }
    }, {
      "uid" : "cbe18f83bd62b001",
      "status" : "passed",
      "time" : {
        "start" : 1718734515271,
        "stop" : 1718734523953,
        "duration" : 8682
      }
    } ],
    "categories" : [ {
      "name" : "Test defects",
      "matchedStatuses" : [ ],
      "flaky" : false
    } ],
    "history" : {
      "statistic" : {
        "failed" : 0,
        "broken" : 16,
        "skipped" : 0,
        "passed" : 0,
        "unknown" : 0,
        "total" : 16
      },
      "items" : [ {
        "uid" : "a5d44279daf5d759",
        "reportUrl" : "https://YuryHerasimau.github.io/selenium_waits/15//#testresult/a5d44279daf5d759",
        "status" : "broken",
        "statusDetails" : "TypeError: expected str, bytes or os.PathLike object, not NoneType",
        "time" : {
          "start" : 1719412183882,
          "stop" : 1719412183882,
          "duration" : 0
        }
      }, {
        "uid" : "5a0c7fad52f0edc6",
        "reportUrl" : "https://YuryHerasimau.github.io/selenium_waits/14//#testresult/5a0c7fad52f0edc6",
        "status" : "broken",
        "statusDetails" : "TypeError: expected str, bytes or os.PathLike object, not NoneType",
        "time" : {
          "start" : 1719412051527,
          "stop" : 1719412051527,
          "duration" : 0
        }
      }, {
        "uid" : "ab31d41ec284a87",
        "reportUrl" : "https://YuryHerasimau.github.io/selenium_waits/13//#testresult/ab31d41ec284a87",
        "status" : "broken",
        "statusDetails" : "TypeError: expected str, bytes or os.PathLike object, not NoneType",
        "time" : {
          "start" : 1719410376577,
          "stop" : 1719410376577,
          "duration" : 0
        }
      }, {
        "uid" : "15b6c31a75ae26d",
        "reportUrl" : "https://YuryHerasimau.github.io/selenium_waits/12//#testresult/15b6c31a75ae26d",
        "status" : "broken",
        "statusDetails" : "selenium.common.exceptions.WebDriverException: Message: 'chromedriver-linux64' executable may have wrong permissions.",
        "time" : {
          "start" : 1719405781857,
          "stop" : 1719405781857,
          "duration" : 0
        }
      }, {
        "uid" : "426cd93975a322a1",
        "reportUrl" : "https://YuryHerasimau.github.io/selenium_waits/11//#testresult/426cd93975a322a1",
        "status" : "broken",
        "statusDetails" : "selenium.common.exceptions.SessionNotCreatedException: Message: session not created: Chrome failed to start: exited normally.\n  (session not created: DevToolsActivePort file doesn't exist)\n  (The process started from chrome location /usr/bin/google-chrome is no longer running, so ChromeDriver is assuming that Chrome has crashed.)\nStacktrace:\n#0 0x5574f39636aa <unknown>\n#1 0x5574f36460dc <unknown>\n#2 0x5574f367b02a <unknown>\n#3 0x5574f367743b <unknown>\n#4 0x5574f36c1ef9 <unknown>\n#5 0x5574f36b5613 <unknown>\n#6 0x5574f36854f7 <unknown>\n#7 0x5574f3685e4e <unknown>\n#8 0x5574f392987b <unknown>\n#9 0x5574f392d921 <unknown>\n#10 0x5574f391536e <unknown>\n#11 0x5574f392e482 <unknown>\n#12 0x5574f38f9ccf <unknown>\n#13 0x5574f39530a8 <unknown>\n#14 0x5574f3953280 <unknown>\n#15 0x5574f39627dc <unknown>\n#16 0x7f9590494ac3 <unknown>",
        "time" : {
          "start" : 1719331621603,
          "stop" : 1719331622216,
          "duration" : 613
        }
      }, {
        "uid" : "3cc87b4dfb2c21b5",
        "reportUrl" : "https://YuryHerasimau.github.io/selenium_waits/10//#testresult/3cc87b4dfb2c21b5",
        "status" : "broken",
        "statusDetails" : "selenium.common.exceptions.SessionNotCreatedException: Message: session not created: Chrome failed to start: exited normally.\n  (session not created: DevToolsActivePort file doesn't exist)\n  (The process started from chrome location /usr/bin/google-chrome is no longer running, so ChromeDriver is assuming that Chrome has crashed.)\nStacktrace:\n#0 0x558af43026aa <unknown>\n#1 0x558af3fe50dc <unknown>\n#2 0x558af401a02a <unknown>\n#3 0x558af401643b <unknown>\n#4 0x558af4060ef9 <unknown>\n#5 0x558af4054613 <unknown>\n#6 0x558af40244f7 <unknown>\n#7 0x558af4024e4e <unknown>\n#8 0x558af42c887b <unknown>\n#9 0x558af42cc921 <unknown>\n#10 0x558af42b436e <unknown>\n#11 0x558af42cd482 <unknown>\n#12 0x558af4298ccf <unknown>\n#13 0x558af42f20a8 <unknown>\n#14 0x558af42f2280 <unknown>\n#15 0x558af43017dc <unknown>\n#16 0x7f5dbca94ac3 <unknown>",
        "time" : {
          "start" : 1719331274759,
          "stop" : 1719331274948,
          "duration" : 189
        }
      }, {
        "uid" : "4281eda5ea477459",
        "reportUrl" : "https://YuryHerasimau.github.io/selenium_waits/9//#testresult/4281eda5ea477459",
        "status" : "broken",
        "statusDetails" : "selenium.common.exceptions.SessionNotCreatedException: Message: session not created: Chrome failed to start: exited normally.\n  (session not created: DevToolsActivePort file doesn't exist)\n  (The process started from chrome location /usr/bin/google-chrome is no longer running, so ChromeDriver is assuming that Chrome has crashed.)\nStacktrace:\n#0 0x55a7d7a376aa <unknown>\n#1 0x55a7d771a0dc <unknown>\n#2 0x55a7d774f02a <unknown>\n#3 0x55a7d774b43b <unknown>\n#4 0x55a7d7795ef9 <unknown>\n#5 0x55a7d7789613 <unknown>\n#6 0x55a7d77594f7 <unknown>\n#7 0x55a7d7759e4e <unknown>\n#8 0x55a7d79fd87b <unknown>\n#9 0x55a7d7a01921 <unknown>\n#10 0x55a7d79e936e <unknown>\n#11 0x55a7d7a02482 <unknown>\n#12 0x55a7d79cdccf <unknown>\n#13 0x55a7d7a270a8 <unknown>\n#14 0x55a7d7a27280 <unknown>\n#15 0x55a7d7a367dc <unknown>\n#16 0x7f9422694ac3 <unknown>",
        "time" : {
          "start" : 1719330228778,
          "stop" : 1719330229068,
          "duration" : 290
        }
      }, {
        "uid" : "970c7e029a09ea84",
        "reportUrl" : "https://YuryHerasimau.github.io/selenium_waits/8//#testresult/970c7e029a09ea84",
        "status" : "broken",
        "statusDetails" : "selenium.common.exceptions.SessionNotCreatedException: Message: session not created: Chrome failed to start: exited normally.\n  (session not created: DevToolsActivePort file doesn't exist)\n  (The process started from chrome location /usr/bin/google-chrome is no longer running, so ChromeDriver is assuming that Chrome has crashed.)\nStacktrace:\n#0 0x563a501a56aa <unknown>\n#1 0x563a4fe880dc <unknown>\n#2 0x563a4febd02a <unknown>\n#3 0x563a4feb943b <unknown>\n#4 0x563a4ff03ef9 <unknown>\n#5 0x563a4fef7613 <unknown>\n#6 0x563a4fec74f7 <unknown>\n#7 0x563a4fec7e4e <unknown>\n#8 0x563a5016b87b <unknown>\n#9 0x563a5016f921 <unknown>\n#10 0x563a5015736e <unknown>\n#11 0x563a50170482 <unknown>\n#12 0x563a5013bccf <unknown>\n#13 0x563a501950a8 <unknown>\n#14 0x563a50195280 <unknown>\n#15 0x563a501a47dc <unknown>\n#16 0x7fc078894ac3 <unknown>",
        "time" : {
          "start" : 1719329829862,
          "stop" : 1719329830051,
          "duration" : 189
        }
      }, {
        "uid" : "ab1d769c45b8466f",
        "reportUrl" : "https://YuryHerasimau.github.io/selenium_waits/7//#testresult/ab1d769c45b8466f",
        "status" : "broken",
        "statusDetails" : "selenium.common.exceptions.SessionNotCreatedException: Message: session not created: Chrome failed to start: exited normally.\n  (session not created: DevToolsActivePort file doesn't exist)\n  (The process started from chrome location /usr/bin/google-chrome is no longer running, so ChromeDriver is assuming that Chrome has crashed.)\nStacktrace:\n#0 0x559d7bf4b6aa <unknown>\n#1 0x559d7bc2e0dc <unknown>\n#2 0x559d7bc6302a <unknown>\n#3 0x559d7bc5f43b <unknown>\n#4 0x559d7bca9ef9 <unknown>\n#5 0x559d7bc9d613 <unknown>\n#6 0x559d7bc6d4f7 <unknown>\n#7 0x559d7bc6de4e <unknown>\n#8 0x559d7bf1187b <unknown>\n#9 0x559d7bf15921 <unknown>\n#10 0x559d7befd36e <unknown>\n#11 0x559d7bf16482 <unknown>\n#12 0x559d7bee1ccf <unknown>\n#13 0x559d7bf3b0a8 <unknown>\n#14 0x559d7bf3b280 <unknown>\n#15 0x559d7bf4a7dc <unknown>\n#16 0x7f4c4fe94ac3 <unknown>",
        "time" : {
          "start" : 1719329347906,
          "stop" : 1719329348203,
          "duration" : 297
        }
      }, {
        "uid" : "f8b194d80557e05e",
        "reportUrl" : "https://YuryHerasimau.github.io/selenium_waits/6//#testresult/f8b194d80557e05e",
        "status" : "broken",
        "statusDetails" : "selenium.common.exceptions.SessionNotCreatedException: Message: session not created: Chrome failed to start: exited normally.\n  (session not created: DevToolsActivePort file doesn't exist)\n  (The process started from chrome location /usr/bin/google-chrome is no longer running, so ChromeDriver is assuming that Chrome has crashed.)\nStacktrace:\n#0 0x5582de5366aa <unknown>\n#1 0x5582de2190dc <unknown>\n#2 0x5582de24e02a <unknown>\n#3 0x5582de24a43b <unknown>\n#4 0x5582de294ef9 <unknown>\n#5 0x5582de288613 <unknown>\n#6 0x5582de2584f7 <unknown>\n#7 0x5582de258e4e <unknown>\n#8 0x5582de4fc87b <unknown>\n#9 0x5582de500921 <unknown>\n#10 0x5582de4e836e <unknown>\n#11 0x5582de501482 <unknown>\n#12 0x5582de4ccccf <unknown>\n#13 0x5582de5260a8 <unknown>\n#14 0x5582de526280 <unknown>\n#15 0x5582de5357dc <unknown>\n#16 0x7f7f75294ac3 <unknown>",
        "time" : {
          "start" : 1719328464047,
          "stop" : 1719328464229,
          "duration" : 182
        }
      }, {
        "uid" : "f4a3b9a1f7939696",
        "reportUrl" : "https://YuryHerasimau.github.io/selenium_waits/5//#testresult/f4a3b9a1f7939696",
        "status" : "broken",
        "statusDetails" : "selenium.common.exceptions.SessionNotCreatedException: Message: session not created: Chrome failed to start: exited normally.\n  (session not created: DevToolsActivePort file doesn't exist)\n  (The process started from chrome location /usr/bin/google-chrome is no longer running, so ChromeDriver is assuming that Chrome has crashed.)\nStacktrace:\n#0 0x5558aadd66aa <unknown>\n#1 0x5558aaab90dc <unknown>\n#2 0x5558aaaee02a <unknown>\n#3 0x5558aaaea43b <unknown>\n#4 0x5558aab34ef9 <unknown>\n#5 0x5558aab28613 <unknown>\n#6 0x5558aaaf84f7 <unknown>\n#7 0x5558aaaf8e4e <unknown>\n#8 0x5558aad9c87b <unknown>\n#9 0x5558aada0921 <unknown>\n#10 0x5558aad8836e <unknown>\n#11 0x5558aada1482 <unknown>\n#12 0x5558aad6cccf <unknown>\n#13 0x5558aadc60a8 <unknown>\n#14 0x5558aadc6280 <unknown>\n#15 0x5558aadd57dc <unknown>\n#16 0x7f4e55694ac3 <unknown>",
        "time" : {
          "start" : 1719327466934,
          "stop" : 1719327467333,
          "duration" : 399
        }
      }, {
        "uid" : "73a7d6b4ee13e34a",
        "reportUrl" : "https://YuryHerasimau.github.io/selenium_waits/4//#testresult/73a7d6b4ee13e34a",
        "status" : "broken",
        "statusDetails" : "selenium.common.exceptions.SessionNotCreatedException: Message: session not created: Chrome failed to start: exited normally.\n  (session not created: DevToolsActivePort file doesn't exist)\n  (The process started from chrome location /usr/bin/google-chrome is no longer running, so ChromeDriver is assuming that Chrome has crashed.)\nStacktrace:\n#0 0x5633e3c886aa <unknown>\n#1 0x5633e396b0dc <unknown>\n#2 0x5633e39a002a <unknown>\n#3 0x5633e399c43b <unknown>\n#4 0x5633e39e6ef9 <unknown>\n#5 0x5633e39da613 <unknown>\n#6 0x5633e39aa4f7 <unknown>\n#7 0x5633e39aae4e <unknown>\n#8 0x5633e3c4e87b <unknown>\n#9 0x5633e3c52921 <unknown>\n#10 0x5633e3c3a36e <unknown>\n#11 0x5633e3c53482 <unknown>\n#12 0x5633e3c1eccf <unknown>\n#13 0x5633e3c780a8 <unknown>\n#14 0x5633e3c78280 <unknown>\n#15 0x5633e3c877dc <unknown>\n#16 0x7ff989c94ac3 <unknown>",
        "time" : {
          "start" : 1719326203064,
          "stop" : 1719326203247,
          "duration" : 183
        }
      }, {
        "uid" : "86246204639cca24",
        "reportUrl" : "https://YuryHerasimau.github.io/selenium_waits/3//#testresult/86246204639cca24",
        "status" : "broken",
        "statusDetails" : "selenium.common.exceptions.SessionNotCreatedException: Message: session not created: Chrome failed to start: exited normally.\n  (session not created: DevToolsActivePort file doesn't exist)\n  (The process started from chrome location /usr/bin/google-chrome is no longer running, so ChromeDriver is assuming that Chrome has crashed.)\nStacktrace:\n#0 0x556d77e9c6aa <unknown>\n#1 0x556d77b7f0dc <unknown>\n#2 0x556d77bb402a <unknown>\n#3 0x556d77bb043b <unknown>\n#4 0x556d77bfaef9 <unknown>\n#5 0x556d77bee613 <unknown>\n#6 0x556d77bbe4f7 <unknown>\n#7 0x556d77bbee4e <unknown>\n#8 0x556d77e6287b <unknown>\n#9 0x556d77e66921 <unknown>\n#10 0x556d77e4e36e <unknown>\n#11 0x556d77e67482 <unknown>\n#12 0x556d77e32ccf <unknown>\n#13 0x556d77e8c0a8 <unknown>\n#14 0x556d77e8c280 <unknown>\n#15 0x556d77e9b7dc <unknown>\n#16 0x7fcdd0e94ac3 <unknown>",
        "time" : {
          "start" : 1719324158003,
          "stop" : 1719324158186,
          "duration" : 183
        }
      }, {
        "uid" : "7669959df3874bc8",
        "reportUrl" : "https://YuryHerasimau.github.io/selenium_waits/2//#testresult/7669959df3874bc8",
        "status" : "broken",
        "statusDetails" : "selenium.common.exceptions.SessionNotCreatedException: Message: session not created: Chrome failed to start: exited normally.\n  (session not created: DevToolsActivePort file doesn't exist)\n  (The process started from chrome location /usr/bin/google-chrome is no longer running, so ChromeDriver is assuming that Chrome has crashed.)\nStacktrace:\n#0 0x5568b9b176aa <unknown>\n#1 0x5568b97fa0dc <unknown>\n#2 0x5568b982f02a <unknown>\n#3 0x5568b982b43b <unknown>\n#4 0x5568b9875ef9 <unknown>\n#5 0x5568b9869613 <unknown>\n#6 0x5568b98394f7 <unknown>\n#7 0x5568b9839e4e <unknown>\n#8 0x5568b9add87b <unknown>\n#9 0x5568b9ae1921 <unknown>\n#10 0x5568b9ac936e <unknown>\n#11 0x5568b9ae2482 <unknown>\n#12 0x5568b9aadccf <unknown>\n#13 0x5568b9b070a8 <unknown>\n#14 0x5568b9b07280 <unknown>\n#15 0x5568b9b167dc <unknown>\n#16 0x7f1f32c94ac3 <unknown>",
        "time" : {
          "start" : 1719324130932,
          "stop" : 1719324131115,
          "duration" : 183
        }
      }, {
        "uid" : "e616bfbacbc17e1a",
        "reportUrl" : "https://YuryHerasimau.github.io/selenium_waits/1//#testresult/e616bfbacbc17e1a",
        "status" : "broken",
        "statusDetails" : "selenium.common.exceptions.SessionNotCreatedException: Message: session not created: Chrome failed to start: exited normally.\n  (session not created: DevToolsActivePort file doesn't exist)\n  (The process started from chrome location /usr/bin/google-chrome is no longer running, so ChromeDriver is assuming that Chrome has crashed.)\nStacktrace:\n#0 0x55c099bd26aa <unknown>\n#1 0x55c0998b50dc <unknown>\n#2 0x55c0998ea02a <unknown>\n#3 0x55c0998e643b <unknown>\n#4 0x55c099930ef9 <unknown>\n#5 0x55c099924613 <unknown>\n#6 0x55c0998f44f7 <unknown>\n#7 0x55c0998f4e4e <unknown>\n#8 0x55c099b9887b <unknown>\n#9 0x55c099b9c921 <unknown>\n#10 0x55c099b8436e <unknown>\n#11 0x55c099b9d482 <unknown>\n#12 0x55c099b68ccf <unknown>\n#13 0x55c099bc20a8 <unknown>\n#14 0x55c099bc2280 <unknown>\n#15 0x55c099bd17dc <unknown>\n#16 0x7f1eadc94ac3 <unknown>",
        "time" : {
          "start" : 1719323939382,
          "stop" : 1719323939569,
          "duration" : 187
        }
      } ]
    },
    "tags" : [ "Authentication", "Essentials", "NewUI" ]
  },
  "source" : "1223c64fdd21a81.json",
  "parameterValues" : [ ]
}