{
  "uid" : "f45d92933c71f79d",
  "name" : "test_register_with_time_sleep",
  "fullName" : "tests.test_selenium_waits#test_register_with_time_sleep",
  "historyId" : "121436996f318d3a85c07b8414de94e8",
  "time" : {
    "start" : 1719412051664,
    "stop" : 1719412051664,
    "duration" : 0
  },
  "description" : "Using time.sleep()",
  "descriptionHtml" : "<p>Using time.sleep()</p>\n",
  "status" : "broken",
  "statusMessage" : "TypeError: expected str, bytes or os.PathLike object, not NoneType",
  "statusTrace" : "chrome_options = <selenium.webdriver.chrome.options.Options object at 0x7fdcfb9f2a90>\n\n    @pytest.fixture()\n    def driver(chrome_options):\n        if os.getenv(\"CI\"): # Check if running on GitHub Actions\n            print('driver: CI env value is ', os.getenv(\"CI\"))\n            chrome_driver_path = os.getenv(\"CHROMEDRIVER_PATH\")\n            print('driver: chrome_driver_path is ', chrome_driver_path)\n            service = Service(chrome_driver_path)\n>           service.start()\n\nconftest.py:36: \n_ _ _ _ _ _ _ _ _ _ _ _ _ _ _ _ _ _ _ _ _ _ _ _ _ _ _ _ _ _ _ _ _ _ _ _ _ _ _ _ \n/opt/hostedtoolcache/Python/3.11.9/x64/lib/python3.11/site-packages/selenium/webdriver/common/service.py:98: in start\n    self._start_process(self._path)\n/opt/hostedtoolcache/Python/3.11.9/x64/lib/python3.11/site-packages/selenium/webdriver/common/service.py:208: in _start_process\n    self.process = subprocess.Popen(\n/opt/hostedtoolcache/Python/3.11.9/x64/lib/python3.11/subprocess.py:1026: in __init__\n    self._execute_child(args, executable, preexec_fn, close_fds,\n_ _ _ _ _ _ _ _ _ _ _ _ _ _ _ _ _ _ _ _ _ _ _ _ _ _ _ _ _ _ _ _ _ _ _ _ _ _ _ _ \n\nself = <Popen: returncode: None args: [None, '--port=37101']>\nargs = [None, '--port=37101'], executable = None, preexec_fn = None\nclose_fds = True, pass_fds = (), cwd = None\nenv = environ({'SELENIUM_JAR_PATH': '/usr/share/java/selenium-server.jar', 'CONDA': '/usr/share/miniconda', 'GITHUB_WORKSPAC...YTEST_VERSION': '8.2.0', 'PYTEST_CURRENT_TEST': 'tests/test_selenium_waits.py::test_register_with_time_sleep (setup)'})\nstartupinfo = None, creationflags = 0, shell = False, p2cread = 5, p2cwrite = 6\nc2pread = -1, c2pwrite = 7, errread = -1, errwrite = 7, restore_signals = True\ngid = None, gids = None, uid = None, umask = -1, start_new_session = False\nprocess_group = -1\n\n    def _execute_child(self, args, executable, preexec_fn, close_fds,\n                       pass_fds, cwd, env,\n                       startupinfo, creationflags, shell,\n                       p2cread, p2cwrite,\n                       c2pread, c2pwrite,\n                       errread, errwrite,\n                       restore_signals,\n                       gid, gids, uid, umask,\n                       start_new_session, process_group):\n        \"\"\"Execute program (POSIX version)\"\"\"\n    \n        if isinstance(args, (str, bytes)):\n            args = [args]\n        elif isinstance(args, os.PathLike):\n            if shell:\n                raise TypeError('path-like args is not allowed when '\n                                'shell is true')\n            args = [args]\n        else:\n            args = list(args)\n    \n        if shell:\n            # On Android the default shell is at '/system/bin/sh'.\n            unix_shell = ('/system/bin/sh' if\n                      hasattr(sys, 'getandroidapilevel') else '/bin/sh')\n            args = [unix_shell, \"-c\"] + args\n            if executable:\n                args[0] = executable\n    \n        if executable is None:\n            executable = args[0]\n    \n        sys.audit(\"subprocess.Popen\", executable, args, cwd, env)\n    \n        if (_USE_POSIX_SPAWN\n>               and os.path.dirname(executable)\n                and preexec_fn is None\n                and not close_fds\n                and not pass_fds\n                and cwd is None\n                and (p2cread == -1 or p2cread > 2)\n                and (c2pwrite == -1 or c2pwrite > 2)\n                and (errwrite == -1 or errwrite > 2)\n                and not start_new_session\n                and process_group == -1\n                and gid is None\n                and gids is None\n                and uid is None\n                and umask < 0):\nE               TypeError: expected str, bytes or os.PathLike object, not NoneType\n\n/opt/hostedtoolcache/Python/3.11.9/x64/lib/python3.11/subprocess.py:1826: TypeError",
  "flaky" : false,
  "newFailed" : false,
  "beforeStages" : [ {
    "name" : "chrome_options",
    "time" : {
      "start" : 1719412051664,
      "stop" : 1719412051664,
      "duration" : 0
    },
    "status" : "passed",
    "steps" : [ ],
    "attachments" : [ ],
    "parameters" : [ ],
    "stepsCount" : 0,
    "attachmentsCount" : 0,
    "shouldDisplayMessage" : false,
    "hasContent" : false
  }, {
    "name" : "_session_faker",
    "time" : {
      "start" : 1719412051364,
      "stop" : 1719412051426,
      "duration" : 62
    },
    "status" : "passed",
    "steps" : [ ],
    "attachments" : [ ],
    "parameters" : [ ],
    "stepsCount" : 0,
    "attachmentsCount" : 0,
    "shouldDisplayMessage" : false,
    "hasContent" : false
  }, {
    "name" : "driver",
    "time" : {
      "start" : 1719412051664,
      "stop" : 1719412051664,
      "duration" : 0
    },
    "status" : "broken",
    "statusMessage" : "TypeError: expected str, bytes or os.PathLike object, not NoneType\n",
    "statusTrace" : "  File \"/opt/hostedtoolcache/Python/3.11.9/x64/lib/python3.11/site-packages/pluggy/_callers.py\", line 167, in _multicall\n    teardown.throw(outcome._exception)\n  File \"/opt/hostedtoolcache/Python/3.11.9/x64/lib/python3.11/site-packages/_pytest/setuponly.py\", line 36, in pytest_fixture_setup\n    return (yield)\n            ^^^^^\n  File \"/opt/hostedtoolcache/Python/3.11.9/x64/lib/python3.11/site-packages/pluggy/_callers.py\", line 103, in _multicall\n    res = hook_impl.function(*args)\n          ^^^^^^^^^^^^^^^^^^^^^^^^^\n  File \"/opt/hostedtoolcache/Python/3.11.9/x64/lib/python3.11/site-packages/_pytest/fixtures.py\", line 1122, in pytest_fixture_setup\n    result = call_fixture_func(fixturefunc, request, kwargs)\n             ^^^^^^^^^^^^^^^^^^^^^^^^^^^^^^^^^^^^^^^^^^^^^^^\n  File \"/opt/hostedtoolcache/Python/3.11.9/x64/lib/python3.11/site-packages/_pytest/fixtures.py\", line 877, in call_fixture_func\n    fixture_result = next(generator)\n                     ^^^^^^^^^^^^^^^\n  File \"/home/runner/work/selenium_waits/selenium_waits/conftest.py\", line 36, in driver\n    service.start()\n  File \"/opt/hostedtoolcache/Python/3.11.9/x64/lib/python3.11/site-packages/selenium/webdriver/common/service.py\", line 98, in start\n    self._start_process(self._path)\n  File \"/opt/hostedtoolcache/Python/3.11.9/x64/lib/python3.11/site-packages/selenium/webdriver/common/service.py\", line 208, in _start_process\n    self.process = subprocess.Popen(\n                   ^^^^^^^^^^^^^^^^^\n  File \"/opt/hostedtoolcache/Python/3.11.9/x64/lib/python3.11/subprocess.py\", line 1026, in __init__\n    self._execute_child(args, executable, preexec_fn, close_fds,\n  File \"/opt/hostedtoolcache/Python/3.11.9/x64/lib/python3.11/subprocess.py\", line 1826, in _execute_child\n    and os.path.dirname(executable)\n        ^^^^^^^^^^^^^^^^^^^^^^^^^^^\n  File \"<frozen posixpath>\", line 152, in dirname\n",
    "steps" : [ ],
    "attachments" : [ ],
    "parameters" : [ ],
    "stepsCount" : 0,
    "attachmentsCount" : 0,
    "shouldDisplayMessage" : true,
    "hasContent" : true
  } ],
  "afterStages" : [ ],
  "labels" : [ {
    "name" : "parentSuite",
    "value" : "tests"
  }, {
    "name" : "suite",
    "value" : "test_selenium_waits"
  }, {
    "name" : "host",
    "value" : "fv-az1149-651"
  }, {
    "name" : "thread",
    "value" : "2227-MainThread"
  }, {
    "name" : "framework",
    "value" : "pytest"
  }, {
    "name" : "language",
    "value" : "cpython3"
  }, {
    "name" : "package",
    "value" : "tests.test_selenium_waits"
  }, {
    "name" : "resultFormat",
    "value" : "allure2"
  } ],
  "parameters" : [ ],
  "links" : [ ],
  "hidden" : false,
  "retry" : false,
  "extra" : {
    "severity" : "normal",
    "retries" : [ {
      "uid" : "45bfb966c015a62b",
      "status" : "passed",
      "time" : {
        "start" : 1719409876959,
        "stop" : 1719409887664,
        "duration" : 10705
      }
    }, {
      "uid" : "afd397dd6c2d359c",
      "status" : "broken",
      "statusDetails" : "TypeError: expected str, bytes or os.PathLike object, not NoneType",
      "time" : {
        "start" : 1719407323432,
        "stop" : 1719407323432,
        "duration" : 0
      }
    }, {
      "uid" : "e716f10a08e9dfb6",
      "status" : "broken",
      "statusDetails" : "NameError: name 'chrome_driver_path' is not defined",
      "time" : {
        "start" : 1719407138764,
        "stop" : 1719407138764,
        "duration" : 0
      }
    }, {
      "uid" : "b9f3c6d066f60743",
      "status" : "broken",
      "statusDetails" : "TypeError: expected str, bytes or os.PathLike object, not NoneType",
      "time" : {
        "start" : 1719406601023,
        "stop" : 1719406601023,
        "duration" : 0
      }
    }, {
      "uid" : "aff11058f37bcbeb",
      "status" : "passed",
      "time" : {
        "start" : 1719405222689,
        "stop" : 1719405233284,
        "duration" : 10595
      }
    }, {
      "uid" : "f6bcba7a18673cd9",
      "status" : "passed",
      "time" : {
        "start" : 1719405039944,
        "stop" : 1719405050626,
        "duration" : 10682
      }
    }, {
      "uid" : "e35ddeaa5c373d33",
      "status" : "broken",
      "statusDetails" : "TypeError: expected str, bytes or os.PathLike object, not NoneType",
      "time" : {
        "start" : 1719404881429,
        "stop" : 1719404881429,
        "duration" : 0
      }
    }, {
      "uid" : "dbed7118093d33ba",
      "status" : "passed",
      "time" : {
        "start" : 1719403670761,
        "stop" : 1719403681425,
        "duration" : 10664
      }
    }, {
      "uid" : "5547d49e29e40d3e",
      "status" : "passed",
      "time" : {
        "start" : 1719331524076,
        "stop" : 1719331534692,
        "duration" : 10616
      }
    }, {
      "uid" : "e7d4668a19a01436",
      "status" : "passed",
      "time" : {
        "start" : 1719331136454,
        "stop" : 1719331147074,
        "duration" : 10620
      }
    }, {
      "uid" : "87a9ef635228ca4d",
      "status" : "passed",
      "time" : {
        "start" : 1719330863639,
        "stop" : 1719330874259,
        "duration" : 10620
      }
    }, {
      "uid" : "91c2b1e34e1f7e1f",
      "status" : "passed",
      "time" : {
        "start" : 1719330772249,
        "stop" : 1719330782877,
        "duration" : 10628
      }
    }, {
      "uid" : "aafef8b9933692ff",
      "status" : "passed",
      "time" : {
        "start" : 1719330115525,
        "stop" : 1719330126144,
        "duration" : 10619
      }
    }, {
      "uid" : "4bd9589a917c678f",
      "status" : "broken",
      "statusDetails" : "selenium.common.exceptions.NoSuchDriverException: Message: Unable to obtain driver for chrome; For documentation on this error, please visit: https://www.selenium.dev/documentation/webdriver/troubleshooting/errors/driver_location",
      "time" : {
        "start" : 1719330016528,
        "stop" : 1719330016528,
        "duration" : 0
      }
    }, {
      "uid" : "3866b8ec1ef87bf1",
      "status" : "passed",
      "time" : {
        "start" : 1719329638844,
        "stop" : 1719329649471,
        "duration" : 10627
      }
    }, {
      "uid" : "382c058dceba9a51",
      "status" : "passed",
      "time" : {
        "start" : 1719329258216,
        "stop" : 1719329268843,
        "duration" : 10627
      }
    }, {
      "uid" : "8e24c836447db56",
      "status" : "broken",
      "statusDetails" : "FileNotFoundError: [WinError 2] The system cannot find the file specified",
      "time" : {
        "start" : 1719329066597,
        "stop" : 1719329066597,
        "duration" : 0
      }
    }, {
      "uid" : "4c6513414e48b698",
      "status" : "passed",
      "time" : {
        "start" : 1719328945372,
        "stop" : 1719328955989,
        "duration" : 10617
      }
    }, {
      "uid" : "7579a2b435ec0b52",
      "status" : "passed",
      "time" : {
        "start" : 1719325917800,
        "stop" : 1719325928508,
        "duration" : 10708
      }
    }, {
      "uid" : "7855484da237fd61",
      "status" : "passed",
      "time" : {
        "start" : 1719320824730,
        "stop" : 1719320835625,
        "duration" : 10895
      }
    }, {
      "uid" : "95aa8d561b596377",
      "status" : "passed",
      "time" : {
        "start" : 1719320597627,
        "stop" : 1719320608818,
        "duration" : 11191
      }
    }, {
      "uid" : "8f795502612bb9af",
      "status" : "passed",
      "time" : {
        "start" : 1719319598589,
        "stop" : 1719319609753,
        "duration" : 11164
      }
    }, {
      "uid" : "b6c0074f2a90a79e",
      "status" : "passed",
      "time" : {
        "start" : 1719151100213,
        "stop" : 1719151111108,
        "duration" : 10895
      }
    }, {
      "uid" : "6b3924cb82b97568",
      "status" : "passed",
      "time" : {
        "start" : 1719150882164,
        "stop" : 1719150893216,
        "duration" : 11052
      }
    }, {
      "uid" : "7c80b3cc06c091fa",
      "status" : "passed",
      "time" : {
        "start" : 1719150734775,
        "stop" : 1719150745581,
        "duration" : 10806
      }
    }, {
      "uid" : "42a5be132776a45c",
      "status" : "passed",
      "time" : {
        "start" : 1719150126768,
        "stop" : 1719150135625,
        "duration" : 8857
      }
    }, {
      "uid" : "a9fbde5e3151e25c",
      "status" : "passed",
      "time" : {
        "start" : 1719128801097,
        "stop" : 1719128810006,
        "duration" : 8909
      }
    }, {
      "uid" : "8d45f3fbaa7759f4",
      "status" : "passed",
      "time" : {
        "start" : 1719127923631,
        "stop" : 1719127932610,
        "duration" : 8979
      }
    }, {
      "uid" : "1679f5cc6af0c980",
      "status" : "passed",
      "time" : {
        "start" : 1719127390700,
        "stop" : 1719127399503,
        "duration" : 8803
      }
    }, {
      "uid" : "889bad4b8863051a",
      "status" : "passed",
      "time" : {
        "start" : 1719045700157,
        "stop" : 1719045708914,
        "duration" : 8757
      }
    }, {
      "uid" : "8038d920dee20716",
      "status" : "passed",
      "time" : {
        "start" : 1719044946581,
        "stop" : 1719044955362,
        "duration" : 8781
      }
    }, {
      "uid" : "6ff99d73f03b729b",
      "status" : "passed",
      "time" : {
        "start" : 1719044493151,
        "stop" : 1719044501910,
        "duration" : 8759
      }
    }, {
      "uid" : "7818352443a5ea20",
      "status" : "broken",
      "statusDetails" : "AttributeError: 'Browser' object has no attribute 'implicitly_wait'",
      "time" : {
        "start" : 1719043867610,
        "stop" : 1719043867610,
        "duration" : 0
      }
    }, {
      "uid" : "241ae9dd51814f63",
      "status" : "passed",
      "time" : {
        "start" : 1719012791608,
        "stop" : 1719012800429,
        "duration" : 8821
      }
    }, {
      "uid" : "ccfa5a18b9799ca4",
      "status" : "passed",
      "time" : {
        "start" : 1719012558769,
        "stop" : 1719012567931,
        "duration" : 9162
      }
    }, {
      "uid" : "3b723960382430dd",
      "status" : "passed",
      "time" : {
        "start" : 1718734917857,
        "stop" : 1718734926620,
        "duration" : 8763
      }
    }, {
      "uid" : "ca6cd925c54b087c",
      "status" : "passed",
      "time" : {
        "start" : 1718734561493,
        "stop" : 1718734570368,
        "duration" : 8875
      }
    } ],
    "categories" : [ {
      "name" : "Test defects",
      "matchedStatuses" : [ ],
      "flaky" : false
    } ],
    "history" : {
      "statistic" : {
        "failed" : 0,
        "broken" : 7,
        "skipped" : 0,
        "passed" : 7,
        "unknown" : 0,
        "total" : 14
      },
      "items" : [ {
        "uid" : "f5ef6c8a4516302f",
        "reportUrl" : "https://YuryHerasimau.github.io/selenium_waits/13//#testresult/f5ef6c8a4516302f",
        "status" : "broken",
        "statusDetails" : "TypeError: expected str, bytes or os.PathLike object, not NoneType",
        "time" : {
          "start" : 1719410376718,
          "stop" : 1719410376718,
          "duration" : 0
        }
      }, {
        "uid" : "7fd73653ad7c998",
        "reportUrl" : "https://YuryHerasimau.github.io/selenium_waits/12//#testresult/7fd73653ad7c998",
        "status" : "broken",
        "statusDetails" : "selenium.common.exceptions.WebDriverException: Message: 'chromedriver-linux64' executable may have wrong permissions.",
        "time" : {
          "start" : 1719405781997,
          "stop" : 1719405781997,
          "duration" : 0
        }
      }, {
        "uid" : "2377f70adef6b3ec",
        "reportUrl" : "https://YuryHerasimau.github.io/selenium_waits/11//#testresult/2377f70adef6b3ec",
        "status" : "passed",
        "time" : {
          "start" : 1719331640137,
          "stop" : 1719331650479,
          "duration" : 10342
        }
      }, {
        "uid" : "e2a5751741574d9a",
        "reportUrl" : "https://YuryHerasimau.github.io/selenium_waits/10//#testresult/e2a5751741574d9a",
        "status" : "passed",
        "time" : {
          "start" : 1719331292885,
          "stop" : 1719331303397,
          "duration" : 10512
        }
      }, {
        "uid" : "2f4820f200e7c320",
        "reportUrl" : "https://YuryHerasimau.github.io/selenium_waits/9//#testresult/2f4820f200e7c320",
        "status" : "passed",
        "time" : {
          "start" : 1719330246952,
          "stop" : 1719330257281,
          "duration" : 10329
        }
      }, {
        "uid" : "f6ec73dbde00cbed",
        "reportUrl" : "https://YuryHerasimau.github.io/selenium_waits/8//#testresult/f6ec73dbde00cbed",
        "status" : "passed",
        "time" : {
          "start" : 1719329847977,
          "stop" : 1719329858278,
          "duration" : 10301
        }
      }, {
        "uid" : "82ed666e34eaf889",
        "reportUrl" : "https://YuryHerasimau.github.io/selenium_waits/7//#testresult/82ed666e34eaf889",
        "status" : "passed",
        "time" : {
          "start" : 1719329366131,
          "stop" : 1719329376451,
          "duration" : 10320
        }
      }, {
        "uid" : "60e73eff35e6517c",
        "reportUrl" : "https://YuryHerasimau.github.io/selenium_waits/6//#testresult/60e73eff35e6517c",
        "status" : "passed",
        "time" : {
          "start" : 1719328482118,
          "stop" : 1719328492425,
          "duration" : 10307
        }
      }, {
        "uid" : "917db77c9910a819",
        "reportUrl" : "https://YuryHerasimau.github.io/selenium_waits/5//#testresult/917db77c9910a819",
        "status" : "passed",
        "time" : {
          "start" : 1719327485390,
          "stop" : 1719327495745,
          "duration" : 10355
        }
      }, {
        "uid" : "fc3f13490b8aa675",
        "reportUrl" : "https://YuryHerasimau.github.io/selenium_waits/4//#testresult/fc3f13490b8aa675",
        "status" : "broken",
        "statusDetails" : "selenium.common.exceptions.SessionNotCreatedException: Message: session not created: Chrome failed to start: exited normally.\n  (session not created: DevToolsActivePort file doesn't exist)\n  (The process started from chrome location /usr/bin/google-chrome is no longer running, so ChromeDriver is assuming that Chrome has crashed.)\nStacktrace:\n#0 0x55c3165c36aa <unknown>\n#1 0x55c3162a60dc <unknown>\n#2 0x55c3162db02a <unknown>\n#3 0x55c3162d743b <unknown>\n#4 0x55c316321ef9 <unknown>\n#5 0x55c316315613 <unknown>\n#6 0x55c3162e54f7 <unknown>\n#7 0x55c3162e5e4e <unknown>\n#8 0x55c31658987b <unknown>\n#9 0x55c31658d921 <unknown>\n#10 0x55c31657536e <unknown>\n#11 0x55c31658e482 <unknown>\n#12 0x55c316559ccf <unknown>\n#13 0x55c3165b30a8 <unknown>\n#14 0x55c3165b3280 <unknown>\n#15 0x55c3165c27dc <unknown>\n#16 0x7f8d38494ac3 <unknown>",
        "time" : {
          "start" : 1719326203957,
          "stop" : 1719326203957,
          "duration" : 0
        }
      }, {
        "uid" : "9777d0db6e5d505d",
        "reportUrl" : "https://YuryHerasimau.github.io/selenium_waits/3//#testresult/9777d0db6e5d505d",
        "status" : "broken",
        "statusDetails" : "selenium.common.exceptions.SessionNotCreatedException: Message: session not created: Chrome failed to start: exited normally.\n  (session not created: DevToolsActivePort file doesn't exist)\n  (The process started from chrome location /usr/bin/google-chrome is no longer running, so ChromeDriver is assuming that Chrome has crashed.)\nStacktrace:\n#0 0x558a44d4c6aa <unknown>\n#1 0x558a44a2f0dc <unknown>\n#2 0x558a44a6402a <unknown>\n#3 0x558a44a6043b <unknown>\n#4 0x558a44aaaef9 <unknown>\n#5 0x558a44a9e613 <unknown>\n#6 0x558a44a6e4f7 <unknown>\n#7 0x558a44a6ee4e <unknown>\n#8 0x558a44d1287b <unknown>\n#9 0x558a44d16921 <unknown>\n#10 0x558a44cfe36e <unknown>\n#11 0x558a44d17482 <unknown>\n#12 0x558a44ce2ccf <unknown>\n#13 0x558a44d3c0a8 <unknown>\n#14 0x558a44d3c280 <unknown>\n#15 0x558a44d4b7dc <unknown>\n#16 0x7feb6e894ac3 <unknown>",
        "time" : {
          "start" : 1719324158887,
          "stop" : 1719324158887,
          "duration" : 0
        }
      }, {
        "uid" : "6e71dd5955e3ec01",
        "reportUrl" : "https://YuryHerasimau.github.io/selenium_waits/2//#testresult/6e71dd5955e3ec01",
        "status" : "broken",
        "statusDetails" : "selenium.common.exceptions.SessionNotCreatedException: Message: session not created: Chrome failed to start: exited normally.\n  (session not created: DevToolsActivePort file doesn't exist)\n  (The process started from chrome location /usr/bin/google-chrome is no longer running, so ChromeDriver is assuming that Chrome has crashed.)\nStacktrace:\n#0 0x55efcd7136aa <unknown>\n#1 0x55efcd3f60dc <unknown>\n#2 0x55efcd42b02a <unknown>\n#3 0x55efcd42743b <unknown>\n#4 0x55efcd471ef9 <unknown>\n#5 0x55efcd465613 <unknown>\n#6 0x55efcd4354f7 <unknown>\n#7 0x55efcd435e4e <unknown>\n#8 0x55efcd6d987b <unknown>\n#9 0x55efcd6dd921 <unknown>\n#10 0x55efcd6c536e <unknown>\n#11 0x55efcd6de482 <unknown>\n#12 0x55efcd6a9ccf <unknown>\n#13 0x55efcd7030a8 <unknown>\n#14 0x55efcd703280 <unknown>\n#15 0x55efcd7127dc <unknown>\n#16 0x7f353ea94ac3 <unknown>",
        "time" : {
          "start" : 1719324131816,
          "stop" : 1719324131816,
          "duration" : 0
        }
      }, {
        "uid" : "48794ff567f3324a",
        "reportUrl" : "https://YuryHerasimau.github.io/selenium_waits/1//#testresult/48794ff567f3324a",
        "status" : "broken",
        "statusDetails" : "selenium.common.exceptions.SessionNotCreatedException: Message: session not created: Chrome failed to start: exited normally.\n  (session not created: DevToolsActivePort file doesn't exist)\n  (The process started from chrome location /usr/bin/google-chrome is no longer running, so ChromeDriver is assuming that Chrome has crashed.)\nStacktrace:\n#0 0x5571053826aa <unknown>\n#1 0x5571050650dc <unknown>\n#2 0x55710509a02a <unknown>\n#3 0x55710509643b <unknown>\n#4 0x5571050e0ef9 <unknown>\n#5 0x5571050d4613 <unknown>\n#6 0x5571050a44f7 <unknown>\n#7 0x5571050a4e4e <unknown>\n#8 0x55710534887b <unknown>\n#9 0x55710534c921 <unknown>\n#10 0x55710533436e <unknown>\n#11 0x55710534d482 <unknown>\n#12 0x557105318ccf <unknown>\n#13 0x5571053720a8 <unknown>\n#14 0x557105372280 <unknown>\n#15 0x5571053817dc <unknown>\n#16 0x7f413d294ac3 <unknown>",
        "time" : {
          "start" : 1719323940279,
          "stop" : 1719323940279,
          "duration" : 0
        }
      } ]
    },
    "tags" : [ ]
  },
  "source" : "f45d92933c71f79d.json",
  "parameterValues" : [ ]
}