{
  "uid" : "6c23edb019a2ca96",
  "name" : "Test Authentication",
  "fullName" : "tests.test_auth_with_selene#test_login",
  "historyId" : "1a4d25bb59994fd792df79773c4c040e",
  "time" : {
    "start" : 1719416285811,
    "stop" : 1719416286319,
    "duration" : 508
  },
  "description" : "This test attempts to log into the website using a login and a password. Fails if any error happens.\n\nNote that this test does not test 2-Factor Authentication.",
  "descriptionHtml" : "<p>This test attempts to log into the website using a login and a password. Fails if any error happens.</p>\n<p>Note that this test does not test 2-Factor Authentication.</p>\n",
  "status" : "broken",
  "statusMessage" : "selenium.common.exceptions.SessionNotCreatedException: Message: session not created: Chrome failed to start: exited normally.\n  (session not created: DevToolsActivePort file doesn't exist)\n  (The process started from chrome location /usr/bin/google-chrome is no longer running, so ChromeDriver is assuming that Chrome has crashed.)\nStacktrace:\n#0 0x559a661dc6aa <unknown>\n#1 0x559a65ebf0dc <unknown>\n#2 0x559a65ef402a <unknown>\n#3 0x559a65ef043b <unknown>\n#4 0x559a65f3aef9 <unknown>\n#5 0x559a65f2e613 <unknown>\n#6 0x559a65efe4f7 <unknown>\n#7 0x559a65efee4e <unknown>\n#8 0x559a661a287b <unknown>\n#9 0x559a661a6921 <unknown>\n#10 0x559a6618e36e <unknown>\n#11 0x559a661a7482 <unknown>\n#12 0x559a66172ccf <unknown>\n#13 0x559a661cc0a8 <unknown>\n#14 0x559a661cc280 <unknown>\n#15 0x559a661db7dc <unknown>\n#16 0x7ff3f2c94ac3 <unknown>",
  "statusTrace" : "browser_management = None, fake_login = 'Oscar Fisher'\nfake_password = 'Main involve certain someone discuss step keep. Hear oil Democrat indicate surface there.\\nWhen throughout trade fund from idea. Eight fill threat generation under.'\n\n    @allure.title(\"Test Authentication\")\n    @allure.description(\n        \"This test attempts to log into the website using a login and a password. Fails if any error happens.\\n\\nNote that this test does not test 2-Factor Authentication.\"\n    )\n    @allure.tag(\"NewUI\", \"Essentials\", \"Authentication\")\n    @allure.severity(allure.severity_level.CRITICAL)\n    @allure.label(\"owner\", \"John Doe\")\n    @allure.link(base_url, name=\"Website\")\n    @allure.issue(\"AUTH-123\")\n    @allure.testcase(\"TMS-456\")\n    @speed_test\n    def test_login(browser_management, fake_login, fake_password):\n    \n        with allure.step(\"Открыть главную страницу\"):\n>           auth_with_selene.visit(base_url)\n\ntests/test_auth_with_selene.py:21: \n_ _ _ _ _ _ _ _ _ _ _ _ _ _ _ _ _ _ _ _ _ _ _ _ _ _ _ _ _ _ _ _ _ _ _ _ _ _ _ _ \npages/auth_with_selene.py:6: in visit\n    browser.open(url)\n/opt/hostedtoolcache/Python/3.11.9/x64/lib/python3.11/site-packages/selene/core/_browser.py:93: in open\n    self.config._executor.get_url(relative_or_absolute_url)\n/opt/hostedtoolcache/Python/3.11.9/x64/lib/python3.11/site-packages/selene/core/configuration.py:263: in get_url\n    self.config._driver_get_url_strategy(self.config)(url)\n/opt/hostedtoolcache/Python/3.11.9/x64/lib/python3.11/site-packages/selene/core/configuration.py:178: in get\n    driver = config.driver\n/opt/hostedtoolcache/Python/3.11.9/x64/lib/python3.11/site-packages/selene/core/configuration.py:305: in __get__\n    driver = config.build_driver_strategy(config)\n/opt/hostedtoolcache/Python/3.11.9/x64/lib/python3.11/site-packages/selene/core/configuration.py:129: in _build_local_driver_by_name_or_remote_by_url_and_options\n    return {  # type: ignore\n/opt/hostedtoolcache/Python/3.11.9/x64/lib/python3.11/site-packages/selene/core/configuration.py:66: in build_chrome\n    return Chrome(\n/opt/hostedtoolcache/Python/3.11.9/x64/lib/python3.11/site-packages/selenium/webdriver/chrome/webdriver.py:45: in __init__\n    super().__init__(\n/opt/hostedtoolcache/Python/3.11.9/x64/lib/python3.11/site-packages/selenium/webdriver/chromium/webdriver.py:66: in __init__\n    super().__init__(command_executor=executor, options=options)\n/opt/hostedtoolcache/Python/3.11.9/x64/lib/python3.11/site-packages/selenium/webdriver/remote/webdriver.py:208: in __init__\n    self.start_session(capabilities)\n/opt/hostedtoolcache/Python/3.11.9/x64/lib/python3.11/site-packages/selenium/webdriver/remote/webdriver.py:292: in start_session\n    response = self.execute(Command.NEW_SESSION, caps)[\"value\"]\n/opt/hostedtoolcache/Python/3.11.9/x64/lib/python3.11/site-packages/selenium/webdriver/remote/webdriver.py:347: in execute\n    self.error_handler.check_response(response)\n_ _ _ _ _ _ _ _ _ _ _ _ _ _ _ _ _ _ _ _ _ _ _ _ _ _ _ _ _ _ _ _ _ _ _ _ _ _ _ _ \n\nself = <selenium.webdriver.remote.errorhandler.ErrorHandler object at 0x7fa7c5078cd0>\nresponse = {'status': 500, 'value': '{\"value\":{\"error\":\"session not created\",\"message\":\"session not created: Chrome failed to sta...\\\\n#14 0x559a661cc280 \\\\u003Cunknown>\\\\n#15 0x559a661db7dc \\\\u003Cunknown>\\\\n#16 0x7ff3f2c94ac3 \\\\u003Cunknown>\\\\n\"}}'}\n\n    def check_response(self, response: Dict[str, Any]) -> None:\n        \"\"\"Checks that a JSON response from the WebDriver does not have an\n        error.\n    \n        :Args:\n         - response - The JSON response from the WebDriver server as a dictionary\n           object.\n    \n        :Raises: If the response contains an error message.\n        \"\"\"\n        status = response.get(\"status\", None)\n        if not status or status == ErrorCode.SUCCESS:\n            return\n        value = None\n        message = response.get(\"message\", \"\")\n        screen: str = response.get(\"screen\", \"\")\n        stacktrace = None\n        if isinstance(status, int):\n            value_json = response.get(\"value\", None)\n            if value_json and isinstance(value_json, str):\n                import json\n    \n                try:\n                    value = json.loads(value_json)\n                    if len(value) == 1:\n                        value = value[\"value\"]\n                    status = value.get(\"error\", None)\n                    if not status:\n                        status = value.get(\"status\", ErrorCode.UNKNOWN_ERROR)\n                        message = value.get(\"value\") or value.get(\"message\")\n                        if not isinstance(message, str):\n                            value = message\n                            message = message.get(\"message\")\n                    else:\n                        message = value.get(\"message\", None)\n                except ValueError:\n                    pass\n    \n        exception_class: Type[WebDriverException]\n        e = ErrorCode()\n        error_codes = [item for item in dir(e) if not item.startswith(\"__\")]\n        for error_code in error_codes:\n            error_info = getattr(ErrorCode, error_code)\n            if isinstance(error_info, list) and status in error_info:\n                exception_class = getattr(ExceptionMapping, error_code, WebDriverException)\n                break\n        else:\n            exception_class = WebDriverException\n    \n        if not value:\n            value = response[\"value\"]\n        if isinstance(value, str):\n            raise exception_class(value)\n        if message == \"\" and \"message\" in value:\n            message = value[\"message\"]\n    \n        screen = None  # type: ignore[assignment]\n        if \"screen\" in value:\n            screen = value[\"screen\"]\n    \n        stacktrace = None\n        st_value = value.get(\"stackTrace\") or value.get(\"stacktrace\")\n        if st_value:\n            if isinstance(st_value, str):\n                stacktrace = st_value.split(\"\\n\")\n            else:\n                stacktrace = []\n                try:\n                    for frame in st_value:\n                        line = frame.get(\"lineNumber\", \"\")\n                        file = frame.get(\"fileName\", \"<anonymous>\")\n                        if line:\n                            file = f\"{file}:{line}\"\n                        meth = frame.get(\"methodName\", \"<anonymous>\")\n                        if \"className\" in frame:\n                            meth = f\"{frame['className']}.{meth}\"\n                        msg = \"    at %s (%s)\"\n                        msg = msg % (meth, file)\n                        stacktrace.append(msg)\n                except TypeError:\n                    pass\n        if exception_class == UnexpectedAlertPresentException:\n            alert_text = None\n            if \"data\" in value:\n                alert_text = value[\"data\"].get(\"text\")\n            elif \"alert\" in value:\n                alert_text = value[\"alert\"].get(\"text\")\n            raise exception_class(message, screen, stacktrace, alert_text)  # type: ignore[call-arg]  # mypy is not smart enough here\n>       raise exception_class(message, screen, stacktrace)\nE       selenium.common.exceptions.SessionNotCreatedException: Message: session not created: Chrome failed to start: exited normally.\nE         (session not created: DevToolsActivePort file doesn't exist)\nE         (The process started from chrome location /usr/bin/google-chrome is no longer running, so ChromeDriver is assuming that Chrome has crashed.)\nE       Stacktrace:\nE       #0 0x559a661dc6aa <unknown>\nE       #1 0x559a65ebf0dc <unknown>\nE       #2 0x559a65ef402a <unknown>\nE       #3 0x559a65ef043b <unknown>\nE       #4 0x559a65f3aef9 <unknown>\nE       #5 0x559a65f2e613 <unknown>\nE       #6 0x559a65efe4f7 <unknown>\nE       #7 0x559a65efee4e <unknown>\nE       #8 0x559a661a287b <unknown>\nE       #9 0x559a661a6921 <unknown>\nE       #10 0x559a6618e36e <unknown>\nE       #11 0x559a661a7482 <unknown>\nE       #12 0x559a66172ccf <unknown>\nE       #13 0x559a661cc0a8 <unknown>\nE       #14 0x559a661cc280 <unknown>\nE       #15 0x559a661db7dc <unknown>\nE       #16 0x7ff3f2c94ac3 <unknown>\n\n/opt/hostedtoolcache/Python/3.11.9/x64/lib/python3.11/site-packages/selenium/webdriver/remote/errorhandler.py:229: SessionNotCreatedException",
  "flaky" : false,
  "newFailed" : false,
  "beforeStages" : [ {
    "name" : "_session_faker",
    "time" : {
      "start" : 1719416260165,
      "stop" : 1719416260229,
      "duration" : 64
    },
    "status" : "passed",
    "steps" : [ ],
    "attachments" : [ ],
    "parameters" : [ ],
    "stepsCount" : 0,
    "attachmentsCount" : 0,
    "shouldDisplayMessage" : false,
    "hasContent" : false
  }, {
    "name" : "fake_password",
    "time" : {
      "start" : 1719416285793,
      "stop" : 1719416285811,
      "duration" : 18
    },
    "status" : "passed",
    "steps" : [ ],
    "attachments" : [ ],
    "parameters" : [ ],
    "stepsCount" : 0,
    "attachmentsCount" : 0,
    "shouldDisplayMessage" : false,
    "hasContent" : false
  }, {
    "name" : "browser_management",
    "time" : {
      "start" : 1719416285776,
      "stop" : 1719416285776,
      "duration" : 0
    },
    "status" : "passed",
    "steps" : [ ],
    "attachments" : [ ],
    "parameters" : [ ],
    "stepsCount" : 0,
    "attachmentsCount" : 0,
    "shouldDisplayMessage" : false,
    "hasContent" : false
  }, {
    "name" : "chrome_options",
    "time" : {
      "start" : 1719416285776,
      "stop" : 1719416285776,
      "duration" : 0
    },
    "status" : "passed",
    "steps" : [ ],
    "attachments" : [ ],
    "parameters" : [ ],
    "stepsCount" : 0,
    "attachmentsCount" : 0,
    "shouldDisplayMessage" : false,
    "hasContent" : false
  }, {
    "name" : "fake_login",
    "time" : {
      "start" : 1719416285776,
      "stop" : 1719416285792,
      "duration" : 16
    },
    "status" : "passed",
    "steps" : [ ],
    "attachments" : [ ],
    "parameters" : [ ],
    "stepsCount" : 0,
    "attachmentsCount" : 0,
    "shouldDisplayMessage" : false,
    "hasContent" : false
  } ],
  "testStage" : {
    "description" : "This test attempts to log into the website using a login and a password. Fails if any error happens.\n\nNote that this test does not test 2-Factor Authentication.",
    "status" : "broken",
    "statusMessage" : "selenium.common.exceptions.SessionNotCreatedException: Message: session not created: Chrome failed to start: exited normally.\n  (session not created: DevToolsActivePort file doesn't exist)\n  (The process started from chrome location /usr/bin/google-chrome is no longer running, so ChromeDriver is assuming that Chrome has crashed.)\nStacktrace:\n#0 0x559a661dc6aa <unknown>\n#1 0x559a65ebf0dc <unknown>\n#2 0x559a65ef402a <unknown>\n#3 0x559a65ef043b <unknown>\n#4 0x559a65f3aef9 <unknown>\n#5 0x559a65f2e613 <unknown>\n#6 0x559a65efe4f7 <unknown>\n#7 0x559a65efee4e <unknown>\n#8 0x559a661a287b <unknown>\n#9 0x559a661a6921 <unknown>\n#10 0x559a6618e36e <unknown>\n#11 0x559a661a7482 <unknown>\n#12 0x559a66172ccf <unknown>\n#13 0x559a661cc0a8 <unknown>\n#14 0x559a661cc280 <unknown>\n#15 0x559a661db7dc <unknown>\n#16 0x7ff3f2c94ac3 <unknown>",
    "statusTrace" : "browser_management = None, fake_login = 'Oscar Fisher'\nfake_password = 'Main involve certain someone discuss step keep. Hear oil Democrat indicate surface there.\\nWhen throughout trade fund from idea. Eight fill threat generation under.'\n\n    @allure.title(\"Test Authentication\")\n    @allure.description(\n        \"This test attempts to log into the website using a login and a password. Fails if any error happens.\\n\\nNote that this test does not test 2-Factor Authentication.\"\n    )\n    @allure.tag(\"NewUI\", \"Essentials\", \"Authentication\")\n    @allure.severity(allure.severity_level.CRITICAL)\n    @allure.label(\"owner\", \"John Doe\")\n    @allure.link(base_url, name=\"Website\")\n    @allure.issue(\"AUTH-123\")\n    @allure.testcase(\"TMS-456\")\n    @speed_test\n    def test_login(browser_management, fake_login, fake_password):\n    \n        with allure.step(\"Открыть главную страницу\"):\n>           auth_with_selene.visit(base_url)\n\ntests/test_auth_with_selene.py:21: \n_ _ _ _ _ _ _ _ _ _ _ _ _ _ _ _ _ _ _ _ _ _ _ _ _ _ _ _ _ _ _ _ _ _ _ _ _ _ _ _ \npages/auth_with_selene.py:6: in visit\n    browser.open(url)\n/opt/hostedtoolcache/Python/3.11.9/x64/lib/python3.11/site-packages/selene/core/_browser.py:93: in open\n    self.config._executor.get_url(relative_or_absolute_url)\n/opt/hostedtoolcache/Python/3.11.9/x64/lib/python3.11/site-packages/selene/core/configuration.py:263: in get_url\n    self.config._driver_get_url_strategy(self.config)(url)\n/opt/hostedtoolcache/Python/3.11.9/x64/lib/python3.11/site-packages/selene/core/configuration.py:178: in get\n    driver = config.driver\n/opt/hostedtoolcache/Python/3.11.9/x64/lib/python3.11/site-packages/selene/core/configuration.py:305: in __get__\n    driver = config.build_driver_strategy(config)\n/opt/hostedtoolcache/Python/3.11.9/x64/lib/python3.11/site-packages/selene/core/configuration.py:129: in _build_local_driver_by_name_or_remote_by_url_and_options\n    return {  # type: ignore\n/opt/hostedtoolcache/Python/3.11.9/x64/lib/python3.11/site-packages/selene/core/configuration.py:66: in build_chrome\n    return Chrome(\n/opt/hostedtoolcache/Python/3.11.9/x64/lib/python3.11/site-packages/selenium/webdriver/chrome/webdriver.py:45: in __init__\n    super().__init__(\n/opt/hostedtoolcache/Python/3.11.9/x64/lib/python3.11/site-packages/selenium/webdriver/chromium/webdriver.py:66: in __init__\n    super().__init__(command_executor=executor, options=options)\n/opt/hostedtoolcache/Python/3.11.9/x64/lib/python3.11/site-packages/selenium/webdriver/remote/webdriver.py:208: in __init__\n    self.start_session(capabilities)\n/opt/hostedtoolcache/Python/3.11.9/x64/lib/python3.11/site-packages/selenium/webdriver/remote/webdriver.py:292: in start_session\n    response = self.execute(Command.NEW_SESSION, caps)[\"value\"]\n/opt/hostedtoolcache/Python/3.11.9/x64/lib/python3.11/site-packages/selenium/webdriver/remote/webdriver.py:347: in execute\n    self.error_handler.check_response(response)\n_ _ _ _ _ _ _ _ _ _ _ _ _ _ _ _ _ _ _ _ _ _ _ _ _ _ _ _ _ _ _ _ _ _ _ _ _ _ _ _ \n\nself = <selenium.webdriver.remote.errorhandler.ErrorHandler object at 0x7fa7c5078cd0>\nresponse = {'status': 500, 'value': '{\"value\":{\"error\":\"session not created\",\"message\":\"session not created: Chrome failed to sta...\\\\n#14 0x559a661cc280 \\\\u003Cunknown>\\\\n#15 0x559a661db7dc \\\\u003Cunknown>\\\\n#16 0x7ff3f2c94ac3 \\\\u003Cunknown>\\\\n\"}}'}\n\n    def check_response(self, response: Dict[str, Any]) -> None:\n        \"\"\"Checks that a JSON response from the WebDriver does not have an\n        error.\n    \n        :Args:\n         - response - The JSON response from the WebDriver server as a dictionary\n           object.\n    \n        :Raises: If the response contains an error message.\n        \"\"\"\n        status = response.get(\"status\", None)\n        if not status or status == ErrorCode.SUCCESS:\n            return\n        value = None\n        message = response.get(\"message\", \"\")\n        screen: str = response.get(\"screen\", \"\")\n        stacktrace = None\n        if isinstance(status, int):\n            value_json = response.get(\"value\", None)\n            if value_json and isinstance(value_json, str):\n                import json\n    \n                try:\n                    value = json.loads(value_json)\n                    if len(value) == 1:\n                        value = value[\"value\"]\n                    status = value.get(\"error\", None)\n                    if not status:\n                        status = value.get(\"status\", ErrorCode.UNKNOWN_ERROR)\n                        message = value.get(\"value\") or value.get(\"message\")\n                        if not isinstance(message, str):\n                            value = message\n                            message = message.get(\"message\")\n                    else:\n                        message = value.get(\"message\", None)\n                except ValueError:\n                    pass\n    \n        exception_class: Type[WebDriverException]\n        e = ErrorCode()\n        error_codes = [item for item in dir(e) if not item.startswith(\"__\")]\n        for error_code in error_codes:\n            error_info = getattr(ErrorCode, error_code)\n            if isinstance(error_info, list) and status in error_info:\n                exception_class = getattr(ExceptionMapping, error_code, WebDriverException)\n                break\n        else:\n            exception_class = WebDriverException\n    \n        if not value:\n            value = response[\"value\"]\n        if isinstance(value, str):\n            raise exception_class(value)\n        if message == \"\" and \"message\" in value:\n            message = value[\"message\"]\n    \n        screen = None  # type: ignore[assignment]\n        if \"screen\" in value:\n            screen = value[\"screen\"]\n    \n        stacktrace = None\n        st_value = value.get(\"stackTrace\") or value.get(\"stacktrace\")\n        if st_value:\n            if isinstance(st_value, str):\n                stacktrace = st_value.split(\"\\n\")\n            else:\n                stacktrace = []\n                try:\n                    for frame in st_value:\n                        line = frame.get(\"lineNumber\", \"\")\n                        file = frame.get(\"fileName\", \"<anonymous>\")\n                        if line:\n                            file = f\"{file}:{line}\"\n                        meth = frame.get(\"methodName\", \"<anonymous>\")\n                        if \"className\" in frame:\n                            meth = f\"{frame['className']}.{meth}\"\n                        msg = \"    at %s (%s)\"\n                        msg = msg % (meth, file)\n                        stacktrace.append(msg)\n                except TypeError:\n                    pass\n        if exception_class == UnexpectedAlertPresentException:\n            alert_text = None\n            if \"data\" in value:\n                alert_text = value[\"data\"].get(\"text\")\n            elif \"alert\" in value:\n                alert_text = value[\"alert\"].get(\"text\")\n            raise exception_class(message, screen, stacktrace, alert_text)  # type: ignore[call-arg]  # mypy is not smart enough here\n>       raise exception_class(message, screen, stacktrace)\nE       selenium.common.exceptions.SessionNotCreatedException: Message: session not created: Chrome failed to start: exited normally.\nE         (session not created: DevToolsActivePort file doesn't exist)\nE         (The process started from chrome location /usr/bin/google-chrome is no longer running, so ChromeDriver is assuming that Chrome has crashed.)\nE       Stacktrace:\nE       #0 0x559a661dc6aa <unknown>\nE       #1 0x559a65ebf0dc <unknown>\nE       #2 0x559a65ef402a <unknown>\nE       #3 0x559a65ef043b <unknown>\nE       #4 0x559a65f3aef9 <unknown>\nE       #5 0x559a65f2e613 <unknown>\nE       #6 0x559a65efe4f7 <unknown>\nE       #7 0x559a65efee4e <unknown>\nE       #8 0x559a661a287b <unknown>\nE       #9 0x559a661a6921 <unknown>\nE       #10 0x559a6618e36e <unknown>\nE       #11 0x559a661a7482 <unknown>\nE       #12 0x559a66172ccf <unknown>\nE       #13 0x559a661cc0a8 <unknown>\nE       #14 0x559a661cc280 <unknown>\nE       #15 0x559a661db7dc <unknown>\nE       #16 0x7ff3f2c94ac3 <unknown>\n\n/opt/hostedtoolcache/Python/3.11.9/x64/lib/python3.11/site-packages/selenium/webdriver/remote/errorhandler.py:229: SessionNotCreatedException",
    "steps" : [ {
      "name" : "Открыть главную страницу",
      "time" : {
        "start" : 1719416285812,
        "stop" : 1719416286317,
        "duration" : 505
      },
      "status" : "broken",
      "statusMessage" : "selenium.common.exceptions.SessionNotCreatedException: Message: session not created: Chrome failed to start: exited normally.\n  (session not created: DevToolsActivePort file doesn't exist)\n  (The process started from chrome location /usr/bin/google-chrome is no longer running, so ChromeDriver is assuming that Chrome has crashed.)\nStacktrace:\n#0 0x559a661dc6aa <unknown>\n#1 0x559a65ebf0dc <unknown>\n#2 0x559a65ef402a <unknown>\n#3 0x559a65ef043b <unknown>\n#4 0x559a65f3aef9 <unknown>\n#5 0x559a65f2e613 <unknown>\n#6 0x559a65efe4f7 <unknown>\n#7 0x559a65efee4e <unknown>\n#8 0x559a661a287b <unknown>\n#9 0x559a661a6921 <unknown>\n#10 0x559a6618e36e <unknown>\n#11 0x559a661a7482 <unknown>\n#12 0x559a66172ccf <unknown>\n#13 0x559a661cc0a8 <unknown>\n#14 0x559a661cc280 <unknown>\n#15 0x559a661db7dc <unknown>\n#16 0x7ff3f2c94ac3 <unknown>\n\n",
      "statusTrace" : "  File \"/home/runner/work/selenium_waits/selenium_waits/tests/test_auth_with_selene.py\", line 21, in test_login\n    auth_with_selene.visit(base_url)\n  File \"/home/runner/work/selenium_waits/selenium_waits/pages/auth_with_selene.py\", line 6, in visit\n    browser.open(url)\n  File \"/opt/hostedtoolcache/Python/3.11.9/x64/lib/python3.11/site-packages/selene/core/_browser.py\", line 93, in open\n    self.config._executor.get_url(relative_or_absolute_url)\n  File \"/opt/hostedtoolcache/Python/3.11.9/x64/lib/python3.11/site-packages/selene/core/configuration.py\", line 263, in get_url\n    self.config._driver_get_url_strategy(self.config)(url)\n  File \"/opt/hostedtoolcache/Python/3.11.9/x64/lib/python3.11/site-packages/selene/core/configuration.py\", line 178, in get\n    driver = config.driver\n             ^^^^^^^^^^^^^\n  File \"/opt/hostedtoolcache/Python/3.11.9/x64/lib/python3.11/site-packages/selene/core/configuration.py\", line 305, in __get__\n    driver = config.build_driver_strategy(config)\n             ^^^^^^^^^^^^^^^^^^^^^^^^^^^^^^^^^^^^\n  File \"/opt/hostedtoolcache/Python/3.11.9/x64/lib/python3.11/site-packages/selene/core/configuration.py\", line 129, in _build_local_driver_by_name_or_remote_by_url_and_options\n    return {  # type: ignore\n           ^^^^^^^^^^^^^^^^^\n  File \"/opt/hostedtoolcache/Python/3.11.9/x64/lib/python3.11/site-packages/selene/core/configuration.py\", line 66, in build_chrome\n    return Chrome(\n           ^^^^^^^\n  File \"/opt/hostedtoolcache/Python/3.11.9/x64/lib/python3.11/site-packages/selenium/webdriver/chrome/webdriver.py\", line 45, in __init__\n    super().__init__(\n  File \"/opt/hostedtoolcache/Python/3.11.9/x64/lib/python3.11/site-packages/selenium/webdriver/chromium/webdriver.py\", line 66, in __init__\n    super().__init__(command_executor=executor, options=options)\n  File \"/opt/hostedtoolcache/Python/3.11.9/x64/lib/python3.11/site-packages/selenium/webdriver/remote/webdriver.py\", line 208, in __init__\n    self.start_session(capabilities)\n  File \"/opt/hostedtoolcache/Python/3.11.9/x64/lib/python3.11/site-packages/selenium/webdriver/remote/webdriver.py\", line 292, in start_session\n    response = self.execute(Command.NEW_SESSION, caps)[\"value\"]\n               ^^^^^^^^^^^^^^^^^^^^^^^^^^^^^^^^^^^^^^^\n  File \"/opt/hostedtoolcache/Python/3.11.9/x64/lib/python3.11/site-packages/selenium/webdriver/remote/webdriver.py\", line 347, in execute\n    self.error_handler.check_response(response)\n  File \"/opt/hostedtoolcache/Python/3.11.9/x64/lib/python3.11/site-packages/selenium/webdriver/remote/errorhandler.py\", line 229, in check_response\n    raise exception_class(message, screen, stacktrace)\n",
      "steps" : [ ],
      "attachments" : [ ],
      "parameters" : [ ],
      "stepsCount" : 0,
      "attachmentsCount" : 0,
      "shouldDisplayMessage" : true,
      "hasContent" : true
    } ],
    "attachments" : [ ],
    "parameters" : [ ],
    "stepsCount" : 1,
    "attachmentsCount" : 0,
    "shouldDisplayMessage" : true,
    "hasContent" : true
  },
  "afterStages" : [ {
    "name" : "browser_management::0",
    "time" : {
      "start" : 1719416286389,
      "stop" : 1719416286575,
      "duration" : 186
    },
    "status" : "broken",
    "statusMessage" : "selenium.common.exceptions.SessionNotCreatedException: Message: session not created: Chrome failed to start: exited normally.\n  (session not created: DevToolsActivePort file doesn't exist)\n  (The process started from chrome location /usr/bin/google-chrome is no longer running, so ChromeDriver is assuming that Chrome has crashed.)\nStacktrace:\n#0 0x55ee8d7b86aa <unknown>\n#1 0x55ee8d49b0dc <unknown>\n#2 0x55ee8d4d002a <unknown>\n#3 0x55ee8d4cc43b <unknown>\n#4 0x55ee8d516ef9 <unknown>\n#5 0x55ee8d50a613 <unknown>\n#6 0x55ee8d4da4f7 <unknown>\n#7 0x55ee8d4dae4e <unknown>\n#8 0x55ee8d77e87b <unknown>\n#9 0x55ee8d782921 <unknown>\n#10 0x55ee8d76a36e <unknown>\n#11 0x55ee8d783482 <unknown>\n#12 0x55ee8d74eccf <unknown>\n#13 0x55ee8d7a80a8 <unknown>\n#14 0x55ee8d7a8280 <unknown>\n#15 0x55ee8d7b77dc <unknown>\n#16 0x7fe5d5494ac3 <unknown>\n\n",
    "statusTrace" : "  File \"/opt/hostedtoolcache/Python/3.11.9/x64/lib/python3.11/site-packages/allure_commons/_allure.py\", line 221, in __call__\n    return self._fixture_function(*args, **kwargs)\n           ^^^^^^^^^^^^^^^^^^^^^^^^^^^^^^^^^^^^^^^\n  File \"/opt/hostedtoolcache/Python/3.11.9/x64/lib/python3.11/site-packages/_pytest/fixtures.py\", line 893, in _teardown_yield_fixture\n    next(it)\n  File \"/home/runner/work/selenium_waits/selenium_waits/conftest.py\", line 65, in browser_management\n    browser.driver.get_screenshot_as_png(),\n    ^^^^^^^^^^^^^^\n  File \"/opt/hostedtoolcache/Python/3.11.9/x64/lib/python3.11/site-packages/selene/core/_browser.py\", line 34, in driver\n    return self.config.driver\n           ^^^^^^^^^^^^^^^^^^\n  File \"/opt/hostedtoolcache/Python/3.11.9/x64/lib/python3.11/site-packages/selene/core/configuration.py\", line 305, in __get__\n    driver = config.build_driver_strategy(config)\n             ^^^^^^^^^^^^^^^^^^^^^^^^^^^^^^^^^^^^\n  File \"/opt/hostedtoolcache/Python/3.11.9/x64/lib/python3.11/site-packages/selene/core/configuration.py\", line 129, in _build_local_driver_by_name_or_remote_by_url_and_options\n    return {  # type: ignore\n           ^^^^^^^^^^^^^^^^^\n  File \"/opt/hostedtoolcache/Python/3.11.9/x64/lib/python3.11/site-packages/selene/core/configuration.py\", line 66, in build_chrome\n    return Chrome(\n           ^^^^^^^\n  File \"/opt/hostedtoolcache/Python/3.11.9/x64/lib/python3.11/site-packages/selenium/webdriver/chrome/webdriver.py\", line 45, in __init__\n    super().__init__(\n  File \"/opt/hostedtoolcache/Python/3.11.9/x64/lib/python3.11/site-packages/selenium/webdriver/chromium/webdriver.py\", line 66, in __init__\n    super().__init__(command_executor=executor, options=options)\n  File \"/opt/hostedtoolcache/Python/3.11.9/x64/lib/python3.11/site-packages/selenium/webdriver/remote/webdriver.py\", line 208, in __init__\n    self.start_session(capabilities)\n  File \"/opt/hostedtoolcache/Python/3.11.9/x64/lib/python3.11/site-packages/selenium/webdriver/remote/webdriver.py\", line 292, in start_session\n    response = self.execute(Command.NEW_SESSION, caps)[\"value\"]\n               ^^^^^^^^^^^^^^^^^^^^^^^^^^^^^^^^^^^^^^^\n  File \"/opt/hostedtoolcache/Python/3.11.9/x64/lib/python3.11/site-packages/selenium/webdriver/remote/webdriver.py\", line 347, in execute\n    self.error_handler.check_response(response)\n  File \"/opt/hostedtoolcache/Python/3.11.9/x64/lib/python3.11/site-packages/selenium/webdriver/remote/errorhandler.py\", line 229, in check_response\n    raise exception_class(message, screen, stacktrace)\n",
    "steps" : [ ],
    "attachments" : [ ],
    "parameters" : [ ],
    "stepsCount" : 0,
    "attachmentsCount" : 0,
    "shouldDisplayMessage" : true,
    "hasContent" : true
  } ],
  "labels" : [ {
    "name" : "owner",
    "value" : "John Doe"
  }, {
    "name" : "tag",
    "value" : "NewUI"
  }, {
    "name" : "tag",
    "value" : "Authentication"
  }, {
    "name" : "tag",
    "value" : "Essentials"
  }, {
    "name" : "severity",
    "value" : "critical"
  }, {
    "name" : "parentSuite",
    "value" : "tests"
  }, {
    "name" : "suite",
    "value" : "test_auth_with_selene"
  }, {
    "name" : "host",
    "value" : "fv-az735-636"
  }, {
    "name" : "thread",
    "value" : "2233-MainThread"
  }, {
    "name" : "framework",
    "value" : "pytest"
  }, {
    "name" : "language",
    "value" : "cpython3"
  }, {
    "name" : "package",
    "value" : "tests.test_auth_with_selene"
  }, {
    "name" : "resultFormat",
    "value" : "allure2"
  } ],
  "parameters" : [ ],
  "links" : [ {
    "name" : "TMS-456",
    "url" : "TMS-456",
    "type" : "tms"
  }, {
    "name" : "AUTH-123",
    "url" : "AUTH-123",
    "type" : "issue"
  }, {
    "name" : "Website",
    "url" : "https://victoretc.github.io/selenium_waits/",
    "type" : "link"
  } ],
  "hidden" : false,
  "retry" : false,
  "extra" : {
    "severity" : "critical",
    "owner" : "John Doe",
    "retries" : [ {
      "uid" : "e1a6ba29f7321656",
      "status" : "passed",
      "time" : {
        "start" : 1719416103884,
        "stop" : 1719416115789,
        "duration" : 11905
      }
    }, {
      "uid" : "3c3cb77efa9bac9a",
      "status" : "passed",
      "time" : {
        "start" : 1719414659455,
        "stop" : 1719414670860,
        "duration" : 11405
      }
    }, {
      "uid" : "c8147e794578337",
      "status" : "passed",
      "time" : {
        "start" : 1719413671061,
        "stop" : 1719413681630,
        "duration" : 10569
      }
    }, {
      "uid" : "897f51839ffd7b2f",
      "status" : "passed",
      "time" : {
        "start" : 1719413099998,
        "stop" : 1719413110375,
        "duration" : 10377
      }
    }, {
      "uid" : "8ba699a4affa69e8",
      "status" : "passed",
      "time" : {
        "start" : 1719412283489,
        "stop" : 1719412294001,
        "duration" : 10512
      }
    }, {
      "uid" : "e5842fdf9f928da6",
      "status" : "passed",
      "time" : {
        "start" : 1719409829921,
        "stop" : 1719409840556,
        "duration" : 10635
      }
    }, {
      "uid" : "e00681998c7b063f",
      "status" : "broken",
      "statusDetails" : "TypeError: expected str, bytes or os.PathLike object, not NoneType",
      "time" : {
        "start" : 1719407323134,
        "stop" : 1719407323134,
        "duration" : 0
      }
    }, {
      "uid" : "2e560d6029246ac0",
      "status" : "broken",
      "statusDetails" : "NameError: name 'chrome_driver_path' is not defined",
      "time" : {
        "start" : 1719407138713,
        "stop" : 1719407138713,
        "duration" : 0
      }
    }, {
      "uid" : "28071504899652c9",
      "status" : "broken",
      "statusDetails" : "TypeError: expected str, bytes or os.PathLike object, not NoneType",
      "time" : {
        "start" : 1719406600726,
        "stop" : 1719406600726,
        "duration" : 0
      }
    }, {
      "uid" : "75b772c019894b9",
      "status" : "passed",
      "time" : {
        "start" : 1719405175713,
        "stop" : 1719405186138,
        "duration" : 10425
      }
    }, {
      "uid" : "8d12096e91c53f4d",
      "status" : "passed",
      "time" : {
        "start" : 1719404993170,
        "stop" : 1719405003855,
        "duration" : 10685
      }
    }, {
      "uid" : "7afb79ff0e71de84",
      "status" : "broken",
      "statusDetails" : "TypeError: expected str, bytes or os.PathLike object, not NoneType",
      "time" : {
        "start" : 1719404881130,
        "stop" : 1719404881130,
        "duration" : 0
      }
    }, {
      "uid" : "badffe1b2420cd0f",
      "status" : "passed",
      "time" : {
        "start" : 1719403623561,
        "stop" : 1719403634070,
        "duration" : 10509
      }
    }, {
      "uid" : "e294ad0df9dc5238",
      "status" : "passed",
      "time" : {
        "start" : 1719331476349,
        "stop" : 1719331486826,
        "duration" : 10477
      }
    }, {
      "uid" : "b22d6ec40bef5dea",
      "status" : "passed",
      "time" : {
        "start" : 1719331089942,
        "stop" : 1719331100226,
        "duration" : 10284
      }
    }, {
      "uid" : "4f09caed2786b429",
      "status" : "broken",
      "statusDetails" : "urllib3.exceptions.LocationValueError: No host specified.",
      "time" : {
        "start" : 1719330829495,
        "stop" : 1719330829500,
        "duration" : 5
      }
    }, {
      "uid" : "fef8f64b8ddaf27a",
      "status" : "broken",
      "statusDetails" : "urllib3.exceptions.LocationValueError: No host specified.",
      "time" : {
        "start" : 1719330737902,
        "stop" : 1719330737940,
        "duration" : 38
      }
    }, {
      "uid" : "b6f8ff0780ec157c",
      "status" : "passed",
      "time" : {
        "start" : 1719330068996,
        "stop" : 1719330079469,
        "duration" : 10473
      }
    }, {
      "uid" : "56cece6944104496",
      "status" : "passed",
      "time" : {
        "start" : 1719330003049,
        "stop" : 1719330013985,
        "duration" : 10936
      }
    }, {
      "uid" : "6c8e03396462efed",
      "status" : "passed",
      "time" : {
        "start" : 1719329592413,
        "stop" : 1719329602749,
        "duration" : 10336
      }
    }, {
      "uid" : "3d22aee56735c587",
      "status" : "passed",
      "time" : {
        "start" : 1719329211392,
        "stop" : 1719329221937,
        "duration" : 10545
      }
    }, {
      "uid" : "a75ff50bff24e116",
      "status" : "broken",
      "statusDetails" : "FileNotFoundError: [WinError 2] The system cannot find the file specified",
      "time" : {
        "start" : 1719329066137,
        "stop" : 1719329066137,
        "duration" : 0
      }
    }, {
      "uid" : "31f506ead51f5704",
      "status" : "passed",
      "time" : {
        "start" : 1719328898462,
        "stop" : 1719328908820,
        "duration" : 10358
      }
    }, {
      "uid" : "dfbe73d5794f6525",
      "status" : "passed",
      "time" : {
        "start" : 1719325868376,
        "stop" : 1719325879761,
        "duration" : 11385
      }
    }, {
      "uid" : "2774ebfb6e5f3b5e",
      "status" : "passed",
      "time" : {
        "start" : 1719320775054,
        "stop" : 1719320785535,
        "duration" : 10481
      }
    }, {
      "uid" : "42782f89db16df8b",
      "status" : "passed",
      "time" : {
        "start" : 1719320544976,
        "stop" : 1719320556078,
        "duration" : 11102
      }
    }, {
      "uid" : "e04729a1b25bf817",
      "status" : "passed",
      "time" : {
        "start" : 1719319547096,
        "stop" : 1719319559132,
        "duration" : 12036
      }
    }, {
      "uid" : "42bba743ada3b46b",
      "status" : "passed",
      "time" : {
        "start" : 1719151051520,
        "stop" : 1719151061897,
        "duration" : 10377
      }
    }, {
      "uid" : "eaa15f000240edb4",
      "status" : "passed",
      "time" : {
        "start" : 1719150830693,
        "stop" : 1719150842017,
        "duration" : 11324
      }
    }, {
      "uid" : "d3779054412f62e5",
      "status" : "passed",
      "time" : {
        "start" : 1719150684754,
        "stop" : 1719150695156,
        "duration" : 10402
      }
    }, {
      "uid" : "28370e019004842a",
      "status" : "passed",
      "time" : {
        "start" : 1719150077622,
        "stop" : 1719150087950,
        "duration" : 10328
      }
    }, {
      "uid" : "78e0ac827f54242f",
      "status" : "passed",
      "time" : {
        "start" : 1719128751637,
        "stop" : 1719128762000,
        "duration" : 10363
      }
    }, {
      "uid" : "7421658a614e4e9c",
      "status" : "passed",
      "time" : {
        "start" : 1719127874385,
        "stop" : 1719127884755,
        "duration" : 10370
      }
    }, {
      "uid" : "341fb45f5a168831",
      "status" : "passed",
      "time" : {
        "start" : 1719127339149,
        "stop" : 1719127347891,
        "duration" : 8742
      }
    }, {
      "uid" : "6273802380af4ec",
      "status" : "passed",
      "time" : {
        "start" : 1719045648632,
        "stop" : 1719045657379,
        "duration" : 8747
      }
    }, {
      "uid" : "751e995e7abf0cd1",
      "status" : "passed",
      "time" : {
        "start" : 1719044895289,
        "stop" : 1719044903952,
        "duration" : 8663
      }
    }, {
      "uid" : "30fbc7fe44ef8c09",
      "status" : "passed",
      "time" : {
        "start" : 1719044441407,
        "stop" : 1719044450074,
        "duration" : 8667
      }
    }, {
      "uid" : "452b06dfb0306529",
      "status" : "broken",
      "statusDetails" : "AttributeError: 'Browser' object has no attribute 'implicitly_wait'",
      "time" : {
        "start" : 1719043867535,
        "stop" : 1719043867535,
        "duration" : 0
      }
    }, {
      "uid" : "e038864bf04c6b88",
      "status" : "passed",
      "time" : {
        "start" : 1719012739838,
        "stop" : 1719012748574,
        "duration" : 8736
      }
    }, {
      "uid" : "a1e71d0ba0e862bf",
      "status" : "failed",
      "statusDetails" : "selene.core.exceptions.TimeoutException: Message: \n\nTimed out after 10s, while waiting for:\nbrowser.element(('css selector', '#login')).type: John\n\nReason: ElementNotInteractableException: element not interactable\n  (Session info: chrome=121.0.6167.140)\nScreenshot: file://C:\\Users\\Юрий\\.selene\\screenshots\\1719012484799\\1719012484799.png\nPageSource: file://C:\\Users\\Юрий\\.selene\\screenshots\\1719012484799\\1719012484799.html",
      "time" : {
        "start" : 1719012508781,
        "stop" : 1719012519251,
        "duration" : 10470
      }
    }, {
      "uid" : "3ddb486849424569",
      "status" : "passed",
      "time" : {
        "start" : 1718734864206,
        "stop" : 1718734872972,
        "duration" : 8766
      }
    }, {
      "uid" : "750c812295a66211",
      "status" : "passed",
      "time" : {
        "start" : 1718734515271,
        "stop" : 1718734523953,
        "duration" : 8682
      }
    } ],
    "categories" : [ {
      "name" : "Test defects",
      "matchedStatuses" : [ ],
      "flaky" : false
    } ],
    "history" : {
      "statistic" : {
        "failed" : 0,
        "broken" : 20,
        "skipped" : 0,
        "passed" : 1,
        "unknown" : 0,
        "total" : 21
      },
      "items" : [ {
        "uid" : "e30c8372cb407942",
        "reportUrl" : "https://YuryHerasimau.github.io/selenium_waits/20//#testresult/e30c8372cb407942",
        "status" : "broken",
        "statusDetails" : "selenium.common.exceptions.SessionNotCreatedException: Message: session not created: Chrome failed to start: exited normally.\n  (session not created: DevToolsActivePort file doesn't exist)\n  (The process started from chrome location /usr/bin/google-chrome is no longer running, so ChromeDriver is assuming that Chrome has crashed.)\nStacktrace:\n#0 0x5624e9d2c6aa <unknown>\n#1 0x5624e9a0f0dc <unknown>\n#2 0x5624e9a4402a <unknown>\n#3 0x5624e9a4043b <unknown>\n#4 0x5624e9a8aef9 <unknown>\n#5 0x5624e9a7e613 <unknown>\n#6 0x5624e9a4e4f7 <unknown>\n#7 0x5624e9a4ee4e <unknown>\n#8 0x5624e9cf287b <unknown>\n#9 0x5624e9cf6921 <unknown>\n#10 0x5624e9cde36e <unknown>\n#11 0x5624e9cf7482 <unknown>\n#12 0x5624e9cc2ccf <unknown>\n#13 0x5624e9d1c0a8 <unknown>\n#14 0x5624e9d1c280 <unknown>\n#15 0x5624e9d2b7dc <unknown>\n#16 0x7f03a9094ac3 <unknown>",
        "time" : {
          "start" : 1719414798534,
          "stop" : 1719414798720,
          "duration" : 186
        }
      }, {
        "uid" : "f70ea42603d32e37",
        "reportUrl" : "https://YuryHerasimau.github.io/selenium_waits/19//#testresult/f70ea42603d32e37",
        "status" : "passed",
        "time" : {
          "start" : 1719413671061,
          "stop" : 1719413681630,
          "duration" : 10569
        }
      }, {
        "uid" : "8110a68a60637f3b",
        "reportUrl" : "https://YuryHerasimau.github.io/selenium_waits/18//#testresult/8110a68a60637f3b",
        "status" : "broken",
        "statusDetails" : "selenium.common.exceptions.WebDriverException: Message: 'chromedriver-linux64' executable may have wrong permissions.",
        "time" : {
          "start" : 1719413938013,
          "stop" : 1719413938013,
          "duration" : 0
        }
      }, {
        "uid" : "9e8cd41c982d474b",
        "reportUrl" : "https://YuryHerasimau.github.io/selenium_waits/17//#testresult/9e8cd41c982d474b",
        "status" : "broken",
        "statusDetails" : "selenium.common.exceptions.WebDriverException: Message: 'chromedriver-linux64' executable may have wrong permissions.",
        "time" : {
          "start" : 1719413253179,
          "stop" : 1719413253179,
          "duration" : 0
        }
      }, {
        "uid" : "1223c64fdd21a81",
        "reportUrl" : "https://YuryHerasimau.github.io/selenium_waits/16//#testresult/1223c64fdd21a81",
        "status" : "broken",
        "statusDetails" : "selenium.common.exceptions.WebDriverException: Message: 'chromedriver-linux64' executable may have wrong permissions.",
        "time" : {
          "start" : 1719412458626,
          "stop" : 1719412458626,
          "duration" : 0
        }
      }, {
        "uid" : "a5d44279daf5d759",
        "reportUrl" : "https://YuryHerasimau.github.io/selenium_waits/15//#testresult/a5d44279daf5d759",
        "status" : "broken",
        "statusDetails" : "TypeError: expected str, bytes or os.PathLike object, not NoneType",
        "time" : {
          "start" : 1719412183882,
          "stop" : 1719412183882,
          "duration" : 0
        }
      }, {
        "uid" : "5a0c7fad52f0edc6",
        "reportUrl" : "https://YuryHerasimau.github.io/selenium_waits/14//#testresult/5a0c7fad52f0edc6",
        "status" : "broken",
        "statusDetails" : "TypeError: expected str, bytes or os.PathLike object, not NoneType",
        "time" : {
          "start" : 1719412051527,
          "stop" : 1719412051527,
          "duration" : 0
        }
      }, {
        "uid" : "ab31d41ec284a87",
        "reportUrl" : "https://YuryHerasimau.github.io/selenium_waits/13//#testresult/ab31d41ec284a87",
        "status" : "broken",
        "statusDetails" : "TypeError: expected str, bytes or os.PathLike object, not NoneType",
        "time" : {
          "start" : 1719410376577,
          "stop" : 1719410376577,
          "duration" : 0
        }
      }, {
        "uid" : "15b6c31a75ae26d",
        "reportUrl" : "https://YuryHerasimau.github.io/selenium_waits/12//#testresult/15b6c31a75ae26d",
        "status" : "broken",
        "statusDetails" : "selenium.common.exceptions.WebDriverException: Message: 'chromedriver-linux64' executable may have wrong permissions.",
        "time" : {
          "start" : 1719405781857,
          "stop" : 1719405781857,
          "duration" : 0
        }
      }, {
        "uid" : "426cd93975a322a1",
        "reportUrl" : "https://YuryHerasimau.github.io/selenium_waits/11//#testresult/426cd93975a322a1",
        "status" : "broken",
        "statusDetails" : "selenium.common.exceptions.SessionNotCreatedException: Message: session not created: Chrome failed to start: exited normally.\n  (session not created: DevToolsActivePort file doesn't exist)\n  (The process started from chrome location /usr/bin/google-chrome is no longer running, so ChromeDriver is assuming that Chrome has crashed.)\nStacktrace:\n#0 0x5574f39636aa <unknown>\n#1 0x5574f36460dc <unknown>\n#2 0x5574f367b02a <unknown>\n#3 0x5574f367743b <unknown>\n#4 0x5574f36c1ef9 <unknown>\n#5 0x5574f36b5613 <unknown>\n#6 0x5574f36854f7 <unknown>\n#7 0x5574f3685e4e <unknown>\n#8 0x5574f392987b <unknown>\n#9 0x5574f392d921 <unknown>\n#10 0x5574f391536e <unknown>\n#11 0x5574f392e482 <unknown>\n#12 0x5574f38f9ccf <unknown>\n#13 0x5574f39530a8 <unknown>\n#14 0x5574f3953280 <unknown>\n#15 0x5574f39627dc <unknown>\n#16 0x7f9590494ac3 <unknown>",
        "time" : {
          "start" : 1719331621603,
          "stop" : 1719331622216,
          "duration" : 613
        }
      }, {
        "uid" : "3cc87b4dfb2c21b5",
        "reportUrl" : "https://YuryHerasimau.github.io/selenium_waits/10//#testresult/3cc87b4dfb2c21b5",
        "status" : "broken",
        "statusDetails" : "selenium.common.exceptions.SessionNotCreatedException: Message: session not created: Chrome failed to start: exited normally.\n  (session not created: DevToolsActivePort file doesn't exist)\n  (The process started from chrome location /usr/bin/google-chrome is no longer running, so ChromeDriver is assuming that Chrome has crashed.)\nStacktrace:\n#0 0x558af43026aa <unknown>\n#1 0x558af3fe50dc <unknown>\n#2 0x558af401a02a <unknown>\n#3 0x558af401643b <unknown>\n#4 0x558af4060ef9 <unknown>\n#5 0x558af4054613 <unknown>\n#6 0x558af40244f7 <unknown>\n#7 0x558af4024e4e <unknown>\n#8 0x558af42c887b <unknown>\n#9 0x558af42cc921 <unknown>\n#10 0x558af42b436e <unknown>\n#11 0x558af42cd482 <unknown>\n#12 0x558af4298ccf <unknown>\n#13 0x558af42f20a8 <unknown>\n#14 0x558af42f2280 <unknown>\n#15 0x558af43017dc <unknown>\n#16 0x7f5dbca94ac3 <unknown>",
        "time" : {
          "start" : 1719331274759,
          "stop" : 1719331274948,
          "duration" : 189
        }
      }, {
        "uid" : "4281eda5ea477459",
        "reportUrl" : "https://YuryHerasimau.github.io/selenium_waits/9//#testresult/4281eda5ea477459",
        "status" : "broken",
        "statusDetails" : "selenium.common.exceptions.SessionNotCreatedException: Message: session not created: Chrome failed to start: exited normally.\n  (session not created: DevToolsActivePort file doesn't exist)\n  (The process started from chrome location /usr/bin/google-chrome is no longer running, so ChromeDriver is assuming that Chrome has crashed.)\nStacktrace:\n#0 0x55a7d7a376aa <unknown>\n#1 0x55a7d771a0dc <unknown>\n#2 0x55a7d774f02a <unknown>\n#3 0x55a7d774b43b <unknown>\n#4 0x55a7d7795ef9 <unknown>\n#5 0x55a7d7789613 <unknown>\n#6 0x55a7d77594f7 <unknown>\n#7 0x55a7d7759e4e <unknown>\n#8 0x55a7d79fd87b <unknown>\n#9 0x55a7d7a01921 <unknown>\n#10 0x55a7d79e936e <unknown>\n#11 0x55a7d7a02482 <unknown>\n#12 0x55a7d79cdccf <unknown>\n#13 0x55a7d7a270a8 <unknown>\n#14 0x55a7d7a27280 <unknown>\n#15 0x55a7d7a367dc <unknown>\n#16 0x7f9422694ac3 <unknown>",
        "time" : {
          "start" : 1719330228778,
          "stop" : 1719330229068,
          "duration" : 290
        }
      }, {
        "uid" : "970c7e029a09ea84",
        "reportUrl" : "https://YuryHerasimau.github.io/selenium_waits/8//#testresult/970c7e029a09ea84",
        "status" : "broken",
        "statusDetails" : "selenium.common.exceptions.SessionNotCreatedException: Message: session not created: Chrome failed to start: exited normally.\n  (session not created: DevToolsActivePort file doesn't exist)\n  (The process started from chrome location /usr/bin/google-chrome is no longer running, so ChromeDriver is assuming that Chrome has crashed.)\nStacktrace:\n#0 0x563a501a56aa <unknown>\n#1 0x563a4fe880dc <unknown>\n#2 0x563a4febd02a <unknown>\n#3 0x563a4feb943b <unknown>\n#4 0x563a4ff03ef9 <unknown>\n#5 0x563a4fef7613 <unknown>\n#6 0x563a4fec74f7 <unknown>\n#7 0x563a4fec7e4e <unknown>\n#8 0x563a5016b87b <unknown>\n#9 0x563a5016f921 <unknown>\n#10 0x563a5015736e <unknown>\n#11 0x563a50170482 <unknown>\n#12 0x563a5013bccf <unknown>\n#13 0x563a501950a8 <unknown>\n#14 0x563a50195280 <unknown>\n#15 0x563a501a47dc <unknown>\n#16 0x7fc078894ac3 <unknown>",
        "time" : {
          "start" : 1719329829862,
          "stop" : 1719329830051,
          "duration" : 189
        }
      }, {
        "uid" : "ab1d769c45b8466f",
        "reportUrl" : "https://YuryHerasimau.github.io/selenium_waits/7//#testresult/ab1d769c45b8466f",
        "status" : "broken",
        "statusDetails" : "selenium.common.exceptions.SessionNotCreatedException: Message: session not created: Chrome failed to start: exited normally.\n  (session not created: DevToolsActivePort file doesn't exist)\n  (The process started from chrome location /usr/bin/google-chrome is no longer running, so ChromeDriver is assuming that Chrome has crashed.)\nStacktrace:\n#0 0x559d7bf4b6aa <unknown>\n#1 0x559d7bc2e0dc <unknown>\n#2 0x559d7bc6302a <unknown>\n#3 0x559d7bc5f43b <unknown>\n#4 0x559d7bca9ef9 <unknown>\n#5 0x559d7bc9d613 <unknown>\n#6 0x559d7bc6d4f7 <unknown>\n#7 0x559d7bc6de4e <unknown>\n#8 0x559d7bf1187b <unknown>\n#9 0x559d7bf15921 <unknown>\n#10 0x559d7befd36e <unknown>\n#11 0x559d7bf16482 <unknown>\n#12 0x559d7bee1ccf <unknown>\n#13 0x559d7bf3b0a8 <unknown>\n#14 0x559d7bf3b280 <unknown>\n#15 0x559d7bf4a7dc <unknown>\n#16 0x7f4c4fe94ac3 <unknown>",
        "time" : {
          "start" : 1719329347906,
          "stop" : 1719329348203,
          "duration" : 297
        }
      }, {
        "uid" : "f8b194d80557e05e",
        "reportUrl" : "https://YuryHerasimau.github.io/selenium_waits/6//#testresult/f8b194d80557e05e",
        "status" : "broken",
        "statusDetails" : "selenium.common.exceptions.SessionNotCreatedException: Message: session not created: Chrome failed to start: exited normally.\n  (session not created: DevToolsActivePort file doesn't exist)\n  (The process started from chrome location /usr/bin/google-chrome is no longer running, so ChromeDriver is assuming that Chrome has crashed.)\nStacktrace:\n#0 0x5582de5366aa <unknown>\n#1 0x5582de2190dc <unknown>\n#2 0x5582de24e02a <unknown>\n#3 0x5582de24a43b <unknown>\n#4 0x5582de294ef9 <unknown>\n#5 0x5582de288613 <unknown>\n#6 0x5582de2584f7 <unknown>\n#7 0x5582de258e4e <unknown>\n#8 0x5582de4fc87b <unknown>\n#9 0x5582de500921 <unknown>\n#10 0x5582de4e836e <unknown>\n#11 0x5582de501482 <unknown>\n#12 0x5582de4ccccf <unknown>\n#13 0x5582de5260a8 <unknown>\n#14 0x5582de526280 <unknown>\n#15 0x5582de5357dc <unknown>\n#16 0x7f7f75294ac3 <unknown>",
        "time" : {
          "start" : 1719328464047,
          "stop" : 1719328464229,
          "duration" : 182
        }
      }, {
        "uid" : "f4a3b9a1f7939696",
        "reportUrl" : "https://YuryHerasimau.github.io/selenium_waits/5//#testresult/f4a3b9a1f7939696",
        "status" : "broken",
        "statusDetails" : "selenium.common.exceptions.SessionNotCreatedException: Message: session not created: Chrome failed to start: exited normally.\n  (session not created: DevToolsActivePort file doesn't exist)\n  (The process started from chrome location /usr/bin/google-chrome is no longer running, so ChromeDriver is assuming that Chrome has crashed.)\nStacktrace:\n#0 0x5558aadd66aa <unknown>\n#1 0x5558aaab90dc <unknown>\n#2 0x5558aaaee02a <unknown>\n#3 0x5558aaaea43b <unknown>\n#4 0x5558aab34ef9 <unknown>\n#5 0x5558aab28613 <unknown>\n#6 0x5558aaaf84f7 <unknown>\n#7 0x5558aaaf8e4e <unknown>\n#8 0x5558aad9c87b <unknown>\n#9 0x5558aada0921 <unknown>\n#10 0x5558aad8836e <unknown>\n#11 0x5558aada1482 <unknown>\n#12 0x5558aad6cccf <unknown>\n#13 0x5558aadc60a8 <unknown>\n#14 0x5558aadc6280 <unknown>\n#15 0x5558aadd57dc <unknown>\n#16 0x7f4e55694ac3 <unknown>",
        "time" : {
          "start" : 1719327466934,
          "stop" : 1719327467333,
          "duration" : 399
        }
      }, {
        "uid" : "73a7d6b4ee13e34a",
        "reportUrl" : "https://YuryHerasimau.github.io/selenium_waits/4//#testresult/73a7d6b4ee13e34a",
        "status" : "broken",
        "statusDetails" : "selenium.common.exceptions.SessionNotCreatedException: Message: session not created: Chrome failed to start: exited normally.\n  (session not created: DevToolsActivePort file doesn't exist)\n  (The process started from chrome location /usr/bin/google-chrome is no longer running, so ChromeDriver is assuming that Chrome has crashed.)\nStacktrace:\n#0 0x5633e3c886aa <unknown>\n#1 0x5633e396b0dc <unknown>\n#2 0x5633e39a002a <unknown>\n#3 0x5633e399c43b <unknown>\n#4 0x5633e39e6ef9 <unknown>\n#5 0x5633e39da613 <unknown>\n#6 0x5633e39aa4f7 <unknown>\n#7 0x5633e39aae4e <unknown>\n#8 0x5633e3c4e87b <unknown>\n#9 0x5633e3c52921 <unknown>\n#10 0x5633e3c3a36e <unknown>\n#11 0x5633e3c53482 <unknown>\n#12 0x5633e3c1eccf <unknown>\n#13 0x5633e3c780a8 <unknown>\n#14 0x5633e3c78280 <unknown>\n#15 0x5633e3c877dc <unknown>\n#16 0x7ff989c94ac3 <unknown>",
        "time" : {
          "start" : 1719326203064,
          "stop" : 1719326203247,
          "duration" : 183
        }
      }, {
        "uid" : "86246204639cca24",
        "reportUrl" : "https://YuryHerasimau.github.io/selenium_waits/3//#testresult/86246204639cca24",
        "status" : "broken",
        "statusDetails" : "selenium.common.exceptions.SessionNotCreatedException: Message: session not created: Chrome failed to start: exited normally.\n  (session not created: DevToolsActivePort file doesn't exist)\n  (The process started from chrome location /usr/bin/google-chrome is no longer running, so ChromeDriver is assuming that Chrome has crashed.)\nStacktrace:\n#0 0x556d77e9c6aa <unknown>\n#1 0x556d77b7f0dc <unknown>\n#2 0x556d77bb402a <unknown>\n#3 0x556d77bb043b <unknown>\n#4 0x556d77bfaef9 <unknown>\n#5 0x556d77bee613 <unknown>\n#6 0x556d77bbe4f7 <unknown>\n#7 0x556d77bbee4e <unknown>\n#8 0x556d77e6287b <unknown>\n#9 0x556d77e66921 <unknown>\n#10 0x556d77e4e36e <unknown>\n#11 0x556d77e67482 <unknown>\n#12 0x556d77e32ccf <unknown>\n#13 0x556d77e8c0a8 <unknown>\n#14 0x556d77e8c280 <unknown>\n#15 0x556d77e9b7dc <unknown>\n#16 0x7fcdd0e94ac3 <unknown>",
        "time" : {
          "start" : 1719324158003,
          "stop" : 1719324158186,
          "duration" : 183
        }
      }, {
        "uid" : "7669959df3874bc8",
        "reportUrl" : "https://YuryHerasimau.github.io/selenium_waits/2//#testresult/7669959df3874bc8",
        "status" : "broken",
        "statusDetails" : "selenium.common.exceptions.SessionNotCreatedException: Message: session not created: Chrome failed to start: exited normally.\n  (session not created: DevToolsActivePort file doesn't exist)\n  (The process started from chrome location /usr/bin/google-chrome is no longer running, so ChromeDriver is assuming that Chrome has crashed.)\nStacktrace:\n#0 0x5568b9b176aa <unknown>\n#1 0x5568b97fa0dc <unknown>\n#2 0x5568b982f02a <unknown>\n#3 0x5568b982b43b <unknown>\n#4 0x5568b9875ef9 <unknown>\n#5 0x5568b9869613 <unknown>\n#6 0x5568b98394f7 <unknown>\n#7 0x5568b9839e4e <unknown>\n#8 0x5568b9add87b <unknown>\n#9 0x5568b9ae1921 <unknown>\n#10 0x5568b9ac936e <unknown>\n#11 0x5568b9ae2482 <unknown>\n#12 0x5568b9aadccf <unknown>\n#13 0x5568b9b070a8 <unknown>\n#14 0x5568b9b07280 <unknown>\n#15 0x5568b9b167dc <unknown>\n#16 0x7f1f32c94ac3 <unknown>",
        "time" : {
          "start" : 1719324130932,
          "stop" : 1719324131115,
          "duration" : 183
        }
      }, {
        "uid" : "e616bfbacbc17e1a",
        "reportUrl" : "https://YuryHerasimau.github.io/selenium_waits/1//#testresult/e616bfbacbc17e1a",
        "status" : "broken",
        "statusDetails" : "selenium.common.exceptions.SessionNotCreatedException: Message: session not created: Chrome failed to start: exited normally.\n  (session not created: DevToolsActivePort file doesn't exist)\n  (The process started from chrome location /usr/bin/google-chrome is no longer running, so ChromeDriver is assuming that Chrome has crashed.)\nStacktrace:\n#0 0x55c099bd26aa <unknown>\n#1 0x55c0998b50dc <unknown>\n#2 0x55c0998ea02a <unknown>\n#3 0x55c0998e643b <unknown>\n#4 0x55c099930ef9 <unknown>\n#5 0x55c099924613 <unknown>\n#6 0x55c0998f44f7 <unknown>\n#7 0x55c0998f4e4e <unknown>\n#8 0x55c099b9887b <unknown>\n#9 0x55c099b9c921 <unknown>\n#10 0x55c099b8436e <unknown>\n#11 0x55c099b9d482 <unknown>\n#12 0x55c099b68ccf <unknown>\n#13 0x55c099bc20a8 <unknown>\n#14 0x55c099bc2280 <unknown>\n#15 0x55c099bd17dc <unknown>\n#16 0x7f1eadc94ac3 <unknown>",
        "time" : {
          "start" : 1719323939382,
          "stop" : 1719323939569,
          "duration" : 187
        }
      } ]
    },
    "tags" : [ "Authentication", "Essentials", "NewUI" ]
  },
  "source" : "6c23edb019a2ca96.json",
  "parameterValues" : [ ]
}