{
  "uid" : "4b4757e66a1912dae1a509f688f20b0f",
  "children" : [ {
    "name" : "Test defects",
    "children" : [ {
      "name" : "selenium.common.exceptions.SessionNotCreatedException: Message: session not created: Chrome failed to start: exited normally.\n  (session not created: DevToolsActivePort file doesn't exist)\n  (The process started from chrome location /usr/bin/google-chrome is no longer running, so ChromeDriver is assuming that Chrome has crashed.)\nStacktrace:\n#0 0x561cc508d6aa <unknown>\n#1 0x561cc4d700dc <unknown>\n#2 0x561cc4da502a <unknown>\n#3 0x561cc4da143b <unknown>\n#4 0x561cc4debef9 <unknown>\n#5 0x561cc4ddf613 <unknown>\n#6 0x561cc4daf4f7 <unknown>\n#7 0x561cc4dafe4e <unknown>\n#8 0x561cc505387b <unknown>\n#9 0x561cc5057921 <unknown>\n#10 0x561cc503f36e <unknown>\n#11 0x561cc5058482 <unknown>\n#12 0x561cc5023ccf <unknown>\n#13 0x561cc507d0a8 <unknown>\n#14 0x561cc507d280 <unknown>\n#15 0x561cc508c7dc <unknown>\n#16 0x7f004c694ac3 <unknown>",
      "children" : [ {
        "name" : "test_auth_positive",
        "uid" : "efe7721240b96a2b",
        "parentUid" : "f9941ffa7d753c54fbe9f56872d13d07",
        "status" : "broken",
        "time" : {
          "start" : 1719324155749,
          "stop" : 1719324155749,
          "duration" : 0
        },
        "flaky" : false,
        "newFailed" : false,
        "parameters" : [ ]
      } ],
      "uid" : "f9941ffa7d753c54fbe9f56872d13d07"
    }, {
      "name" : "selenium.common.exceptions.SessionNotCreatedException: Message: session not created: Chrome failed to start: exited normally.\n  (session not created: DevToolsActivePort file doesn't exist)\n  (The process started from chrome location /usr/bin/google-chrome is no longer running, so ChromeDriver is assuming that Chrome has crashed.)\nStacktrace:\n#0 0x556d77e9c6aa <unknown>\n#1 0x556d77b7f0dc <unknown>\n#2 0x556d77bb402a <unknown>\n#3 0x556d77bb043b <unknown>\n#4 0x556d77bfaef9 <unknown>\n#5 0x556d77bee613 <unknown>\n#6 0x556d77bbe4f7 <unknown>\n#7 0x556d77bbee4e <unknown>\n#8 0x556d77e6287b <unknown>\n#9 0x556d77e66921 <unknown>\n#10 0x556d77e4e36e <unknown>\n#11 0x556d77e67482 <unknown>\n#12 0x556d77e32ccf <unknown>\n#13 0x556d77e8c0a8 <unknown>\n#14 0x556d77e8c280 <unknown>\n#15 0x556d77e9b7dc <unknown>\n#16 0x7fcdd0e94ac3 <unknown>",
      "children" : [ {
        "name" : "Test Authentication",
        "uid" : "86246204639cca24",
        "parentUid" : "e92b650e0714e95f4667bb014ce6b629",
        "status" : "broken",
        "time" : {
          "start" : 1719324158003,
          "stop" : 1719324158186,
          "duration" : 183
        },
        "flaky" : false,
        "newFailed" : false,
        "parameters" : [ ]
      } ],
      "uid" : "e92b650e0714e95f4667bb014ce6b629"
    }, {
      "name" : "selenium.common.exceptions.SessionNotCreatedException: Message: session not created: Chrome failed to start: exited normally.\n  (session not created: DevToolsActivePort file doesn't exist)\n  (The process started from chrome location /usr/bin/google-chrome is no longer running, so ChromeDriver is assuming that Chrome has crashed.)\nStacktrace:\n#0 0x5565932566aa <unknown>\n#1 0x556592f390dc <unknown>\n#2 0x556592f6e02a <unknown>\n#3 0x556592f6a43b <unknown>\n#4 0x556592fb4ef9 <unknown>\n#5 0x556592fa8613 <unknown>\n#6 0x556592f784f7 <unknown>\n#7 0x556592f78e4e <unknown>\n#8 0x55659321c87b <unknown>\n#9 0x556593220921 <unknown>\n#10 0x55659320836e <unknown>\n#11 0x556593221482 <unknown>\n#12 0x5565931ecccf <unknown>\n#13 0x5565932460a8 <unknown>\n#14 0x556593246280 <unknown>\n#15 0x5565932557dc <unknown>\n#16 0x7f27af694ac3 <unknown>",
      "children" : [ {
        "name" : "test_register_with_explicit_waits",
        "uid" : "8bd7812f8d396815",
        "parentUid" : "1a510f4b323f3a90f5ab7178d11e33ae",
        "status" : "broken",
        "time" : {
          "start" : 1719324158466,
          "stop" : 1719324158466,
          "duration" : 0
        },
        "flaky" : false,
        "newFailed" : false,
        "parameters" : [ ]
      } ],
      "uid" : "1a510f4b323f3a90f5ab7178d11e33ae"
    }, {
      "name" : "selenium.common.exceptions.SessionNotCreatedException: Message: session not created: Chrome failed to start: exited normally.\n  (session not created: DevToolsActivePort file doesn't exist)\n  (The process started from chrome location /usr/bin/google-chrome is no longer running, so ChromeDriver is assuming that Chrome has crashed.)\nStacktrace:\n#0 0x5604aee696aa <unknown>\n#1 0x5604aeb4c0dc <unknown>\n#2 0x5604aeb8102a <unknown>\n#3 0x5604aeb7d43b <unknown>\n#4 0x5604aebc7ef9 <unknown>\n#5 0x5604aebbb613 <unknown>\n#6 0x5604aeb8b4f7 <unknown>\n#7 0x5604aeb8be4e <unknown>\n#8 0x5604aee2f87b <unknown>\n#9 0x5604aee33921 <unknown>\n#10 0x5604aee1b36e <unknown>\n#11 0x5604aee34482 <unknown>\n#12 0x5604aedffccf <unknown>\n#13 0x5604aee590a8 <unknown>\n#14 0x5604aee59280 <unknown>\n#15 0x5604aee687dc <unknown>\n#16 0x7fc86c294ac3 <unknown>",
      "children" : [ {
        "name" : "test_register_with_implicit_waits",
        "uid" : "7399974e95d4279e",
        "parentUid" : "56b8bc15f7129dd065fb1697b2bb01bc",
        "status" : "broken",
        "time" : {
          "start" : 1719324158677,
          "stop" : 1719324158677,
          "duration" : 0
        },
        "flaky" : false,
        "newFailed" : false,
        "parameters" : [ ]
      } ],
      "uid" : "56b8bc15f7129dd065fb1697b2bb01bc"
    }, {
      "name" : "selenium.common.exceptions.SessionNotCreatedException: Message: session not created: Chrome failed to start: exited normally.\n  (session not created: DevToolsActivePort file doesn't exist)\n  (The process started from chrome location /usr/bin/google-chrome is no longer running, so ChromeDriver is assuming that Chrome has crashed.)\nStacktrace:\n#0 0x558a44d4c6aa <unknown>\n#1 0x558a44a2f0dc <unknown>\n#2 0x558a44a6402a <unknown>\n#3 0x558a44a6043b <unknown>\n#4 0x558a44aaaef9 <unknown>\n#5 0x558a44a9e613 <unknown>\n#6 0x558a44a6e4f7 <unknown>\n#7 0x558a44a6ee4e <unknown>\n#8 0x558a44d1287b <unknown>\n#9 0x558a44d16921 <unknown>\n#10 0x558a44cfe36e <unknown>\n#11 0x558a44d17482 <unknown>\n#12 0x558a44ce2ccf <unknown>\n#13 0x558a44d3c0a8 <unknown>\n#14 0x558a44d3c280 <unknown>\n#15 0x558a44d4b7dc <unknown>\n#16 0x7feb6e894ac3 <unknown>",
      "children" : [ {
        "name" : "test_register_with_time_sleep",
        "uid" : "9777d0db6e5d505d",
        "parentUid" : "01644a52661ebff356b31b899c2d3179",
        "status" : "broken",
        "time" : {
          "start" : 1719324158887,
          "stop" : 1719324158887,
          "duration" : 0
        },
        "flaky" : false,
        "newFailed" : false,
        "parameters" : [ ]
      } ],
      "uid" : "01644a52661ebff356b31b899c2d3179"
    } ],
    "uid" : "bdbf199525818fae7a8651db9eafe741"
  } ],
  "name" : "categories"
}